-----iteration-----: 1
-- TEST Tap The Dot Android Login passed
-- TEST Tap The Dot Android play 3 taps passed
-- TEST AppStore android Download failed 1 times: org.openqa.selenium.NoSuchElementException: no such element (An element could not be located on the page using the given search parameters (XPATH='//*[@text='Install']'))  (WARNING: The server did not provide any stacktrace information)
Command duration or timeout: 0 milliseconds
For documentation on this error, please visit: https://www.seleniumhq.org/exceptions/no_such_element.html
Build info: version: '3.141.59', revision: 'e82be7d358', time: '2018-11-14T08:17:03'
System info: host: 'YGEVA-LT', ip: '192.168.0.101', os.name: 'Windows 10', os.arch: 'amd64', os.version: '10.0', java.version: '15.0.1'
Driver info: io.appium.java_client.android.AndroidDriver
Capabilities {appActivity: .AssetBrowserActivity, appBuildVersion: , appPackage: com.android.vending, appReleaseVersion: , appiumVersion: 1.8.0, applicationClearData: false, autoAcceptAlerts: false, autoDismissAlerts: false, autoGrantPermissions: false, autoWebview: false, commandTimeouts: 120000, desired: {appActivity: .AssetBrowserActivity, appPackage: com.android.vending, platformName: Android, udid: 8d141db5}, device.category: PHONE, device.majorVersion: 9, device.manufacture: Xiaomi, device.model: POCOPHONE F1, device.name: Xiaomi POCOPHONE F1, device.os: Android, device.screenSize: 1080x2246, device.serialNumber: 8d141db5, device.version: 9, deviceUDID: 8d141db5, dontGoHomeOnQuit: false, dontStopAppOnReset: false, ehmPrefixUrl: /agent-3540344, ehmUrl: https://qaregion.experitest..., fullReset: false, gridNodePort: 7832, install.only.for.update: false, installOnlyForUpdate: false, instrumentApp: false, javascriptEnabled: true, keystorePath: ~/.android/debug.keystore, locationServicesAuthorized: false, newSessionWaitTimeout: 600, noReset: false, platform: ANDROID, platformName: Android, projectName: , reportDirectory: reports, reportFormat: xml, reportTestId: 8041, reportUrl: https://qacloud.experitest...., reservationDuration: 240, takeScreenshots: true, test.type: Mobile, testName: mobile test 01/19/21 08:42 PM, udid: 8d141db5, useKeystore: false, waitForDeviceTimeout: 120000}
Session ID: CLOUD-SID:2021-01-19_20-38-05-e1d11c59-26db-49ae-a21c-6c4fabe56f91
*** Element info: {Using=xpath, value=//*[@text='Install']}
-- TEST AppStore android Download failed 2 times: org.openqa.selenium.NoSuchElementException: no such element (An element could not be located on the page using the given search parameters (XPATH='//*[@text='Install']'))  (WARNING: The server did not provide any stacktrace information)
Command duration or timeout: 0 milliseconds
For documentation on this error, please visit: https://www.seleniumhq.org/exceptions/no_such_element.html
Build info: version: '3.141.59', revision: 'e82be7d358', time: '2018-11-14T08:17:03'
System info: host: 'YGEVA-LT', ip: '192.168.0.101', os.name: 'Windows 10', os.arch: 'amd64', os.version: '10.0', java.version: '15.0.1'
Driver info: io.appium.java_client.android.AndroidDriver
Capabilities {appActivity: .AssetBrowserActivity, appBuildVersion: , appPackage: com.android.vending, appReleaseVersion: , appiumVersion: 1.8.0, applicationClearData: false, autoAcceptAlerts: false, autoDismissAlerts: false, autoGrantPermissions: false, autoWebview: false, commandTimeouts: 120000, desired: {appActivity: .AssetBrowserActivity, appPackage: com.android.vending, platformName: Android, udid: 8d141db5}, device.category: PHONE, device.majorVersion: 9, device.manufacture: Xiaomi, device.model: POCOPHONE F1, device.name: Xiaomi POCOPHONE F1, device.os: Android, device.screenSize: 1080x2246, device.serialNumber: 8d141db5, device.version: 9, deviceUDID: 8d141db5, dontGoHomeOnQuit: false, dontStopAppOnReset: false, ehmPrefixUrl: /agent-3540344, ehmUrl: https://qaregion.experitest..., fullReset: false, gridNodePort: 7832, install.only.for.update: false, installOnlyForUpdate: false, instrumentApp: false, javascriptEnabled: true, keystorePath: ~/.android/debug.keystore, locationServicesAuthorized: false, newSessionWaitTimeout: 600, noReset: false, platform: ANDROID, platformName: Android, projectName: , reportDirectory: reports, reportFormat: xml, reportTestId: 8042, reportUrl: https://qacloud.experitest...., reservationDuration: 240, takeScreenshots: true, test.type: Mobile, testName: mobile test 01/19/21 08:43 PM, udid: 8d141db5, useKeystore: false, waitForDeviceTimeout: 120000}
Session ID: CLOUD-SID:2021-01-19_20-38-05-e1d11c59-26db-49ae-a21c-6c4fabe56f91
*** Element info: {Using=xpath, value=//*[@text='Install']}
-- TEST AppStore android Download failed 3 times: org.openqa.selenium.NoSuchElementException: no such element (An element could not be located on the page using the given search parameters (XPATH='//*[@text='Install']'))  (WARNING: The server did not provide any stacktrace information)
Command duration or timeout: 0 milliseconds
For documentation on this error, please visit: https://www.seleniumhq.org/exceptions/no_such_element.html
Build info: version: '3.141.59', revision: 'e82be7d358', time: '2018-11-14T08:17:03'
System info: host: 'YGEVA-LT', ip: '192.168.0.101', os.name: 'Windows 10', os.arch: 'amd64', os.version: '10.0', java.version: '15.0.1'
Driver info: io.appium.java_client.android.AndroidDriver
Capabilities {appActivity: .AssetBrowserActivity, appBuildVersion: , appPackage: com.android.vending, appReleaseVersion: , appiumVersion: 1.8.0, applicationClearData: false, autoAcceptAlerts: false, autoDismissAlerts: false, autoGrantPermissions: false, autoWebview: false, commandTimeouts: 120000, desired: {appActivity: .AssetBrowserActivity, appPackage: com.android.vending, platformName: Android, udid: 8d141db5}, device.category: PHONE, device.majorVersion: 9, device.manufacture: Xiaomi, device.model: POCOPHONE F1, device.name: Xiaomi POCOPHONE F1, device.os: Android, device.screenSize: 1080x2246, device.serialNumber: 8d141db5, device.version: 9, deviceUDID: 8d141db5, dontGoHomeOnQuit: false, dontStopAppOnReset: false, ehmPrefixUrl: /agent-3540344, ehmUrl: https://qaregion.experitest..., fullReset: false, gridNodePort: 7832, install.only.for.update: false, installOnlyForUpdate: false, instrumentApp: false, javascriptEnabled: true, keystorePath: ~/.android/debug.keystore, locationServicesAuthorized: false, newSessionWaitTimeout: 600, noReset: false, platform: ANDROID, platformName: Android, projectName: , reportDirectory: reports, reportFormat: xml, reportTestId: 8047, reportUrl: https://qacloud.experitest...., reservationDuration: 240, takeScreenshots: true, test.type: Mobile, testName: mobile test 01/19/21 08:47 PM, udid: 8d141db5, useKeystore: false, waitForDeviceTimeout: 120000}
Session ID: CLOUD-SID:2021-01-19_20-38-05-e1d11c59-26db-49ae-a21c-6c4fabe56f91
*** Element info: {Using=xpath, value=//*[@text='Install']}
-- TEST AppStore android top10 failed 4 times: org.openqa.selenium.WebDriverException: java.net.ConnectException: Failed to connect to qacloud.experitest.com/192.168.6.19:443
Build info: version: '3.141.59', revision: 'e82be7d358', time: '2018-11-14T08:17:03'
System info: host: 'YGEVA-LT', ip: '192.168.0.101', os.name: 'Windows 10', os.arch: 'amd64', os.version: '10.0', java.version: '15.0.1'
Driver info: driver.version: AndroidDriver
-- TEST AppStore android  failed 1 times: org.openqa.selenium.SessionNotCreatedException: Unable to create a new remote session. Original error: Failed to connect to qacloud.experitest.com/192.168.6.19:443
Build info: version: '3.141.59', revision: 'e82be7d358', time: '2018-11-14T08:17:03'
System info: host: 'YGEVA-LT', ip: '192.168.0.101', os.name: 'Windows 10', os.arch: 'amd64', os.version: '10.0', java.version: '15.0.1'
Driver info: driver.version: AndroidDriver
-- TEST AppStore android  failed 2 times: org.openqa.selenium.SessionNotCreatedException: Unable to create a new remote session. Original error: Failed to connect to qacloud.experitest.com/192.168.6.19:443
Build info: version: '3.141.59', revision: 'e82be7d358', time: '2018-11-14T08:17:03'
System info: host: 'YGEVA-LT', ip: '192.168.0.101', os.name: 'Windows 10', os.arch: 'amd64', os.version: '10.0', java.version: '15.0.1'
Driver info: driver.version: AndroidDriver
-- TEST null failed 1 times: org.openqa.selenium.SessionNotCreatedException: Unable to create a new remote session. Original error: Failed to connect to qacloud.experitest.com/192.168.6.19:443
Build info: version: '3.141.59', revision: 'e82be7d358', time: '2018-11-14T08:17:03'
System info: host: 'YGEVA-LT', ip: '192.168.0.101', os.name: 'Windows 10', os.arch: 'amd64', os.version: '10.0', java.version: '15.0.1'
Driver info: driver.version: AndroidDriver
-- TEST null failed 2 times: org.openqa.selenium.SessionNotCreatedException: Unable to create a new remote session. Original error: Failed to connect to qacloud.experitest.com/192.168.6.19:443
Build info: version: '3.141.59', revision: 'e82be7d358', time: '2018-11-14T08:17:03'
System info: host: 'YGEVA-LT', ip: '192.168.0.101', os.name: 'Windows 10', os.arch: 'amd64', os.version: '10.0', java.version: '15.0.1'
Driver info: driver.version: AndroidDriver
-- TEST EriBank Android failed 1 times: org.openqa.selenium.SessionNotCreatedException: Unable to create a new remote session. Original error: Failed to connect to qacloud.experitest.com/192.168.6.19:443
Build info: version: '3.141.59', revision: 'e82be7d358', time: '2018-11-14T08:17:03'
System info: host: 'YGEVA-LT', ip: '192.168.0.101', os.name: 'Windows 10', os.arch: 'amd64', os.version: '10.0', java.version: '15.0.1'
Driver info: driver.version: AndroidDriver
-- TEST EriBank Android failed 2 times: org.openqa.selenium.SessionNotCreatedException: Unable to create a new remote session. Original error: Failed to connect to qacloud.experitest.com/192.168.6.19:443
Build info: version: '3.141.59', revision: 'e82be7d358', time: '2018-11-14T08:17:03'
System info: host: 'YGEVA-LT', ip: '192.168.0.101', os.name: 'Windows 10', os.arch: 'amd64', os.version: '10.0', java.version: '15.0.1'
Driver info: driver.version: AndroidDriver
