-----iteration-----: 1
-- TEST Tap The Dot Android Login failed 1 times: org.openqa.selenium.NoSuchElementException: no such element (An element could not be located on the page using the given search parameters (XPATH='//*[@id='verifyNameTextBox']'))  (WARNING: The server did not provide any stacktrace information)
Command duration or timeout: 0 milliseconds
For documentation on this error, please visit: https://www.seleniumhq.org/exceptions/no_such_element.html
Build info: version: '3.141.59', revision: 'e82be7d358', time: '2018-11-14T08:17:03'
System info: host: 'YGEVA-LT', ip: '192.168.0.101', os.name: 'Windows 10', os.arch: 'amd64', os.version: '10.0', java.version: '15.0.1'
Driver info: io.appium.java_client.android.AndroidDriver
Capabilities {app: cloud:com.example.tapthedot..., appActivity: .MainActivity, appBuildVersion: , appPackage: com.example.tapthedot, appReleaseVersion: , appiumVersion: 1.8.0, applicationClearData: false, autoAcceptAlerts: false, autoDismissAlerts: false, autoGrantPermissions: false, autoWebview: false, cloudViewLink: https://qacloud.experitest...., commandTimeouts: 120000, desired: {app: cloud:com.example.tapthedot..., appActivity: .MainActivity, appPackage: com.example.tapthedot, platformName: Android, udid: 5LFU49SOD6DISC75}, device.category: PHONE, device.majorVersion: 5, device.manufacture: OPPO, device.model: A1601, device.name: OPPO A1601, device.os: Android, device.screenSize: 720x1280, device.serialNumber: 5LFU49SOD6DISC75, device.version: 5.1, deviceUDID: 5LFU49SOD6DISC75, dontGoHomeOnQuit: false, dontStopAppOnReset: false, ehmPrefixUrl: /agent-3419115, ehmUrl: https://qacloud.experitest...., fullReset: false, gridNodePort: 7791, install.only.for.update: false, installOnlyForUpdate: false, instrumentApp: false, javascriptEnabled: true, keystorePath: ~/.android/debug.keystore, locationServicesAuthorized: false, newSessionWaitTimeout: 600, noReset: false, platform: ANDROID, platformName: Android, projectName: , reportDirectory: reports, reportFormat: xml, reportTestId: 7902, reportUrl: https://qacloud.experitest...., reservationDuration: 240, takeScreenshots: true, test.type: Mobile, testName: mobile test 01/19/21 03:27 PM, udid: 5LFU49SOD6DISC75, useKeystore: false, waitForDeviceTimeout: 120000}
Session ID: CLOUD-SID:2021-01-19_15-26-32-c4d9de4b-6856-49f8-a0ba-ce7c0955c4b6
*** Element info: {Using=xpath, value=//*[@id='verifyNameTextBox']}
-- TEST Tap The Dot Android Login failed 2 times: org.openqa.selenium.NoSuchElementException: no such element (An element could not be located on the page using the given search parameters (XPATH='//*[@id='verifyNameTextBox']'))  (WARNING: The server did not provide any stacktrace information)
Command duration or timeout: 0 milliseconds
For documentation on this error, please visit: https://www.seleniumhq.org/exceptions/no_such_element.html
Build info: version: '3.141.59', revision: 'e82be7d358', time: '2018-11-14T08:17:03'
System info: host: 'YGEVA-LT', ip: '192.168.0.101', os.name: 'Windows 10', os.arch: 'amd64', os.version: '10.0', java.version: '15.0.1'
Driver info: io.appium.java_client.android.AndroidDriver
Capabilities {app: cloud:com.example.tapthedot..., appActivity: .MainActivity, appBuildVersion: , appPackage: com.example.tapthedot, appReleaseVersion: , appiumVersion: 1.8.0, applicationClearData: false, autoAcceptAlerts: false, autoDismissAlerts: false, autoGrantPermissions: false, autoWebview: false, cloudViewLink: https://qacloud.experitest...., commandTimeouts: 120000, desired: {app: cloud:com.example.tapthedot..., appActivity: .MainActivity, appPackage: com.example.tapthedot, platformName: Android, udid: 5LFU49SOD6DISC75}, device.category: PHONE, device.majorVersion: 5, device.manufacture: OPPO, device.model: A1601, device.name: OPPO A1601, device.os: Android, device.screenSize: 720x1280, device.serialNumber: 5LFU49SOD6DISC75, device.version: 5.1, deviceUDID: 5LFU49SOD6DISC75, dontGoHomeOnQuit: false, dontStopAppOnReset: false, ehmPrefixUrl: /agent-3419115, ehmUrl: https://qacloud.experitest...., fullReset: false, gridNodePort: 7793, install.only.for.update: false, installOnlyForUpdate: false, instrumentApp: false, javascriptEnabled: true, keystorePath: ~/.android/debug.keystore, locationServicesAuthorized: false, newSessionWaitTimeout: 600, noReset: false, platform: ANDROID, platformName: Android, projectName: , reportDirectory: reports, reportFormat: xml, reportTestId: 7905, reportUrl: https://qacloud.experitest...., reservationDuration: 240, takeScreenshots: true, test.type: Mobile, testName: mobile test 01/19/21 03:29 PM, udid: 5LFU49SOD6DISC75, useKeystore: false, waitForDeviceTimeout: 120000}
Session ID: CLOUD-SID:2021-01-19_15-29-06-f0e31e5e-ccc3-4001-8265-40ab56e97a19
*** Element info: {Using=xpath, value=//*[@id='verifyNameTextBox']}
-- TEST Tap The Dot Android Login failed 3 times: org.openqa.selenium.NoSuchElementException: no such element (An element could not be located on the page using the given search parameters (XPATH='//*[@id='verifyNameTextBox']'))  (WARNING: The server did not provide any stacktrace information)
Command duration or timeout: 0 milliseconds
For documentation on this error, please visit: https://www.seleniumhq.org/exceptions/no_such_element.html
Build info: version: '3.141.59', revision: 'e82be7d358', time: '2018-11-14T08:17:03'
System info: host: 'YGEVA-LT', ip: '192.168.0.101', os.name: 'Windows 10', os.arch: 'amd64', os.version: '10.0', java.version: '15.0.1'
Driver info: io.appium.java_client.android.AndroidDriver
Capabilities {app: cloud:com.example.tapthedot..., appActivity: .MainActivity, appBuildVersion: , appPackage: com.example.tapthedot, appReleaseVersion: , appiumVersion: 1.8.0, applicationClearData: false, autoAcceptAlerts: false, autoDismissAlerts: false, autoGrantPermissions: false, autoWebview: false, cloudViewLink: https://qacloud.experitest...., commandTimeouts: 120000, desired: {app: cloud:com.example.tapthedot..., appActivity: .MainActivity, appPackage: com.example.tapthedot, platformName: Android, udid: 5LFU49SOD6DISC75}, device.category: PHONE, device.majorVersion: 5, device.manufacture: OPPO, device.model: A1601, device.name: OPPO A1601, device.os: Android, device.screenSize: 720x1280, device.serialNumber: 5LFU49SOD6DISC75, device.version: 5.1, deviceUDID: 5LFU49SOD6DISC75, dontGoHomeOnQuit: false, dontStopAppOnReset: false, ehmPrefixUrl: /agent-3419115, ehmUrl: https://qacloud.experitest...., fullReset: false, gridNodePort: 7794, install.only.for.update: false, installOnlyForUpdate: false, instrumentApp: false, javascriptEnabled: true, keystorePath: ~/.android/debug.keystore, locationServicesAuthorized: false, newSessionWaitTimeout: 600, noReset: false, platform: ANDROID, platformName: Android, projectName: , reportDirectory: reports, reportFormat: xml, reportTestId: 7909, reportUrl: https://qacloud.experitest...., reservationDuration: 240, takeScreenshots: true, test.type: Mobile, testName: mobile test 01/19/21 03:31 PM, udid: 5LFU49SOD6DISC75, useKeystore: false, waitForDeviceTimeout: 120000}
Session ID: CLOUD-SID:2021-01-19_15-31-14-de703b52-ad8f-4414-9a56-36e4d6e22611
*** Element info: {Using=xpath, value=//*[@id='verifyNameTextBox']}
-- TEST Tap The Dot Android play 3 taps failed 4 times: org.openqa.selenium.NoSuchElementException: no such element (An element could not be located on the page using the given search parameters (XPATH='//*[@id='verifyNameTextBox']'))  (WARNING: The server did not provide any stacktrace information)
Command duration or timeout: 0 milliseconds
For documentation on this error, please visit: https://www.seleniumhq.org/exceptions/no_such_element.html
Build info: version: '3.141.59', revision: 'e82be7d358', time: '2018-11-14T08:17:03'
System info: host: 'YGEVA-LT', ip: '192.168.0.101', os.name: 'Windows 10', os.arch: 'amd64', os.version: '10.0', java.version: '15.0.1'
Driver info: io.appium.java_client.android.AndroidDriver
Capabilities {app: cloud:com.example.tapthedot..., appActivity: .MainActivity, appBuildVersion: , appPackage: com.example.tapthedot, appReleaseVersion: , appiumVersion: 1.8.0, applicationClearData: false, autoAcceptAlerts: false, autoDismissAlerts: false, autoGrantPermissions: false, autoWebview: false, cloudViewLink: https://qacloud.experitest...., commandTimeouts: 120000, desired: {app: cloud:com.example.tapthedot..., appActivity: .MainActivity, appPackage: com.example.tapthedot, platformName: Android, udid: 5LFU49SOD6DISC75}, device.category: PHONE, device.majorVersion: 5, device.manufacture: OPPO, device.model: A1601, device.name: OPPO A1601, device.os: Android, device.screenSize: 720x1280, device.serialNumber: 5LFU49SOD6DISC75, device.version: 5.1, deviceUDID: 5LFU49SOD6DISC75, dontGoHomeOnQuit: false, dontStopAppOnReset: false, ehmPrefixUrl: /agent-3419115, ehmUrl: https://qacloud.experitest...., fullReset: false, gridNodePort: 7795, install.only.for.update: false, installOnlyForUpdate: false, instrumentApp: false, javascriptEnabled: true, keystorePath: ~/.android/debug.keystore, locationServicesAuthorized: false, newSessionWaitTimeout: 600, noReset: false, platform: ANDROID, platformName: Android, projectName: , reportDirectory: reports, reportFormat: xml, reportTestId: 7912, reportUrl: https://qacloud.experitest...., reservationDuration: 240, takeScreenshots: true, test.type: Mobile, testName: mobile test 01/19/21 03:32 PM, udid: 5LFU49SOD6DISC75, useKeystore: false, waitForDeviceTimeout: 120000}
Session ID: CLOUD-SID:2021-01-19_15-32-27-a5d909d9-f6b1-4f8c-b63a-73e475ddbce4
*** Element info: {Using=xpath, value=//*[@id='verifyNameTextBox']}
-- TEST Tap The Dot Android play 3 taps failed 1 times: org.openqa.selenium.NoSuchElementException: no such element (An element could not be located on the page using the given search parameters (XPATH='//*[@id='verifyNameTextBox']'))  (WARNING: The server did not provide any stacktrace information)
Command duration or timeout: 0 milliseconds
For documentation on this error, please visit: https://www.seleniumhq.org/exceptions/no_such_element.html
Build info: version: '3.141.59', revision: 'e82be7d358', time: '2018-11-14T08:17:03'
System info: host: 'YGEVA-LT', ip: '192.168.0.101', os.name: 'Windows 10', os.arch: 'amd64', os.version: '10.0', java.version: '15.0.1'
Driver info: io.appium.java_client.android.AndroidDriver
Capabilities {app: cloud:com.example.tapthedot..., appActivity: .MainActivity, appBuildVersion: , appPackage: com.example.tapthedot, appReleaseVersion: , appiumVersion: 1.8.0, applicationClearData: false, autoAcceptAlerts: false, autoDismissAlerts: false, autoGrantPermissions: false, autoWebview: false, cloudViewLink: https://qacloud.experitest...., commandTimeouts: 120000, desired: {app: cloud:com.example.tapthedot..., appActivity: .MainActivity, appPackage: com.example.tapthedot, platformName: Android, udid: 5LFU49SOD6DISC75}, device.category: PHONE, device.majorVersion: 5, device.manufacture: OPPO, device.model: A1601, device.name: OPPO A1601, device.os: Android, device.screenSize: 720x1280, device.serialNumber: 5LFU49SOD6DISC75, device.version: 5.1, deviceUDID: 5LFU49SOD6DISC75, dontGoHomeOnQuit: false, dontStopAppOnReset: false, ehmPrefixUrl: /agent-3419115, ehmUrl: https://qacloud.experitest...., fullReset: false, gridNodePort: 7797, install.only.for.update: false, installOnlyForUpdate: false, instrumentApp: false, javascriptEnabled: true, keystorePath: ~/.android/debug.keystore, locationServicesAuthorized: false, newSessionWaitTimeout: 600, noReset: false, platform: ANDROID, platformName: Android, projectName: , reportDirectory: reports, reportFormat: xml, reportTestId: 7914, reportUrl: https://qacloud.experitest...., reservationDuration: 240, takeScreenshots: true, test.type: Mobile, testName: mobile test 01/19/21 03:33 PM, udid: 5LFU49SOD6DISC75, useKeystore: false, waitForDeviceTimeout: 120000}
Session ID: CLOUD-SID:2021-01-19_15-33-39-7af7f1bb-53fa-4672-8e61-d5155dfbeb95
*** Element info: {Using=xpath, value=//*[@id='verifyNameTextBox']}
-- TEST Tap The Dot Android play 3 taps failed 2 times: org.openqa.selenium.NoSuchElementException: no such element (An element could not be located on the page using the given search parameters (XPATH='//*[@id='verifyNameTextBox']'))  (WARNING: The server did not provide any stacktrace information)
Command duration or timeout: 0 milliseconds
For documentation on this error, please visit: https://www.seleniumhq.org/exceptions/no_such_element.html
Build info: version: '3.141.59', revision: 'e82be7d358', time: '2018-11-14T08:17:03'
System info: host: 'YGEVA-LT', ip: '192.168.0.101', os.name: 'Windows 10', os.arch: 'amd64', os.version: '10.0', java.version: '15.0.1'
Driver info: io.appium.java_client.android.AndroidDriver
Capabilities {app: cloud:com.example.tapthedot..., appActivity: .MainActivity, appBuildVersion: , appPackage: com.example.tapthedot, appReleaseVersion: , appiumVersion: 1.8.0, applicationClearData: false, autoAcceptAlerts: false, autoDismissAlerts: false, autoGrantPermissions: false, autoWebview: false, cloudViewLink: https://qacloud.experitest...., commandTimeouts: 120000, desired: {app: cloud:com.example.tapthedot..., appActivity: .MainActivity, appPackage: com.example.tapthedot, platformName: Android, udid: 5LFU49SOD6DISC75}, device.category: PHONE, device.majorVersion: 5, device.manufacture: OPPO, device.model: A1601, device.name: OPPO A1601, device.os: Android, device.screenSize: 720x1280, device.serialNumber: 5LFU49SOD6DISC75, device.version: 5.1, deviceUDID: 5LFU49SOD6DISC75, dontGoHomeOnQuit: false, dontStopAppOnReset: false, ehmPrefixUrl: /agent-3419115, ehmUrl: https://qacloud.experitest...., fullReset: false, gridNodePort: 7799, install.only.for.update: false, installOnlyForUpdate: false, instrumentApp: false, javascriptEnabled: true, keystorePath: ~/.android/debug.keystore, locationServicesAuthorized: false, newSessionWaitTimeout: 600, noReset: false, platform: ANDROID, platformName: Android, projectName: , reportDirectory: reports, reportFormat: xml, reportTestId: 7917, reportUrl: https://qacloud.experitest...., reservationDuration: 240, takeScreenshots: true, test.type: Mobile, testName: mobile test 01/19/21 03:35 PM, udid: 5LFU49SOD6DISC75, useKeystore: false, waitForDeviceTimeout: 120000}
Session ID: CLOUD-SID:2021-01-19_15-34-51-33fbdd7d-f2c3-4159-ab74-38eb4e976e5e
*** Element info: {Using=xpath, value=//*[@id='verifyNameTextBox']}
-- TEST AppStore android  failed 1 times: org.openqa.selenium.SessionNotCreatedException: Unable to create a new remote session. Please check the server log for more details. Original error: Connection prematurely closed BEFORE response (WARNING: The server did not provide any stacktrace information)
Command duration or timeout: 33.66 seconds
Build info: version: '3.141.59', revision: 'e82be7d358', time: '2018-11-14T08:17:03'
System info: host: 'YGEVA-LT', ip: '192.168.0.101', os.name: 'Windows 10', os.arch: 'amd64', os.version: '10.0', java.version: '15.0.1'
Driver info: driver.version: AndroidDriver
Build info: version: '3.141.59', revision: 'e82be7d358', time: '2018-11-14T08:17:03'
System info: host: 'YGEVA-LT', ip: '192.168.0.101', os.name: 'Windows 10', os.arch: 'amd64', os.version: '10.0', java.version: '15.0.1'
Driver info: driver.version: AndroidDriver
-- TEST AppStore android top10 passed
-- TEST Espn Android menu failed 1 times: java.lang.IndexOutOfBoundsException: Index 0 out of bounds for length 0
-- TEST Espn Android menu failed 2 times: java.lang.IndexOutOfBoundsException: Index 0 out of bounds for length 0
-- TEST Espn Android menu failed 3 times: java.lang.IndexOutOfBoundsException: Index 0 out of bounds for length 0
-- TEST Espn Android menu buttons  failed 4 times: java.lang.IndexOutOfBoundsException: Index 0 out of bounds for length 0
-- TEST Espn Android menu buttons  failed 1 times: java.lang.IndexOutOfBoundsException: Index 0 out of bounds for length 0
-- TEST Espn Android menu buttons  failed 2 times: java.lang.IndexOutOfBoundsException: Index 0 out of bounds for length 0
-- TEST EriBank android Login failed 1 times: org.openqa.selenium.NoSuchElementException: no such element (An element could not be located on the page using the given search parameters (ID='passwordTextField'))  (WARNING: The server did not provide any stacktrace information)
Command duration or timeout: 0 milliseconds
For documentation on this error, please visit: https://www.seleniumhq.org/exceptions/no_such_element.html
Build info: version: '3.141.59', revision: 'e82be7d358', time: '2018-11-14T08:17:03'
System info: host: 'YGEVA-LT', ip: '192.168.0.101', os.name: 'Windows 10', os.arch: 'amd64', os.version: '10.0', java.version: '15.0.1'
Driver info: io.appium.java_client.android.AndroidDriver
Capabilities {app: cloud:com.experitest.Experi..., appActivity: .LoginActivity, appBuildVersion: , appPackage: com.experitest.ExperiBank, appReleaseVersion: , appiumVersion: 1.8.0, applicationClearData: false, autoAcceptAlerts: false, autoDismissAlerts: false, autoGrantPermissions: false, autoWebview: false, cloudViewLink: https://qacloud.experitest...., commandTimeouts: 120000, desired: {app: cloud:com.experitest.Experi..., appActivity: .LoginActivity, appPackage: com.experitest.ExperiBank, platformName: Android, udid: 5LFU49SOD6DISC75}, device.category: PHONE, device.majorVersion: 5, device.manufacture: OPPO, device.model: A1601, device.name: OPPO A1601, device.os: Android, device.screenSize: 720x1280, device.serialNumber: 5LFU49SOD6DISC75, device.version: 5.1, deviceUDID: 5LFU49SOD6DISC75, dontGoHomeOnQuit: false, dontStopAppOnReset: false, ehmPrefixUrl: /agent-3419115, ehmUrl: https://qacloud.experitest...., fullReset: false, gridNodePort: 7794, install.only.for.update: false, installOnlyForUpdate: false, instrumentApp: false, javascriptEnabled: true, keystorePath: ~/.android/debug.keystore, locationServicesAuthorized: false, newSessionWaitTimeout: 600, noReset: false, platform: ANDROID, platformName: Android, projectName: , reportDirectory: reports, reportFormat: xml, reportTestId: 7956, reportUrl: https://qacloud.experitest...., reservationDuration: 240, takeScreenshots: true, test.type: Mobile, testName: mobile test 01/19/21 03:53 PM, udid: 5LFU49SOD6DISC75, useKeystore: false, waitForDeviceTimeout: 120000}
Session ID: CLOUD-SID:2021-01-19_15-52-43-3ad3121f-e57d-4e1c-a69a-94adbf35f7a5
*** Element info: {Using=id, value=passwordTextField}
-- TEST EriBank android Login failed 2 times: org.openqa.selenium.NoSuchElementException: no such element (An element could not be located on the page using the given search parameters (ID='passwordTextField'))  (WARNING: The server did not provide any stacktrace information)
Command duration or timeout: 0 milliseconds
For documentation on this error, please visit: https://www.seleniumhq.org/exceptions/no_such_element.html
Build info: version: '3.141.59', revision: 'e82be7d358', time: '2018-11-14T08:17:03'
System info: host: 'YGEVA-LT', ip: '192.168.0.101', os.name: 'Windows 10', os.arch: 'amd64', os.version: '10.0', java.version: '15.0.1'
Driver info: io.appium.java_client.android.AndroidDriver
Capabilities {app: cloud:com.experitest.Experi..., appActivity: .LoginActivity, appBuildVersion: , appPackage: com.experitest.ExperiBank, appReleaseVersion: , appiumVersion: 1.8.0, applicationClearData: false, autoAcceptAlerts: false, autoDismissAlerts: false, autoGrantPermissions: false, autoWebview: false, cloudViewLink: https://qacloud.experitest...., commandTimeouts: 120000, desired: {app: cloud:com.experitest.Experi..., appActivity: .LoginActivity, appPackage: com.experitest.ExperiBank, platformName: Android, udid: 5LFU49SOD6DISC75}, device.category: PHONE, device.majorVersion: 5, device.manufacture: OPPO, device.model: A1601, device.name: OPPO A1601, device.os: Android, device.screenSize: 720x1280, device.serialNumber: 5LFU49SOD6DISC75, device.version: 5.1, deviceUDID: 5LFU49SOD6DISC75, dontGoHomeOnQuit: false, dontStopAppOnReset: false, ehmPrefixUrl: /agent-3419115, ehmUrl: https://qacloud.experitest...., fullReset: false, gridNodePort: 7795, install.only.for.update: false, installOnlyForUpdate: false, instrumentApp: false, javascriptEnabled: true, keystorePath: ~/.android/debug.keystore, locationServicesAuthorized: false, newSessionWaitTimeout: 600, noReset: false, platform: ANDROID, platformName: Android, projectName: , reportDirectory: reports, reportFormat: xml, reportTestId: 7958, reportUrl: https://qacloud.experitest...., reservationDuration: 240, takeScreenshots: true, test.type: Mobile, testName: mobile test 01/19/21 03:54 PM, udid: 5LFU49SOD6DISC75, useKeystore: false, waitForDeviceTimeout: 120000}
Session ID: CLOUD-SID:2021-01-19_15-54-20-edaeb9d6-22a9-4325-8244-8c3f093951da
*** Element info: {Using=id, value=passwordTextField}
-- TEST EriBank android Login failed 3 times: org.openqa.selenium.NoSuchElementException: no such element (An element could not be located on the page using the given search parameters (ID='passwordTextField'))  (WARNING: The server did not provide any stacktrace information)
Command duration or timeout: 0 milliseconds
For documentation on this error, please visit: https://www.seleniumhq.org/exceptions/no_such_element.html
Build info: version: '3.141.59', revision: 'e82be7d358', time: '2018-11-14T08:17:03'
System info: host: 'YGEVA-LT', ip: '192.168.0.101', os.name: 'Windows 10', os.arch: 'amd64', os.version: '10.0', java.version: '15.0.1'
Driver info: io.appium.java_client.android.AndroidDriver
Capabilities {app: cloud:com.experitest.Experi..., appActivity: .LoginActivity, appBuildVersion: , appPackage: com.experitest.ExperiBank, appReleaseVersion: , appiumVersion: 1.8.0, applicationClearData: false, autoAcceptAlerts: false, autoDismissAlerts: false, autoGrantPermissions: false, autoWebview: false, cloudViewLink: https://qacloud.experitest...., commandTimeouts: 120000, desired: {app: cloud:com.experitest.Experi..., appActivity: .LoginActivity, appPackage: com.experitest.ExperiBank, platformName: Android, udid: 5LFU49SOD6DISC75}, device.category: PHONE, device.majorVersion: 5, device.manufacture: OPPO, device.model: A1601, device.name: OPPO A1601, device.os: Android, device.screenSize: 720x1280, device.serialNumber: 5LFU49SOD6DISC75, device.version: 5.1, deviceUDID: 5LFU49SOD6DISC75, dontGoHomeOnQuit: false, dontStopAppOnReset: false, ehmPrefixUrl: /agent-3419115, ehmUrl: https://qacloud.experitest...., fullReset: false, gridNodePort: 7797, install.only.for.update: false, installOnlyForUpdate: false, instrumentApp: false, javascriptEnabled: true, keystorePath: ~/.android/debug.keystore, locationServicesAuthorized: false, newSessionWaitTimeout: 600, noReset: false, platform: ANDROID, platformName: Android, projectName: , reportDirectory: reports, reportFormat: xml, reportTestId: 7962, reportUrl: https://qacloud.experitest...., reservationDuration: 240, takeScreenshots: true, test.type: Mobile, testName: mobile test 01/19/21 03:58 PM, udid: 5LFU49SOD6DISC75, useKeystore: false, waitForDeviceTimeout: 120000}
Session ID: CLOUD-SID:2021-01-19_15-58-27-1350c180-66bb-42e3-987b-22e89fc1b978
*** Element info: {Using=id, value=passwordTextField}
-- TEST EriBank android Payment failed 4 times: org.openqa.selenium.NoSuchElementException: no such element (An element could not be located on the page using the given search parameters (ID='loginButton'))  (WARNING: The server did not provide any stacktrace information)
Command duration or timeout: 0 milliseconds
For documentation on this error, please visit: https://www.seleniumhq.org/exceptions/no_such_element.html
Build info: version: '3.141.59', revision: 'e82be7d358', time: '2018-11-14T08:17:03'
System info: host: 'YGEVA-LT', ip: '192.168.0.101', os.name: 'Windows 10', os.arch: 'amd64', os.version: '10.0', java.version: '15.0.1'
Driver info: io.appium.java_client.android.AndroidDriver
Capabilities {app: cloud:com.experitest.Experi..., appActivity: .LoginActivity, appBuildVersion: , appPackage: com.experitest.ExperiBank, appReleaseVersion: , appiumVersion: 1.8.0, applicationClearData: false, autoAcceptAlerts: false, autoDismissAlerts: false, autoGrantPermissions: false, autoWebview: false, cloudViewLink: https://qacloud.experitest...., commandTimeouts: 120000, desired: {app: cloud:com.experitest.Experi..., appActivity: .LoginActivity, appPackage: com.experitest.ExperiBank, platformName: Android, udid: 5LFU49SOD6DISC75}, device.category: PHONE, device.majorVersion: 5, device.manufacture: OPPO, device.model: A1601, device.name: OPPO A1601, device.os: Android, device.screenSize: 720x1280, device.serialNumber: 5LFU49SOD6DISC75, device.version: 5.1, deviceUDID: 5LFU49SOD6DISC75, dontGoHomeOnQuit: false, dontStopAppOnReset: false, ehmPrefixUrl: /agent-3419115, ehmUrl: https://qacloud.experitest...., fullReset: false, gridNodePort: 7798, install.only.for.update: false, installOnlyForUpdate: false, instrumentApp: false, javascriptEnabled: true, keystorePath: ~/.android/debug.keystore, locationServicesAuthorized: false, newSessionWaitTimeout: 600, noReset: false, platform: ANDROID, platformName: Android, projectName: , reportDirectory: reports, reportFormat: xml, reportTestId: 7963, reportUrl: https://qacloud.experitest...., reservationDuration: 240, takeScreenshots: true, test.type: Mobile, testName: mobile test 01/19/21 04:00 PM, udid: 5LFU49SOD6DISC75, useKeystore: false, waitForDeviceTimeout: 120000}
Session ID: CLOUD-SID:2021-01-19_16-00-04-438b40ee-3432-407e-a007-84388acba177
*** Element info: {Using=id, value=loginButton}
-- TEST EriBank android Payment failed 1 times: org.openqa.selenium.NoSuchElementException: no such element (An element could not be located on the page using the given search parameters (XPATH='//*[contains(text(),'Your balance is:') ]'))  (WARNING: The server did not provide any stacktrace information)
Command duration or timeout: 0 milliseconds
For documentation on this error, please visit: https://www.seleniumhq.org/exceptions/no_such_element.html
Build info: version: '3.141.59', revision: 'e82be7d358', time: '2018-11-14T08:17:03'
System info: host: 'YGEVA-LT', ip: '192.168.0.101', os.name: 'Windows 10', os.arch: 'amd64', os.version: '10.0', java.version: '15.0.1'
Driver info: io.appium.java_client.android.AndroidDriver
Capabilities {app: cloud:com.experitest.Experi..., appActivity: .LoginActivity, appBuildVersion: , appPackage: com.experitest.ExperiBank, appReleaseVersion: , appiumVersion: 1.8.0, applicationClearData: false, autoAcceptAlerts: false, autoDismissAlerts: false, autoGrantPermissions: false, autoWebview: false, cloudViewLink: https://qacloud.experitest...., commandTimeouts: 120000, desired: {app: cloud:com.experitest.Experi..., appActivity: .LoginActivity, appPackage: com.experitest.ExperiBank, platformName: Android, udid: 5LFU49SOD6DISC75}, device.category: PHONE, device.majorVersion: 5, device.manufacture: OPPO, device.model: A1601, device.name: OPPO A1601, device.os: Android, device.screenSize: 720x1280, device.serialNumber: 5LFU49SOD6DISC75, device.version: 5.1, deviceUDID: 5LFU49SOD6DISC75, dontGoHomeOnQuit: false, dontStopAppOnReset: false, ehmPrefixUrl: /agent-3419115, ehmUrl: https://qacloud.experitest...., fullReset: false, gridNodePort: 7800, install.only.for.update: false, installOnlyForUpdate: false, instrumentApp: false, javascriptEnabled: true, keystorePath: ~/.android/debug.keystore, locationServicesAuthorized: false, newSessionWaitTimeout: 600, noReset: false, platform: ANDROID, platformName: Android, projectName: , reportDirectory: reports, reportFormat: xml, reportTestId: 7965, reportUrl: https://qacloud.experitest...., reservationDuration: 240, takeScreenshots: true, test.type: Mobile, testName: mobile test 01/19/21 04:01 PM, udid: 5LFU49SOD6DISC75, useKeystore: false, waitForDeviceTimeout: 120000}
Session ID: CLOUD-SID:2021-01-19_16-01-18-548278ee-4dbb-4d74-98f5-ee6e333ae6c5
*** Element info: {Using=xpath, value=//*[contains(text(),'Your balance is:') ]}
-- TEST EriBank android Payment failed 2 times: org.openqa.selenium.NoSuchElementException: no such element (An element could not be located on the page using the given search parameters (XPATH='//*[contains(text(),'Your balance is:') ]'))  (WARNING: The server did not provide any stacktrace information)
Command duration or timeout: 0 milliseconds
For documentation on this error, please visit: https://www.seleniumhq.org/exceptions/no_such_element.html
Build info: version: '3.141.59', revision: 'e82be7d358', time: '2018-11-14T08:17:03'
System info: host: 'YGEVA-LT', ip: '192.168.0.101', os.name: 'Windows 10', os.arch: 'amd64', os.version: '10.0', java.version: '15.0.1'
Driver info: io.appium.java_client.android.AndroidDriver
Capabilities {app: cloud:com.experitest.Experi..., appActivity: .LoginActivity, appBuildVersion: , appPackage: com.experitest.ExperiBank, appReleaseVersion: , appiumVersion: 1.8.0, applicationClearData: false, autoAcceptAlerts: false, autoDismissAlerts: false, autoGrantPermissions: false, autoWebview: false, cloudViewLink: https://qacloud.experitest...., commandTimeouts: 120000, desired: {app: cloud:com.experitest.Experi..., appActivity: .LoginActivity, appPackage: com.experitest.ExperiBank, platformName: Android, udid: 5LFU49SOD6DISC75}, device.category: PHONE, device.majorVersion: 5, device.manufacture: OPPO, device.model: A1601, device.name: OPPO A1601, device.os: Android, device.screenSize: 720x1280, device.serialNumber: 5LFU49SOD6DISC75, device.version: 5.1, deviceUDID: 5LFU49SOD6DISC75, dontGoHomeOnQuit: false, dontStopAppOnReset: false, ehmPrefixUrl: /agent-3419115, ehmUrl: https://qacloud.experitest...., fullReset: false, gridNodePort: 7801, install.only.for.update: false, installOnlyForUpdate: false, instrumentApp: false, javascriptEnabled: true, keystorePath: ~/.android/debug.keystore, locationServicesAuthorized: false, newSessionWaitTimeout: 600, noReset: false, platform: ANDROID, platformName: Android, projectName: , reportDirectory: reports, reportFormat: xml, reportTestId: 7966, reportUrl: https://qacloud.experitest...., reservationDuration: 240, takeScreenshots: true, test.type: Mobile, testName: mobile test 01/19/21 04:02 PM, udid: 5LFU49SOD6DISC75, useKeystore: false, waitForDeviceTimeout: 120000}
Session ID: CLOUD-SID:2021-01-19_16-02-41-e7b00779-32db-457b-9ea9-0dddb68baee2
*** Element info: {Using=xpath, value=//*[contains(text(),'Your balance is:') ]}
