Summary Report
Number of devices that were requested to run:4
Number of Devices that actually ran:4
Total number of tests passed:33
Total number of tests failed:19
------------------------------------------------------------

--------iteration1:--------

Device{name='samsung SM-F700F', category='PHONE', version='10', os='Android'}, passed=11, failed=0

Device{name='samsung SM-N960F', category='PHONE', version='10', os='Android'}, passed=11, failed=1
, errorList=[org.openqa.selenium.NoSuchElementException: no such element (An element could not be located on the page using the given search parameters (XPATH='//*[@text='Install']'))  (WARNING: The server did not provide any stacktrace information)
Command duration or timeout: 0 milliseconds
For documentation on this error, please visit: https://www.seleniumhq.org/exceptions/no_such_element.html
Build info: version: '3.141.59', revision: 'e82be7d358', time: '2018-11-14T08:17:03'
System info: host: 'YGEVA-LT', ip: '192.168.0.101', os.name: 'Windows 10', os.arch: 'amd64', os.version: '10.0', java.version: '15.0.1'
Driver info: io.appium.java_client.android.AndroidDriver
Capabilities {appActivity: .AssetBrowserActivity, appBuildVersion: , appPackage: com.android.vending, appReleaseVersion: , appiumVersion: 1.8.0, applicationClearData: false, autoAcceptAlerts: false, autoDismissAlerts: false, autoGrantPermissions: true, autoWebview: false, commandTimeouts: 120000, desired: {appActivity: .AssetBrowserActivity, appPackage: com.android.vending, autoGrantPermissions: true, platformName: Android, udid: 279df3255f217ece}, device.category: PHONE, device.majorVersion: 10, device.manufacture: samsung, device.model: SM-N960F, device.name: samsung SM-N960F, device.os: Android, device.screenSize: 1080x2220, device.serialNumber: 279df3255f217ece, device.version: 10, deviceUDID: 279df3255f217ece, dontGoHomeOnQuit: false, dontStopAppOnReset: false, ehmPrefixUrl: /agent-63, ehmUrl: https://mbremote.experitest..., fullReset: false, gridNodePort: 7787, install.only.for.update: false, installOnlyForUpdate: false, instrumentApp: false, javascriptEnabled: true, keystorePath: ~/.android/debug.keystore, locationServicesAuthorized: false, newSessionWaitTimeout: 600, noReset: false, platform: ANDROID, platformName: Android, projectName: , reportDirectory: reports, reportFormat: xml, reportTestId: 7213, reportUrl: https://mbremote.experitest..., reservationDuration: 240, takeScreenshots: true, test.type: Mobile, testName: mobile test 01/20/21 01:58 PM, udid: 279df3255f217ece, useKeystore: false, waitForDeviceTimeout: 120000}
Session ID: CLOUD-SID:2021-01-20_13-38-43-b9f13e75-796a-44d6-9b61-554541520d7b
*** Element info: {Using=xpath, value=//*[@text='Install']}
]

Device{name='samsung SM-T970', category='TABLET', version='10', os='Android'}, passed=11, failed=2
, errorList=[org.openqa.selenium.NoSuchElementException: no such element (An element could not be located on the page using the given search parameters (XPATH='//*[@id='global-nav-mobile']/ul/li[@class='active' or starts-with(@class, 'active ') or ' active' = substring(@class, string-length(@class) - string-length(' active') + 1) or contains(@class, ' active ')]/ul/li[position() = 2]'))  (WARNING: The server did not provide any stacktrace information)
Command duration or timeout: 0 milliseconds
For documentation on this error, please visit: https://www.seleniumhq.org/exceptions/no_such_element.html
Build info: version: '3.141.59', revision: 'e82be7d358', time: '2018-11-14T08:17:03'
System info: host: 'YGEVA-LT', ip: '192.168.0.101', os.name: 'Windows 10', os.arch: 'amd64', os.version: '10.0', java.version: '15.0.1'
Driver info: io.appium.java_client.android.AndroidDriver
Capabilities {appBuildVersion: , appReleaseVersion: , appiumVersion: 1.8.0, applicationClearData: false, autoAcceptAlerts: false, autoDismissAlerts: false, autoGrantPermissions: false, autoWebview: false, browserName: Chromium, cloudViewLink: https://mbremote.experitest..., commandTimeouts: 120000, desired: {browserName: Chromium, fullReset: true, platformName: Android, udid: R52NA0QCE8M}, device.category: TABLET, device.majorVersion: 10, device.manufacture: samsung, device.model: SM-T970, device.name: samsung SM-T970, device.os: Android, device.screenSize: 1752x2800, device.serialNumber: R52NA0QCE8M, device.version: 10, deviceUDID: R52NA0QCE8M, dontGoHomeOnQuit: false, dontStopAppOnReset: false, ehmPrefixUrl: /agent-63, ehmUrl: https://mbremote.experitest..., fullReset: true, gridNodePort: 7795, install.only.for.update: false, installOnlyForUpdate: false, instrumentApp: false, javascriptEnabled: true, keystorePath: ~/.android/debug.keystore, locationServicesAuthorized: false, newSessionWaitTimeout: 600, noReset: false, platform: ANDROID, platformName: Android, projectName: , reportDirectory: reports, reportFormat: xml, reportTestId: 7222, reportUrl: https://mbremote.experitest..., reservationDuration: 240, takeScreenshots: true, test.type: Mobile, testName: mobile test 01/20/21 02:01 PM, udid: R52NA0QCE8M, useKeystore: false, waitForDeviceTimeout: 120000}
Session ID: CLOUD-SID:2021-01-20_14-01-40-0c59d632-9f18-4f10-b06c-e05729e7f3f4
*** Element info: {Using=css selector, value=#global-nav-mobile > ul > li.active > ul > li:nth-child(2)}
, org.openqa.selenium.NoSuchElementException: no such element (An element could not be located on the page using the given search parameters (XPATH='//*[@id='global-nav-mobile']/ul/li[@class='active' or starts-with(@class, 'active ') or ' active' = substring(@class, string-length(@class) - string-length(' active') + 1) or contains(@class, ' active ')]/ul/li[position() = 2]'))  (WARNING: The server did not provide any stacktrace information)
Command duration or timeout: 0 milliseconds
For documentation on this error, please visit: https://www.seleniumhq.org/exceptions/no_such_element.html
Build info: version: '3.141.59', revision: 'e82be7d358', time: '2018-11-14T08:17:03'
System info: host: 'YGEVA-LT', ip: '192.168.0.101', os.name: 'Windows 10', os.arch: 'amd64', os.version: '10.0', java.version: '15.0.1'
Driver info: io.appium.java_client.android.AndroidDriver
Capabilities {appBuildVersion: , appReleaseVersion: , appiumVersion: 1.8.0, applicationClearData: false, autoAcceptAlerts: false, autoDismissAlerts: false, autoGrantPermissions: false, autoWebview: false, browserName: Chromium, cloudViewLink: https://mbremote.experitest..., commandTimeouts: 120000, desired: {browserName: Chromium, fullReset: true, platformName: Android, udid: R52NA0QCE8M}, device.category: TABLET, device.majorVersion: 10, device.manufacture: samsung, device.model: SM-T970, device.name: samsung SM-T970, device.os: Android, device.screenSize: 1752x2800, device.serialNumber: R52NA0QCE8M, device.version: 10, deviceUDID: R52NA0QCE8M, dontGoHomeOnQuit: false, dontStopAppOnReset: false, ehmPrefixUrl: /agent-63, ehmUrl: https://mbremote.experitest..., fullReset: true, gridNodePort: 7796, install.only.for.update: false, installOnlyForUpdate: false, instrumentApp: false, javascriptEnabled: true, keystorePath: ~/.android/debug.keystore, locationServicesAuthorized: false, newSessionWaitTimeout: 600, noReset: false, platform: ANDROID, platformName: Android, projectName: , reportDirectory: reports, reportFormat: xml, reportTestId: 7224, reportUrl: https://mbremote.experitest..., reservationDuration: 240, takeScreenshots: true, test.type: Mobile, testName: mobile test 01/20/21 02:03 PM, udid: R52NA0QCE8M, useKeystore: false, waitForDeviceTimeout: 120000}
Session ID: CLOUD-SID:2021-01-20_14-03-26-5150e3be-4b36-441f-a2e7-d504501391ca
*** Element info: {Using=css selector, value=#global-nav-mobile > ul > li.active > ul > li:nth-child(2)}
]

Device{name='samsung SM-G925I', category='PHONE', version='5.1.1', os='Android'}, passed=0, failed=16
, errorList=[org.openqa.selenium.NoSuchElementException: no such element (An element could not be located on the page using the given search parameters (XPATH='//*[@text='LOGIN']'))  (WARNING: The server did not provide any stacktrace information)
Command duration or timeout: 0 milliseconds
For documentation on this error, please visit: https://www.seleniumhq.org/exceptions/no_such_element.html
Build info: version: '3.141.59', revision: 'e82be7d358', time: '2018-11-14T08:17:03'
System info: host: 'YGEVA-LT', ip: '192.168.0.101', os.name: 'Windows 10', os.arch: 'amd64', os.version: '10.0', java.version: '15.0.1'
Driver info: io.appium.java_client.android.AndroidDriver
Capabilities {app: cloud:com.example.tapthedot..., appActivity: .MainActivity, appBuildVersion: , appPackage: com.example.tapthedot, appReleaseVersion: , appiumVersion: 1.8.0, applicationClearData: false, autoAcceptAlerts: false, autoDismissAlerts: false, autoGrantPermissions: true, autoWebview: false, cloudViewLink: https://mbremote.experitest..., commandTimeouts: 120000, desired: {app: cloud:com.example.tapthedot..., appActivity: .MainActivity, appPackage: com.example.tapthedot, autoGrantPermissions: true, platformName: Android, udid: 1115fb3c0e5f3c03}, device.category: PHONE, device.majorVersion: 5, device.manufacture: samsung, device.model: SM-G925I, device.name: samsung SM-G925I, device.os: Android, device.screenSize: 1440x2560, device.serialNumber: 1115fb3c0e5f3c03, device.version: 5.1.1, deviceUDID: 1115fb3c0e5f3c03, dontGoHomeOnQuit: false, dontStopAppOnReset: false, ehmPrefixUrl: /agent-63, ehmUrl: https://mbremote.experitest..., fullReset: false, gridNodePort: 7790, install.only.for.update: false, installOnlyForUpdate: false, instrumentApp: false, javascriptEnabled: true, keystorePath: ~/.android/debug.keystore, locationServicesAuthorized: false, newSessionWaitTimeout: 600, noReset: false, platform: ANDROID, platformName: Android, projectName: , reportDirectory: reports, reportFormat: xml, reportTestId: 7207, reportUrl: https://mbremote.experitest..., reservationDuration: 240, takeScreenshots: true, test.type: Mobile, testName: mobile test 01/20/21 01:54 PM, udid: 1115fb3c0e5f3c03, useKeystore: false, waitForDeviceTimeout: 120000}
Session ID: CLOUD-SID:2021-01-20_13-54-35-4cfe4662-99ed-41d5-9bbd-450f7a5e4b59
*** Element info: {Using=xpath, value=//*[@text='LOGIN']}
, org.openqa.selenium.NoSuchElementException: no such element (An element could not be located on the page using the given search parameters (XPATH='//*[@text='LOGIN']'))  (WARNING: The server did not provide any stacktrace information)
Command duration or timeout: 0 milliseconds
For documentation on this error, please visit: https://www.seleniumhq.org/exceptions/no_such_element.html
Build info: version: '3.141.59', revision: 'e82be7d358', time: '2018-11-14T08:17:03'
System info: host: 'YGEVA-LT', ip: '192.168.0.101', os.name: 'Windows 10', os.arch: 'amd64', os.version: '10.0', java.version: '15.0.1'
Driver info: io.appium.java_client.android.AndroidDriver
Capabilities {app: cloud:com.example.tapthedot..., appActivity: .MainActivity, appBuildVersion: , appPackage: com.example.tapthedot, appReleaseVersion: , appiumVersion: 1.8.0, applicationClearData: false, autoAcceptAlerts: false, autoDismissAlerts: false, autoGrantPermissions: true, autoWebview: false, cloudViewLink: https://mbremote.experitest..., commandTimeouts: 120000, desired: {app: cloud:com.example.tapthedot..., appActivity: .MainActivity, appPackage: com.example.tapthedot, autoGrantPermissions: true, platformName: Android, udid: 1115fb3c0e5f3c03}, device.category: PHONE, device.majorVersion: 5, device.manufacture: samsung, device.model: SM-G925I, device.name: samsung SM-G925I, device.os: Android, device.screenSize: 1440x2560, device.serialNumber: 1115fb3c0e5f3c03, device.version: 5.1.1, deviceUDID: 1115fb3c0e5f3c03, dontGoHomeOnQuit: false, dontStopAppOnReset: false, ehmPrefixUrl: /agent-63, ehmUrl: https://mbremote.experitest..., fullReset: false, gridNodePort: 7791, install.only.for.update: false, installOnlyForUpdate: false, instrumentApp: false, javascriptEnabled: true, keystorePath: ~/.android/debug.keystore, locationServicesAuthorized: false, newSessionWaitTimeout: 600, noReset: false, platform: ANDROID, platformName: Android, projectName: , reportDirectory: reports, reportFormat: xml, reportTestId: 7209, reportUrl: https://mbremote.experitest..., reservationDuration: 240, takeScreenshots: true, test.type: Mobile, testName: mobile test 01/20/21 01:56 PM, udid: 1115fb3c0e5f3c03, useKeystore: false, waitForDeviceTimeout: 120000}
Session ID: CLOUD-SID:2021-01-20_13-56-21-6d9d5278-3b48-4075-9575-9315a3ad12c8
*** Element info: {Using=xpath, value=//*[@text='LOGIN']}
, org.openqa.selenium.SessionNotCreatedException: Unable to create a new remote session. Please check the server log for more details. Original error: Could not forward request POST /wd/hub/session to http://michaels-mini.experitest.local:8081 (appium port 7798) (WARNING: The server did not provide any stacktrace information)
Command duration or timeout: 600.73 seconds
Build info: version: '3.141.59', revision: 'e82be7d358', time: '2018-11-14T08:17:03'
System info: host: 'YGEVA-LT', ip: '192.168.0.101', os.name: 'Windows 10', os.arch: 'amd64', os.version: '10.0', java.version: '15.0.1'
Driver info: driver.version: AndroidDriver
Build info: version: '3.141.59', revision: 'e82be7d358', time: '2018-11-14T08:17:03'
System info: host: 'YGEVA-LT', ip: '192.168.0.101', os.name: 'Windows 10', os.arch: 'amd64', os.version: '10.0', java.version: '15.0.1'
Driver info: driver.version: AndroidDriver
, org.openqa.selenium.NoSuchElementException: no such element (An element could not be located on the page using the given search parameters (XPATH='//*[@text='LOGIN']'))  (WARNING: The server did not provide any stacktrace information)
Command duration or timeout: 0 milliseconds
For documentation on this error, please visit: https://www.seleniumhq.org/exceptions/no_such_element.html
Build info: version: '3.141.59', revision: 'e82be7d358', time: '2018-11-14T08:17:03'
System info: host: 'YGEVA-LT', ip: '192.168.0.101', os.name: 'Windows 10', os.arch: 'amd64', os.version: '10.0', java.version: '15.0.1'
Driver info: io.appium.java_client.android.AndroidDriver
Capabilities {app: cloud:com.example.tapthedot..., appActivity: .MainActivity, appBuildVersion: , appPackage: com.example.tapthedot, appReleaseVersion: , appiumVersion: 1.8.0, applicationClearData: false, autoAcceptAlerts: false, autoDismissAlerts: false, autoGrantPermissions: true, autoWebview: false, cloudViewLink: https://mbremote.experitest..., commandTimeouts: 120000, desired: {app: cloud:com.example.tapthedot..., appActivity: .MainActivity, appPackage: com.example.tapthedot, autoGrantPermissions: true, platformName: Android, udid: 1115fb3c0e5f3c03}, device.category: PHONE, device.majorVersion: 5, device.manufacture: samsung, device.model: SM-G925I, device.name: samsung SM-G925I, device.os: Android, device.screenSize: 1440x2560, device.serialNumber: 1115fb3c0e5f3c03, device.version: 5.1.1, deviceUDID: 1115fb3c0e5f3c03, dontGoHomeOnQuit: false, dontStopAppOnReset: false, ehmPrefixUrl: /agent-63, ehmUrl: https://mbremote.experitest..., fullReset: false, gridNodePort: 7800, install.only.for.update: false, installOnlyForUpdate: false, instrumentApp: false, javascriptEnabled: true, keystorePath: ~/.android/debug.keystore, locationServicesAuthorized: false, newSessionWaitTimeout: 600, noReset: false, platform: ANDROID, platformName: Android, projectName: , reportDirectory: reports, reportFormat: xml, reportTestId: 7233, reportUrl: https://mbremote.experitest..., reservationDuration: 240, takeScreenshots: true, test.type: Mobile, testName: mobile test 01/20/21 02:17 PM, udid: 1115fb3c0e5f3c03, useKeystore: false, waitForDeviceTimeout: 120000}
Session ID: CLOUD-SID:2021-01-20_14-17-39-87905e6d-a425-4908-ae9f-520787bf85b9
*** Element info: {Using=xpath, value=//*[@text='LOGIN']}
, org.openqa.selenium.NoSuchElementException: no such element (An element could not be located on the page using the given search parameters (XPATH='//*[@text='LOGIN']'))  (WARNING: The server did not provide any stacktrace information)
Command duration or timeout: 0 milliseconds
For documentation on this error, please visit: https://www.seleniumhq.org/exceptions/no_such_element.html
Build info: version: '3.141.59', revision: 'e82be7d358', time: '2018-11-14T08:17:03'
System info: host: 'YGEVA-LT', ip: '192.168.0.101', os.name: 'Windows 10', os.arch: 'amd64', os.version: '10.0', java.version: '15.0.1'
Driver info: io.appium.java_client.android.AndroidDriver
Capabilities {app: cloud:com.example.tapthedot..., appActivity: .MainActivity, appBuildVersion: , appPackage: com.example.tapthedot, appReleaseVersion: , appiumVersion: 1.8.0, applicationClearData: false, autoAcceptAlerts: false, autoDismissAlerts: false, autoGrantPermissions: true, autoWebview: false, cloudViewLink: https://mbremote.experitest..., commandTimeouts: 120000, desired: {app: cloud:com.example.tapthedot..., appActivity: .MainActivity, appPackage: com.example.tapthedot, autoGrantPermissions: true, platformName: Android, udid: 1115fb3c0e5f3c03}, device.category: PHONE, device.majorVersion: 5, device.manufacture: samsung, device.model: SM-G925I, device.name: samsung SM-G925I, device.os: Android, device.screenSize: 1440x2560, device.serialNumber: 1115fb3c0e5f3c03, device.version: 5.1.1, deviceUDID: 1115fb3c0e5f3c03, dontGoHomeOnQuit: false, dontStopAppOnReset: false, ehmPrefixUrl: /agent-63, ehmUrl: https://mbremote.experitest..., fullReset: false, gridNodePort: 7802, install.only.for.update: false, installOnlyForUpdate: false, instrumentApp: false, javascriptEnabled: true, keystorePath: ~/.android/debug.keystore, locationServicesAuthorized: false, newSessionWaitTimeout: 600, noReset: false, platform: ANDROID, platformName: Android, projectName: , reportDirectory: reports, reportFormat: xml, reportTestId: 7235, reportUrl: https://mbremote.experitest..., reservationDuration: 240, takeScreenshots: true, test.type: Mobile, testName: mobile test 01/20/21 02:18 PM, udid: 1115fb3c0e5f3c03, useKeystore: false, waitForDeviceTimeout: 120000}
Session ID: CLOUD-SID:2021-01-20_14-19-00-7902b494-6c98-461f-8767-7c2b195306aa
*** Element info: {Using=xpath, value=//*[@text='LOGIN']}
, org.openqa.selenium.NoSuchElementException: no such element (An element could not be located on the page using the given search parameters (XPATH='//*[@text='LOGIN']'))  (WARNING: The server did not provide any stacktrace information)
Command duration or timeout: 0 milliseconds
For documentation on this error, please visit: https://www.seleniumhq.org/exceptions/no_such_element.html
Build info: version: '3.141.59', revision: 'e82be7d358', time: '2018-11-14T08:17:03'
System info: host: 'YGEVA-LT', ip: '192.168.0.101', os.name: 'Windows 10', os.arch: 'amd64', os.version: '10.0', java.version: '15.0.1'
Driver info: io.appium.java_client.android.AndroidDriver
Capabilities {app: cloud:com.example.tapthedot..., appActivity: .MainActivity, appBuildVersion: , appPackage: com.example.tapthedot, appReleaseVersion: , appiumVersion: 1.8.0, applicationClearData: false, autoAcceptAlerts: false, autoDismissAlerts: false, autoGrantPermissions: true, autoWebview: false, cloudViewLink: https://mbremote.experitest..., commandTimeouts: 120000, desired: {app: cloud:com.example.tapthedot..., appActivity: .MainActivity, appPackage: com.example.tapthedot, autoGrantPermissions: true, platformName: Android, udid: 1115fb3c0e5f3c03}, device.category: PHONE, device.majorVersion: 5, device.manufacture: samsung, device.model: SM-G925I, device.name: samsung SM-G925I, device.os: Android, device.screenSize: 1440x2560, device.serialNumber: 1115fb3c0e5f3c03, device.version: 5.1.1, deviceUDID: 1115fb3c0e5f3c03, dontGoHomeOnQuit: false, dontStopAppOnReset: false, ehmPrefixUrl: /agent-63, ehmUrl: https://mbremote.experitest..., fullReset: false, gridNodePort: 7803, install.only.for.update: false, installOnlyForUpdate: false, instrumentApp: false, javascriptEnabled: true, keystorePath: ~/.android/debug.keystore, locationServicesAuthorized: false, newSessionWaitTimeout: 600, noReset: false, platform: ANDROID, platformName: Android, projectName: , reportDirectory: reports, reportFormat: xml, reportTestId: 7236, reportUrl: https://mbremote.experitest..., reservationDuration: 240, takeScreenshots: true, test.type: Mobile, testName: mobile test 01/20/21 02:20 PM, udid: 1115fb3c0e5f3c03, useKeystore: false, waitForDeviceTimeout: 120000}
Session ID: CLOUD-SID:2021-01-20_14-20-16-e937a7f4-6ac1-4e5a-832f-7ae23486c350
*** Element info: {Using=xpath, value=//*[@text='LOGIN']}
, org.openqa.selenium.NoSuchElementException: no such element (An element could not be located on the page using the given search parameters (XPATH='//*[@text='Top charts']'))  (WARNING: The server did not provide any stacktrace information)
Command duration or timeout: 0 milliseconds
For documentation on this error, please visit: https://www.seleniumhq.org/exceptions/no_such_element.html
Build info: version: '3.141.59', revision: 'e82be7d358', time: '2018-11-14T08:17:03'
System info: host: 'YGEVA-LT', ip: '192.168.0.101', os.name: 'Windows 10', os.arch: 'amd64', os.version: '10.0', java.version: '15.0.1'
Driver info: io.appium.java_client.android.AndroidDriver
Capabilities {appActivity: .AssetBrowserActivity, appBuildVersion: , appPackage: com.android.vending, appReleaseVersion: , appiumVersion: 1.8.0, applicationClearData: false, autoAcceptAlerts: false, autoDismissAlerts: false, autoGrantPermissions: true, autoWebview: false, cloudViewLink: https://mbremote.experitest..., commandTimeouts: 120000, desired: {appActivity: .AssetBrowserActivity, appPackage: com.android.vending, autoGrantPermissions: true, platformName: Android, udid: 1115fb3c0e5f3c03}, device.category: PHONE, device.majorVersion: 5, device.manufacture: samsung, device.model: SM-G925I, device.name: samsung SM-G925I, device.os: Android, device.screenSize: 1440x2560, device.serialNumber: 1115fb3c0e5f3c03, device.version: 5.1.1, deviceUDID: 1115fb3c0e5f3c03, dontGoHomeOnQuit: false, dontStopAppOnReset: false, ehmPrefixUrl: /agent-63, ehmUrl: https://mbremote.experitest..., fullReset: false, gridNodePort: 7805, install.only.for.update: false, installOnlyForUpdate: false, instrumentApp: false, javascriptEnabled: true, keystorePath: ~/.android/debug.keystore, locationServicesAuthorized: false, newSessionWaitTimeout: 600, noReset: false, platform: ANDROID, platformName: Android, projectName: , reportDirectory: reports, reportFormat: xml, reportTestId: 7238, reportUrl: https://mbremote.experitest..., reservationDuration: 240, takeScreenshots: true, test.type: Mobile, testName: mobile test 01/20/21 02:22 PM, udid: 1115fb3c0e5f3c03, useKeystore: false, waitForDeviceTimeout: 120000}
Session ID: CLOUD-SID:2021-01-20_14-22-54-0d541acb-266a-417b-bf57-aa3478c5a875
*** Element info: {Using=xpath, value=//*[@text='Top charts']}
, org.openqa.selenium.NoSuchElementException: no such element (An element could not be located on the page using the given search parameters (XPATH='//*[@text='Top charts']'))  (WARNING: The server did not provide any stacktrace information)
Command duration or timeout: 0 milliseconds
For documentation on this error, please visit: https://www.seleniumhq.org/exceptions/no_such_element.html
Build info: version: '3.141.59', revision: 'e82be7d358', time: '2018-11-14T08:17:03'
System info: host: 'YGEVA-LT', ip: '192.168.0.101', os.name: 'Windows 10', os.arch: 'amd64', os.version: '10.0', java.version: '15.0.1'
Driver info: io.appium.java_client.android.AndroidDriver
Capabilities {appActivity: .AssetBrowserActivity, appBuildVersion: , appPackage: com.android.vending, appReleaseVersion: , appiumVersion: 1.8.0, applicationClearData: false, autoAcceptAlerts: false, autoDismissAlerts: false, autoGrantPermissions: true, autoWebview: false, cloudViewLink: https://mbremote.experitest..., commandTimeouts: 120000, desired: {appActivity: .AssetBrowserActivity, appPackage: com.android.vending, autoGrantPermissions: true, platformName: Android, udid: 1115fb3c0e5f3c03}, device.category: PHONE, device.majorVersion: 5, device.manufacture: samsung, device.model: SM-G925I, device.name: samsung SM-G925I, device.os: Android, device.screenSize: 1440x2560, device.serialNumber: 1115fb3c0e5f3c03, device.version: 5.1.1, deviceUDID: 1115fb3c0e5f3c03, dontGoHomeOnQuit: false, dontStopAppOnReset: false, ehmPrefixUrl: /agent-63, ehmUrl: https://mbremote.experitest..., fullReset: false, gridNodePort: 7806, install.only.for.update: false, installOnlyForUpdate: false, instrumentApp: false, javascriptEnabled: true, keystorePath: ~/.android/debug.keystore, locationServicesAuthorized: false, newSessionWaitTimeout: 600, noReset: false, platform: ANDROID, platformName: Android, projectName: , reportDirectory: reports, reportFormat: xml, reportTestId: 7239, reportUrl: https://mbremote.experitest..., reservationDuration: 240, takeScreenshots: true, test.type: Mobile, testName: mobile test 01/20/21 02:23 PM, udid: 1115fb3c0e5f3c03, useKeystore: false, waitForDeviceTimeout: 120000}
Session ID: CLOUD-SID:2021-01-20_14-23-43-edec77f7-3efd-484e-86c5-8a6bf8610423
*** Element info: {Using=xpath, value=//*[@text='Top charts']}
, org.openqa.selenium.SessionNotCreatedException: Unable to create a new remote session. Please check the server log for more details. Original error: Connection prematurely closed BEFORE response (WARNING: The server did not provide any stacktrace information)
Command duration or timeout: 14.93 seconds
Build info: version: '3.141.59', revision: 'e82be7d358', time: '2018-11-14T08:17:03'
System info: host: 'YGEVA-LT', ip: '192.168.0.101', os.name: 'Windows 10', os.arch: 'amd64', os.version: '10.0', java.version: '15.0.1'
Driver info: driver.version: AndroidDriver
Build info: version: '3.141.59', revision: 'e82be7d358', time: '2018-11-14T08:17:03'
System info: host: 'YGEVA-LT', ip: '192.168.0.101', os.name: 'Windows 10', os.arch: 'amd64', os.version: '10.0', java.version: '15.0.1'
Driver info: driver.version: AndroidDriver
, org.openqa.selenium.NoSuchElementException: no such element (An element could not be located on the page using the given search parameters (XPATH='//*[@text='Top charts']'))  (WARNING: The server did not provide any stacktrace information)
Command duration or timeout: 0 milliseconds
For documentation on this error, please visit: https://www.seleniumhq.org/exceptions/no_such_element.html
Build info: version: '3.141.59', revision: 'e82be7d358', time: '2018-11-14T08:17:03'
System info: host: 'YGEVA-LT', ip: '192.168.0.101', os.name: 'Windows 10', os.arch: 'amd64', os.version: '10.0', java.version: '15.0.1'
Driver info: io.appium.java_client.android.AndroidDriver
Capabilities {appActivity: .AssetBrowserActivity, appBuildVersion: , appPackage: com.android.vending, appReleaseVersion: , appiumVersion: 1.8.0, applicationClearData: false, autoAcceptAlerts: false, autoDismissAlerts: false, autoGrantPermissions: true, autoWebview: false, cloudViewLink: https://mbremote.experitest..., commandTimeouts: 120000, desired: {appActivity: .AssetBrowserActivity, appPackage: com.android.vending, autoGrantPermissions: true, platformName: Android, udid: 1115fb3c0e5f3c03}, device.category: PHONE, device.majorVersion: 5, device.manufacture: samsung, device.model: SM-G925I, device.name: samsung SM-G925I, device.os: Android, device.screenSize: 1440x2560, device.serialNumber: 1115fb3c0e5f3c03, device.version: 5.1.1, deviceUDID: 1115fb3c0e5f3c03, dontGoHomeOnQuit: false, dontStopAppOnReset: false, ehmPrefixUrl: /agent-63, ehmUrl: https://mbremote.experitest..., fullReset: false, gridNodePort: 7808, install.only.for.update: false, installOnlyForUpdate: false, instrumentApp: false, javascriptEnabled: true, keystorePath: ~/.android/debug.keystore, locationServicesAuthorized: false, newSessionWaitTimeout: 600, noReset: false, platform: ANDROID, platformName: Android, projectName: , reportDirectory: reports, reportFormat: xml, reportTestId: 7241, reportUrl: https://mbremote.experitest..., reservationDuration: 240, takeScreenshots: true, test.type: Mobile, testName: mobile test 01/20/21 02:31 PM, udid: 1115fb3c0e5f3c03, useKeystore: false, waitForDeviceTimeout: 120000}
Session ID: CLOUD-SID:2021-01-20_14-31-45-1da93c67-28e5-4b41-9fdd-67fe132fcca0
*** Element info: {Using=xpath, value=//*[@text='Top charts']}
, org.openqa.selenium.NoSuchElementException: no such element (An element could not be located on the page using the given search parameters (XPATH='//*[@text='Top charts']'))  (WARNING: The server did not provide any stacktrace information)
Command duration or timeout: 0 milliseconds
For documentation on this error, please visit: https://www.seleniumhq.org/exceptions/no_such_element.html
Build info: version: '3.141.59', revision: 'e82be7d358', time: '2018-11-14T08:17:03'
System info: host: 'YGEVA-LT', ip: '192.168.0.101', os.name: 'Windows 10', os.arch: 'amd64', os.version: '10.0', java.version: '15.0.1'
Driver info: io.appium.java_client.android.AndroidDriver
Capabilities {appActivity: .AssetBrowserActivity, appBuildVersion: , appPackage: com.android.vending, appReleaseVersion: , appiumVersion: 1.8.0, applicationClearData: false, autoAcceptAlerts: false, autoDismissAlerts: false, autoGrantPermissions: true, autoWebview: false, cloudViewLink: https://mbremote.experitest..., commandTimeouts: 120000, desired: {appActivity: .AssetBrowserActivity, appPackage: com.android.vending, autoGrantPermissions: true, platformName: Android, udid: 1115fb3c0e5f3c03}, device.category: PHONE, device.majorVersion: 5, device.manufacture: samsung, device.model: SM-G925I, device.name: samsung SM-G925I, device.os: Android, device.screenSize: 1440x2560, device.serialNumber: 1115fb3c0e5f3c03, device.version: 5.1.1, deviceUDID: 1115fb3c0e5f3c03, dontGoHomeOnQuit: false, dontStopAppOnReset: false, ehmPrefixUrl: /agent-63, ehmUrl: https://mbremote.experitest..., fullReset: false, gridNodePort: 7809, install.only.for.update: false, installOnlyForUpdate: false, instrumentApp: false, javascriptEnabled: true, keystorePath: ~/.android/debug.keystore, locationServicesAuthorized: false, newSessionWaitTimeout: 600, noReset: false, platform: ANDROID, platformName: Android, projectName: , reportDirectory: reports, reportFormat: xml, reportTestId: 7242, reportUrl: https://mbremote.experitest..., reservationDuration: 240, takeScreenshots: true, test.type: Mobile, testName: mobile test 01/20/21 02:32 PM, udid: 1115fb3c0e5f3c03, useKeystore: false, waitForDeviceTimeout: 120000}
Session ID: CLOUD-SID:2021-01-20_14-32-34-081ef1bf-eb4e-4c6a-886d-e3c099783dca
*** Element info: {Using=xpath, value=//*[@text='Top charts']}
, org.openqa.selenium.NoSuchElementException: no such element (An element could not be located on the page using the given search parameters (XPATH='//*[@text='Top charts']'))  (WARNING: The server did not provide any stacktrace information)
Command duration or timeout: 0 milliseconds
For documentation on this error, please visit: https://www.seleniumhq.org/exceptions/no_such_element.html
Build info: version: '3.141.59', revision: 'e82be7d358', time: '2018-11-14T08:17:03'
System info: host: 'YGEVA-LT', ip: '192.168.0.101', os.name: 'Windows 10', os.arch: 'amd64', os.version: '10.0', java.version: '15.0.1'
Driver info: io.appium.java_client.android.AndroidDriver
Capabilities {appActivity: .AssetBrowserActivity, appBuildVersion: , appPackage: com.android.vending, appReleaseVersion: , appiumVersion: 1.8.0, applicationClearData: false, autoAcceptAlerts: false, autoDismissAlerts: false, autoGrantPermissions: true, autoWebview: false, cloudViewLink: https://mbremote.experitest..., commandTimeouts: 120000, desired: {appActivity: .AssetBrowserActivity, appPackage: com.android.vending, autoGrantPermissions: true, platformName: Android, udid: 1115fb3c0e5f3c03}, device.category: PHONE, device.majorVersion: 5, device.manufacture: samsung, device.model: SM-G925I, device.name: samsung SM-G925I, device.os: Android, device.screenSize: 1440x2560, device.serialNumber: 1115fb3c0e5f3c03, device.version: 5.1.1, deviceUDID: 1115fb3c0e5f3c03, dontGoHomeOnQuit: false, dontStopAppOnReset: false, ehmPrefixUrl: /agent-63, ehmUrl: https://mbremote.experitest..., fullReset: false, gridNodePort: 7810, install.only.for.update: false, installOnlyForUpdate: false, instrumentApp: false, javascriptEnabled: true, keystorePath: ~/.android/debug.keystore, locationServicesAuthorized: false, newSessionWaitTimeout: 600, noReset: false, platform: ANDROID, platformName: Android, projectName: , reportDirectory: reports, reportFormat: xml, reportTestId: 7243, reportUrl: https://mbremote.experitest..., reservationDuration: 240, takeScreenshots: true, test.type: Mobile, testName: mobile test 01/20/21 02:33 PM, udid: 1115fb3c0e5f3c03, useKeystore: false, waitForDeviceTimeout: 120000}
Session ID: CLOUD-SID:2021-01-20_14-33-21-0a799b0a-ba09-4a0f-9e0b-01614211d0c3
*** Element info: {Using=xpath, value=//*[@text='Top charts']}
, org.openqa.selenium.WebDriverException: java.net.ConnectException: Failed to connect to mbremote.experitest.com/192.168.6.204:443
Build info: version: '3.141.59', revision: 'e82be7d358', time: '2018-11-14T08:17:03'
System info: host: 'YGEVA-LT', ip: '192.168.0.101', os.name: 'Windows 10', os.arch: 'amd64', os.version: '10.0', java.version: '15.0.1'
Driver info: driver.version: RemoteWebDriver
, org.openqa.selenium.SessionNotCreatedException: Unable to create a new remote session. Original error: Failed to connect to mbremote.experitest.com/192.168.6.204:443
Build info: version: '3.141.59', revision: 'e82be7d358', time: '2018-11-14T08:17:03'
System info: host: 'YGEVA-LT', ip: '192.168.0.101', os.name: 'Windows 10', os.arch: 'amd64', os.version: '10.0', java.version: '15.0.1'
Driver info: driver.version: AndroidDriver
, org.openqa.selenium.SessionNotCreatedException: Unable to create a new remote session. Original error: Failed to connect to mbremote.experitest.com/192.168.6.204:443
Build info: version: '3.141.59', revision: 'e82be7d358', time: '2018-11-14T08:17:03'
System info: host: 'YGEVA-LT', ip: '192.168.0.101', os.name: 'Windows 10', os.arch: 'amd64', os.version: '10.0', java.version: '15.0.1'
Driver info: driver.version: AndroidDriver
, org.openqa.selenium.SessionNotCreatedException: Unable to create a new remote session. Original error: Failed to connect to mbremote.experitest.com/192.168.6.204:443
Build info: version: '3.141.59', revision: 'e82be7d358', time: '2018-11-14T08:17:03'
System info: host: 'YGEVA-LT', ip: '192.168.0.101', os.name: 'Windows 10', os.arch: 'amd64', os.version: '10.0', java.version: '15.0.1'
Driver info: driver.version: AndroidDriver
]
