-----iteration-----: 1
-- TEST Tap The Dot Android Login failed 1 times: org.openqa.selenium.NoSuchElementException: no such element (An element could not be located on the page using the given search parameters (XPATH='//*[@id='verifyNameTextBox']'))  (WARNING: The server did not provide any stacktrace information)
Command duration or timeout: 0 milliseconds
For documentation on this error, please visit: https://www.seleniumhq.org/exceptions/no_such_element.html
Build info: version: '3.141.59', revision: 'e82be7d358', time: '2018-11-14T08:17:03'
System info: host: 'YGEVA-LT', ip: '192.168.0.101', os.name: 'Windows 10', os.arch: 'amd64', os.version: '10.0', java.version: '15.0.1'
Driver info: io.appium.java_client.android.AndroidDriver
Capabilities {app: cloud:com.example.tapthedot..., appActivity: .MainActivity, appBuildVersion: , appPackage: com.example.tapthedot, appReleaseVersion: , appiumVersion: 1.8.0, applicationClearData: false, autoAcceptAlerts: false, autoDismissAlerts: false, autoGrantPermissions: false, autoWebview: false, cloudViewLink: https://qacloud.experitest...., commandTimeouts: 120000, desired: {app: cloud:com.example.tapthedot..., appActivity: .MainActivity, appPackage: com.example.tapthedot, oldChromeDriverSessionId: 0da6525b9e02f2e9e90ac83f57e..., platformName: Android, udid: 5LFU49SOD6DISC75}, device.category: PHONE, device.majorVersion: 5, device.manufacture: OPPO, device.model: A1601, device.name: OPPO A1601, device.os: Android, device.screenSize: 720x1280, device.serialNumber: 5LFU49SOD6DISC75, device.version: 5.1, deviceUDID: 5LFU49SOD6DISC75, dontGoHomeOnQuit: false, dontStopAppOnReset: false, ehmPrefixUrl: /agent-3419115, ehmUrl: https://qacloud.experitest...., fullReset: false, gridNodePort: 7872, install.only.for.update: false, installOnlyForUpdate: false, instrumentApp: false, javascriptEnabled: true, keystorePath: ~/.android/debug.keystore, locationServicesAuthorized: false, newSessionWaitTimeout: 600, noReset: false, oldChromeDriverSessionId: 0da6525b9e02f2e9e90ac83f57e..., platform: ANDROID, platformName: Android, projectName: , reportDirectory: reports, reportFormat: xml, reportTestId: 7657, reportUrl: https://qacloud.experitest...., reservationDuration: 240, takeScreenshots: true, test.type: Mobile, testName: mobile test 01/18/21 02:34 PM, udid: 5LFU49SOD6DISC75, useKeystore: false, waitForDeviceTimeout: 120000}
Session ID: CLOUD-SID:2021-01-18_14-34-14-e81cc582-48c3-4e21-a148-51682b0c9fbc
*** Element info: {Using=xpath, value=//*[@id='verifyNameTextBox']}
-- TEST Tap The Dot Android Login failed 2 times: org.openqa.selenium.NoSuchElementException: no such element (An element could not be located on the page using the given search parameters (XPATH='//*[@id='verifyNameTextBox']'))  (WARNING: The server did not provide any stacktrace information)
Command duration or timeout: 0 milliseconds
For documentation on this error, please visit: https://www.seleniumhq.org/exceptions/no_such_element.html
Build info: version: '3.141.59', revision: 'e82be7d358', time: '2018-11-14T08:17:03'
System info: host: 'YGEVA-LT', ip: '192.168.0.101', os.name: 'Windows 10', os.arch: 'amd64', os.version: '10.0', java.version: '15.0.1'
Driver info: io.appium.java_client.android.AndroidDriver
Capabilities {app: cloud:com.example.tapthedot..., appActivity: .MainActivity, appBuildVersion: , appPackage: com.example.tapthedot, appReleaseVersion: , appiumVersion: 1.8.0, applicationClearData: false, autoAcceptAlerts: false, autoDismissAlerts: false, autoGrantPermissions: false, autoWebview: false, cloudViewLink: https://qacloud.experitest...., commandTimeouts: 120000, desired: {app: cloud:com.example.tapthedot..., appActivity: .MainActivity, appPackage: com.example.tapthedot, oldChromeDriverSessionId: 0da6525b9e02f2e9e90ac83f57e..., platformName: Android, udid: 5LFU49SOD6DISC75}, device.category: PHONE, device.majorVersion: 5, device.manufacture: OPPO, device.model: A1601, device.name: OPPO A1601, device.os: Android, device.screenSize: 720x1280, device.serialNumber: 5LFU49SOD6DISC75, device.version: 5.1, deviceUDID: 5LFU49SOD6DISC75, dontGoHomeOnQuit: false, dontStopAppOnReset: false, ehmPrefixUrl: /agent-3419115, ehmUrl: https://qacloud.experitest...., fullReset: false, gridNodePort: 7872, install.only.for.update: false, installOnlyForUpdate: false, instrumentApp: false, javascriptEnabled: true, keystorePath: ~/.android/debug.keystore, locationServicesAuthorized: false, newSessionWaitTimeout: 600, noReset: false, oldChromeDriverSessionId: 0da6525b9e02f2e9e90ac83f57e..., platform: ANDROID, platformName: Android, projectName: , reportDirectory: reports, reportFormat: xml, reportTestId: 7657, reportUrl: https://qacloud.experitest...., reservationDuration: 240, takeScreenshots: true, test.type: Mobile, testName: mobile test 01/18/21 02:34 PM, udid: 5LFU49SOD6DISC75, useKeystore: false, waitForDeviceTimeout: 120000}
Session ID: CLOUD-SID:2021-01-18_14-34-14-e81cc582-48c3-4e21-a148-51682b0c9fbc
*** Element info: {Using=xpath, value=//*[@id='verifyNameTextBox']}
-- TEST Tap The Dot Android Login failed 3 times: org.openqa.selenium.NoSuchElementException: no such element (An element could not be located on the page using the given search parameters (XPATH='//*[@id='verifyNameTextBox']'))  (WARNING: The server did not provide any stacktrace information)
Command duration or timeout: 0 milliseconds
For documentation on this error, please visit: https://www.seleniumhq.org/exceptions/no_such_element.html
Build info: version: '3.141.59', revision: 'e82be7d358', time: '2018-11-14T08:17:03'
System info: host: 'YGEVA-LT', ip: '192.168.0.101', os.name: 'Windows 10', os.arch: 'amd64', os.version: '10.0', java.version: '15.0.1'
Driver info: io.appium.java_client.android.AndroidDriver
Capabilities {app: cloud:com.example.tapthedot..., appActivity: .MainActivity, appBuildVersion: , appPackage: com.example.tapthedot, appReleaseVersion: , appiumVersion: 1.8.0, applicationClearData: false, autoAcceptAlerts: false, autoDismissAlerts: false, autoGrantPermissions: false, autoWebview: false, cloudViewLink: https://qacloud.experitest...., commandTimeouts: 120000, desired: {app: cloud:com.example.tapthedot..., appActivity: .MainActivity, appPackage: com.example.tapthedot, oldChromeDriverSessionId: 0da6525b9e02f2e9e90ac83f57e..., platformName: Android, udid: 5LFU49SOD6DISC75}, device.category: PHONE, device.majorVersion: 5, device.manufacture: OPPO, device.model: A1601, device.name: OPPO A1601, device.os: Android, device.screenSize: 720x1280, device.serialNumber: 5LFU49SOD6DISC75, device.version: 5.1, deviceUDID: 5LFU49SOD6DISC75, dontGoHomeOnQuit: false, dontStopAppOnReset: false, ehmPrefixUrl: /agent-3419115, ehmUrl: https://qacloud.experitest...., fullReset: false, gridNodePort: 7872, install.only.for.update: false, installOnlyForUpdate: false, instrumentApp: false, javascriptEnabled: true, keystorePath: ~/.android/debug.keystore, locationServicesAuthorized: false, newSessionWaitTimeout: 600, noReset: false, oldChromeDriverSessionId: 0da6525b9e02f2e9e90ac83f57e..., platform: ANDROID, platformName: Android, projectName: , reportDirectory: reports, reportFormat: xml, reportTestId: 7657, reportUrl: https://qacloud.experitest...., reservationDuration: 240, takeScreenshots: true, test.type: Mobile, testName: mobile test 01/18/21 02:34 PM, udid: 5LFU49SOD6DISC75, useKeystore: false, waitForDeviceTimeout: 120000}
Session ID: CLOUD-SID:2021-01-18_14-34-14-e81cc582-48c3-4e21-a148-51682b0c9fbc
*** Element info: {Using=xpath, value=//*[@id='verifyNameTextBox']}
-- TEST Tap The Dot Android play 3 taps failed 1 times: org.openqa.selenium.NoSuchElementException: no such element (An element could not be located on the page using the given search parameters (XPATH='//*[@id='verifyNameTextBox']'))  (WARNING: The server did not provide any stacktrace information)
Command duration or timeout: 0 milliseconds
For documentation on this error, please visit: https://www.seleniumhq.org/exceptions/no_such_element.html
Build info: version: '3.141.59', revision: 'e82be7d358', time: '2018-11-14T08:17:03'
System info: host: 'YGEVA-LT', ip: '192.168.0.101', os.name: 'Windows 10', os.arch: 'amd64', os.version: '10.0', java.version: '15.0.1'
Driver info: io.appium.java_client.android.AndroidDriver
Capabilities {app: cloud:com.example.tapthedot..., appActivity: .MainActivity, appBuildVersion: , appPackage: com.example.tapthedot, appReleaseVersion: , appiumVersion: 1.8.0, applicationClearData: false, autoAcceptAlerts: false, autoDismissAlerts: false, autoGrantPermissions: false, autoWebview: false, cloudViewLink: https://qacloud.experitest...., commandTimeouts: 120000, desired: {app: cloud:com.example.tapthedot..., appActivity: .MainActivity, appPackage: com.example.tapthedot, platformName: Android, udid: 5LFU49SOD6DISC75}, device.category: PHONE, device.majorVersion: 5, device.manufacture: OPPO, device.model: A1601, device.name: OPPO A1601, device.os: Android, device.screenSize: 720x1280, device.serialNumber: 5LFU49SOD6DISC75, device.version: 5.1, deviceUDID: 5LFU49SOD6DISC75, dontGoHomeOnQuit: false, dontStopAppOnReset: false, ehmPrefixUrl: /agent-3419115, ehmUrl: https://qacloud.experitest...., fullReset: false, gridNodePort: 7873, install.only.for.update: false, installOnlyForUpdate: false, instrumentApp: false, javascriptEnabled: true, keystorePath: ~/.android/debug.keystore, locationServicesAuthorized: false, newSessionWaitTimeout: 600, noReset: false, platform: ANDROID, platformName: Android, projectName: , reportDirectory: reports, reportFormat: xml, reportTestId: 7661, reportUrl: https://qacloud.experitest...., reservationDuration: 240, takeScreenshots: true, test.type: Mobile, testName: mobile test 01/18/21 02:35 PM, udid: 5LFU49SOD6DISC75, useKeystore: false, waitForDeviceTimeout: 120000}
Session ID: CLOUD-SID:2021-01-18_14-35-39-2b049869-aab4-47c4-97b9-8f439f52092c
*** Element info: {Using=xpath, value=//*[@id='verifyNameTextBox']}
-- TEST Tap The Dot Android play 3 taps failed 2 times: org.openqa.selenium.NoSuchElementException: no such element (An element could not be located on the page using the given search parameters (XPATH='//*[@id='verifyNameTextBox']'))  (WARNING: The server did not provide any stacktrace information)
Command duration or timeout: 0 milliseconds
For documentation on this error, please visit: https://www.seleniumhq.org/exceptions/no_such_element.html
Build info: version: '3.141.59', revision: 'e82be7d358', time: '2018-11-14T08:17:03'
System info: host: 'YGEVA-LT', ip: '192.168.0.101', os.name: 'Windows 10', os.arch: 'amd64', os.version: '10.0', java.version: '15.0.1'
Driver info: io.appium.java_client.android.AndroidDriver
Capabilities {app: cloud:com.example.tapthedot..., appActivity: .MainActivity, appBuildVersion: , appPackage: com.example.tapthedot, appReleaseVersion: , appiumVersion: 1.8.0, applicationClearData: false, autoAcceptAlerts: false, autoDismissAlerts: false, autoGrantPermissions: false, autoWebview: false, cloudViewLink: https://qacloud.experitest...., commandTimeouts: 120000, desired: {app: cloud:com.example.tapthedot..., appActivity: .MainActivity, appPackage: com.example.tapthedot, platformName: Android, udid: 5LFU49SOD6DISC75}, device.category: PHONE, device.majorVersion: 5, device.manufacture: OPPO, device.model: A1601, device.name: OPPO A1601, device.os: Android, device.screenSize: 720x1280, device.serialNumber: 5LFU49SOD6DISC75, device.version: 5.1, deviceUDID: 5LFU49SOD6DISC75, dontGoHomeOnQuit: false, dontStopAppOnReset: false, ehmPrefixUrl: /agent-3419115, ehmUrl: https://qacloud.experitest...., fullReset: false, gridNodePort: 7873, install.only.for.update: false, installOnlyForUpdate: false, instrumentApp: false, javascriptEnabled: true, keystorePath: ~/.android/debug.keystore, locationServicesAuthorized: false, newSessionWaitTimeout: 600, noReset: false, platform: ANDROID, platformName: Android, projectName: , reportDirectory: reports, reportFormat: xml, reportTestId: 7661, reportUrl: https://qacloud.experitest...., reservationDuration: 240, takeScreenshots: true, test.type: Mobile, testName: mobile test 01/18/21 02:35 PM, udid: 5LFU49SOD6DISC75, useKeystore: false, waitForDeviceTimeout: 120000}
Session ID: CLOUD-SID:2021-01-18_14-35-39-2b049869-aab4-47c4-97b9-8f439f52092c
*** Element info: {Using=xpath, value=//*[@id='verifyNameTextBox']}
-- TEST Tap The Dot Android play 3 taps failed 3 times: org.openqa.selenium.NoSuchElementException: no such element (An element could not be located on the page using the given search parameters (XPATH='//*[@id='verifyNameTextBox']'))  (WARNING: The server did not provide any stacktrace information)
Command duration or timeout: 0 milliseconds
For documentation on this error, please visit: https://www.seleniumhq.org/exceptions/no_such_element.html
Build info: version: '3.141.59', revision: 'e82be7d358', time: '2018-11-14T08:17:03'
System info: host: 'YGEVA-LT', ip: '192.168.0.101', os.name: 'Windows 10', os.arch: 'amd64', os.version: '10.0', java.version: '15.0.1'
Driver info: io.appium.java_client.android.AndroidDriver
Capabilities {app: cloud:com.example.tapthedot..., appActivity: .MainActivity, appBuildVersion: , appPackage: com.example.tapthedot, appReleaseVersion: , appiumVersion: 1.8.0, applicationClearData: false, autoAcceptAlerts: false, autoDismissAlerts: false, autoGrantPermissions: false, autoWebview: false, cloudViewLink: https://qacloud.experitest...., commandTimeouts: 120000, desired: {app: cloud:com.example.tapthedot..., appActivity: .MainActivity, appPackage: com.example.tapthedot, platformName: Android, udid: 5LFU49SOD6DISC75}, device.category: PHONE, device.majorVersion: 5, device.manufacture: OPPO, device.model: A1601, device.name: OPPO A1601, device.os: Android, device.screenSize: 720x1280, device.serialNumber: 5LFU49SOD6DISC75, device.version: 5.1, deviceUDID: 5LFU49SOD6DISC75, dontGoHomeOnQuit: false, dontStopAppOnReset: false, ehmPrefixUrl: /agent-3419115, ehmUrl: https://qacloud.experitest...., fullReset: false, gridNodePort: 7873, install.only.for.update: false, installOnlyForUpdate: false, instrumentApp: false, javascriptEnabled: true, keystorePath: ~/.android/debug.keystore, locationServicesAuthorized: false, newSessionWaitTimeout: 600, noReset: false, platform: ANDROID, platformName: Android, projectName: , reportDirectory: reports, reportFormat: xml, reportTestId: 7661, reportUrl: https://qacloud.experitest...., reservationDuration: 240, takeScreenshots: true, test.type: Mobile, testName: mobile test 01/18/21 02:35 PM, udid: 5LFU49SOD6DISC75, useKeystore: false, waitForDeviceTimeout: 120000}
Session ID: CLOUD-SID:2021-01-18_14-35-39-2b049869-aab4-47c4-97b9-8f439f52092c
*** Element info: {Using=xpath, value=//*[@id='verifyNameTextBox']}
