-----iteration-----: 1
-- TEST Tap The Dot Android Login failed 1 times: org.openqa.selenium.NoSuchElementException: no such element (An element could not be located on the page using the given search parameters (XPATH='//*[@id='nameTextBox']'))  (WARNING: The server did not provide any stacktrace information)
Command duration or timeout: 0 milliseconds
For documentation on this error, please visit: https://www.seleniumhq.org/exceptions/no_such_element.html
Build info: version: '3.141.59', revision: 'e82be7d358', time: '2018-11-14T08:17:03'
System info: host: 'YGEVA-LT', ip: '192.168.0.101', os.name: 'Windows 10', os.arch: 'amd64', os.version: '10.0', java.version: '15.0.1'
Driver info: io.appium.java_client.android.AndroidDriver
Capabilities {app: cloud:com.example.tapthedot..., appActivity: .MainActivity, appBuildVersion: , appPackage: com.example.tapthedot, appReleaseVersion: , appiumVersion: 1.8.0, applicationClearData: false, autoAcceptAlerts: false, autoDismissAlerts: false, autoGrantPermissions: false, autoWebview: false, cloudViewLink: https://qaregion.experitest..., commandTimeouts: 120000, desired: {app: cloud:com.example.tapthedot..., appActivity: .MainActivity, appPackage: com.example.tapthedot, platformName: Android, udid: PMF4C17810000893}, device.category: PHONE, device.majorVersion: 8, device.manufacture: HUAWEI, device.model: WAS-LX1, device.name: HUAWEI WAS-LX1, device.os: Android, device.screenSize: 1080x1920, device.serialNumber: PMF4C17810000893, device.version: 8.0.0, deviceUDID: PMF4C17810000893, dontGoHomeOnQuit: false, dontStopAppOnReset: false, ehmPrefixUrl: /agent-3540344, ehmUrl: https://qaregion.experitest..., fullReset: false, gridNodePort: 7808, install.only.for.update: false, installOnlyForUpdate: false, instrumentApp: false, javascriptEnabled: true, keystorePath: ~/.android/debug.keystore, locationServicesAuthorized: false, newSessionWaitTimeout: 600, noReset: false, platform: ANDROID, platformName: Android, projectName: , reportDirectory: reports, reportFormat: xml, reportTestId: 7680, reportUrl: https://qacloud.experitest...., reservationDuration: 240, takeScreenshots: true, test.type: Mobile, testName: mobile test 01/18/21 02:50 PM, udid: PMF4C17810000893, useKeystore: false, waitForDeviceTimeout: 120000}
Session ID: CLOUD-SID:2021-01-18_14-44-43-58558a3f-fb8b-4ad0-8b5d-c723c68bb1a0
*** Element info: {Using=xpath, value=//*[@id='nameTextBox']}
-- TEST Tap The Dot Android Login failed 2 times: org.openqa.selenium.NoSuchElementException: no such element (An element could not be located on the page using the given search parameters (XPATH='//*[@id='nameTextBox']'))  (WARNING: The server did not provide any stacktrace information)
Command duration or timeout: 0 milliseconds
For documentation on this error, please visit: https://www.seleniumhq.org/exceptions/no_such_element.html
Build info: version: '3.141.59', revision: 'e82be7d358', time: '2018-11-14T08:17:03'
System info: host: 'YGEVA-LT', ip: '192.168.0.101', os.name: 'Windows 10', os.arch: 'amd64', os.version: '10.0', java.version: '15.0.1'
Driver info: io.appium.java_client.android.AndroidDriver
Capabilities {app: cloud:com.example.tapthedot..., appActivity: .MainActivity, appBuildVersion: , appPackage: com.example.tapthedot, appReleaseVersion: , appiumVersion: 1.8.0, applicationClearData: false, autoAcceptAlerts: false, autoDismissAlerts: false, autoGrantPermissions: false, autoWebview: false, cloudViewLink: https://qaregion.experitest..., commandTimeouts: 120000, desired: {app: cloud:com.example.tapthedot..., appActivity: .MainActivity, appPackage: com.example.tapthedot, platformName: Android, udid: PMF4C17810000893}, device.category: PHONE, device.majorVersion: 8, device.manufacture: HUAWEI, device.model: WAS-LX1, device.name: HUAWEI WAS-LX1, device.os: Android, device.screenSize: 1080x1920, device.serialNumber: PMF4C17810000893, device.version: 8.0.0, deviceUDID: PMF4C17810000893, dontGoHomeOnQuit: false, dontStopAppOnReset: false, ehmPrefixUrl: /agent-3540344, ehmUrl: https://qaregion.experitest..., fullReset: false, gridNodePort: 7808, install.only.for.update: false, installOnlyForUpdate: false, instrumentApp: false, javascriptEnabled: true, keystorePath: ~/.android/debug.keystore, locationServicesAuthorized: false, newSessionWaitTimeout: 600, noReset: false, platform: ANDROID, platformName: Android, projectName: , reportDirectory: reports, reportFormat: xml, reportTestId: 7680, reportUrl: https://qacloud.experitest...., reservationDuration: 240, takeScreenshots: true, test.type: Mobile, testName: mobile test 01/18/21 02:50 PM, udid: PMF4C17810000893, useKeystore: false, waitForDeviceTimeout: 120000}
Session ID: CLOUD-SID:2021-01-18_14-44-43-58558a3f-fb8b-4ad0-8b5d-c723c68bb1a0
*** Element info: {Using=xpath, value=//*[@id='nameTextBox']}
-- TEST Tap The Dot Android Login failed 3 times: org.openqa.selenium.NoSuchElementException: no such element (An element could not be located on the page using the given search parameters (XPATH='//*[@id='nameTextBox']'))  (WARNING: The server did not provide any stacktrace information)
Command duration or timeout: 0 milliseconds
For documentation on this error, please visit: https://www.seleniumhq.org/exceptions/no_such_element.html
Build info: version: '3.141.59', revision: 'e82be7d358', time: '2018-11-14T08:17:03'
System info: host: 'YGEVA-LT', ip: '192.168.0.101', os.name: 'Windows 10', os.arch: 'amd64', os.version: '10.0', java.version: '15.0.1'
Driver info: io.appium.java_client.android.AndroidDriver
Capabilities {app: cloud:com.example.tapthedot..., appActivity: .MainActivity, appBuildVersion: , appPackage: com.example.tapthedot, appReleaseVersion: , appiumVersion: 1.8.0, applicationClearData: false, autoAcceptAlerts: false, autoDismissAlerts: false, autoGrantPermissions: false, autoWebview: false, cloudViewLink: https://qaregion.experitest..., commandTimeouts: 120000, desired: {app: cloud:com.example.tapthedot..., appActivity: .MainActivity, appPackage: com.example.tapthedot, platformName: Android, udid: PMF4C17810000893}, device.category: PHONE, device.majorVersion: 8, device.manufacture: HUAWEI, device.model: WAS-LX1, device.name: HUAWEI WAS-LX1, device.os: Android, device.screenSize: 1080x1920, device.serialNumber: PMF4C17810000893, device.version: 8.0.0, deviceUDID: PMF4C17810000893, dontGoHomeOnQuit: false, dontStopAppOnReset: false, ehmPrefixUrl: /agent-3540344, ehmUrl: https://qaregion.experitest..., fullReset: false, gridNodePort: 7808, install.only.for.update: false, installOnlyForUpdate: false, instrumentApp: false, javascriptEnabled: true, keystorePath: ~/.android/debug.keystore, locationServicesAuthorized: false, newSessionWaitTimeout: 600, noReset: false, platform: ANDROID, platformName: Android, projectName: , reportDirectory: reports, reportFormat: xml, reportTestId: 7680, reportUrl: https://qacloud.experitest...., reservationDuration: 240, takeScreenshots: true, test.type: Mobile, testName: mobile test 01/18/21 02:50 PM, udid: PMF4C17810000893, useKeystore: false, waitForDeviceTimeout: 120000}
Session ID: CLOUD-SID:2021-01-18_14-44-43-58558a3f-fb8b-4ad0-8b5d-c723c68bb1a0
*** Element info: {Using=xpath, value=//*[@id='nameTextBox']}
-- TEST Tap The Dot Android Login failed 4 times: org.openqa.selenium.NoSuchElementException: no such element (An element could not be located on the page using the given search parameters (XPATH='//*[@id='nameTextBox']'))  (WARNING: The server did not provide any stacktrace information)
Command duration or timeout: 0 milliseconds
For documentation on this error, please visit: https://www.seleniumhq.org/exceptions/no_such_element.html
Build info: version: '3.141.59', revision: 'e82be7d358', time: '2018-11-14T08:17:03'
System info: host: 'YGEVA-LT', ip: '192.168.0.101', os.name: 'Windows 10', os.arch: 'amd64', os.version: '10.0', java.version: '15.0.1'
Driver info: io.appium.java_client.android.AndroidDriver
Capabilities {app: cloud:com.example.tapthedot..., appActivity: .MainActivity, appBuildVersion: , appPackage: com.example.tapthedot, appReleaseVersion: , appiumVersion: 1.8.0, applicationClearData: false, autoAcceptAlerts: false, autoDismissAlerts: false, autoGrantPermissions: false, autoWebview: false, cloudViewLink: https://qaregion.experitest..., commandTimeouts: 120000, desired: {app: cloud:com.example.tapthedot..., appActivity: .MainActivity, appPackage: com.example.tapthedot, platformName: Android, udid: PMF4C17810000893}, device.category: PHONE, device.majorVersion: 8, device.manufacture: HUAWEI, device.model: WAS-LX1, device.name: HUAWEI WAS-LX1, device.os: Android, device.screenSize: 1080x1920, device.serialNumber: PMF4C17810000893, device.version: 8.0.0, deviceUDID: PMF4C17810000893, dontGoHomeOnQuit: false, dontStopAppOnReset: false, ehmPrefixUrl: /agent-3540344, ehmUrl: https://qaregion.experitest..., fullReset: false, gridNodePort: 7808, install.only.for.update: false, installOnlyForUpdate: false, instrumentApp: false, javascriptEnabled: true, keystorePath: ~/.android/debug.keystore, locationServicesAuthorized: false, newSessionWaitTimeout: 600, noReset: false, platform: ANDROID, platformName: Android, projectName: , reportDirectory: reports, reportFormat: xml, reportTestId: 7680, reportUrl: https://qacloud.experitest...., reservationDuration: 240, takeScreenshots: true, test.type: Mobile, testName: mobile test 01/18/21 02:50 PM, udid: PMF4C17810000893, useKeystore: false, waitForDeviceTimeout: 120000}
Session ID: CLOUD-SID:2021-01-18_14-44-43-58558a3f-fb8b-4ad0-8b5d-c723c68bb1a0
*** Element info: {Using=xpath, value=//*[@id='nameTextBox']}
-- TEST Tap The Dot Android play 3 taps failed 1 times: org.openqa.selenium.NoSuchElementException: no such element (An element could not be located on the page using the given search parameters (XPATH='//*[@id='nameTextBox']'))  (WARNING: The server did not provide any stacktrace information)
Command duration or timeout: 0 milliseconds
For documentation on this error, please visit: https://www.seleniumhq.org/exceptions/no_such_element.html
Build info: version: '3.141.59', revision: 'e82be7d358', time: '2018-11-14T08:17:03'
System info: host: 'YGEVA-LT', ip: '192.168.0.101', os.name: 'Windows 10', os.arch: 'amd64', os.version: '10.0', java.version: '15.0.1'
Driver info: io.appium.java_client.android.AndroidDriver
Capabilities {app: cloud:com.example.tapthedot..., appActivity: .MainActivity, appBuildVersion: , appPackage: com.example.tapthedot, appReleaseVersion: , appiumVersion: 1.8.0, applicationClearData: false, autoAcceptAlerts: false, autoDismissAlerts: false, autoGrantPermissions: false, autoWebview: false, cloudViewLink: https://qaregion.experitest..., commandTimeouts: 120000, desired: {app: cloud:com.example.tapthedot..., appActivity: .MainActivity, appPackage: com.example.tapthedot, platformName: Android, udid: PMF4C17810000893}, device.category: PHONE, device.majorVersion: 8, device.manufacture: HUAWEI, device.model: WAS-LX1, device.name: HUAWEI WAS-LX1, device.os: Android, device.screenSize: 1080x1920, device.serialNumber: PMF4C17810000893, device.version: 8.0.0, deviceUDID: PMF4C17810000893, dontGoHomeOnQuit: false, dontStopAppOnReset: false, ehmPrefixUrl: /agent-3540344, ehmUrl: https://qaregion.experitest..., fullReset: false, gridNodePort: 7809, install.only.for.update: false, installOnlyForUpdate: false, instrumentApp: false, javascriptEnabled: true, keystorePath: ~/.android/debug.keystore, locationServicesAuthorized: false, newSessionWaitTimeout: 600, noReset: false, platform: ANDROID, platformName: Android, projectName: , reportDirectory: reports, reportFormat: xml, reportTestId: 7684, reportUrl: https://qacloud.experitest...., reservationDuration: 240, takeScreenshots: true, test.type: Mobile, testName: mobile test 01/18/21 02:59 PM, udid: PMF4C17810000893, useKeystore: false, waitForDeviceTimeout: 120000}
Session ID: CLOUD-SID:2021-01-18_14-58-51-07897442-1484-4a15-86ea-302880830c66
*** Element info: {Using=xpath, value=//*[@id='nameTextBox']}
-- TEST Tap The Dot Android play 3 taps failed 2 times: org.openqa.selenium.NoSuchElementException: no such element (An element could not be located on the page using the given search parameters (XPATH='//*[@id='nameTextBox']'))  (WARNING: The server did not provide any stacktrace information)
Command duration or timeout: 0 milliseconds
For documentation on this error, please visit: https://www.seleniumhq.org/exceptions/no_such_element.html
Build info: version: '3.141.59', revision: 'e82be7d358', time: '2018-11-14T08:17:03'
System info: host: 'YGEVA-LT', ip: '192.168.0.101', os.name: 'Windows 10', os.arch: 'amd64', os.version: '10.0', java.version: '15.0.1'
Driver info: io.appium.java_client.android.AndroidDriver
Capabilities {app: cloud:com.example.tapthedot..., appActivity: .MainActivity, appBuildVersion: , appPackage: com.example.tapthedot, appReleaseVersion: , appiumVersion: 1.8.0, applicationClearData: false, autoAcceptAlerts: false, autoDismissAlerts: false, autoGrantPermissions: false, autoWebview: false, cloudViewLink: https://qaregion.experitest..., commandTimeouts: 120000, desired: {app: cloud:com.example.tapthedot..., appActivity: .MainActivity, appPackage: com.example.tapthedot, platformName: Android, udid: PMF4C17810000893}, device.category: PHONE, device.majorVersion: 8, device.manufacture: HUAWEI, device.model: WAS-LX1, device.name: HUAWEI WAS-LX1, device.os: Android, device.screenSize: 1080x1920, device.serialNumber: PMF4C17810000893, device.version: 8.0.0, deviceUDID: PMF4C17810000893, dontGoHomeOnQuit: false, dontStopAppOnReset: false, ehmPrefixUrl: /agent-3540344, ehmUrl: https://qaregion.experitest..., fullReset: false, gridNodePort: 7809, install.only.for.update: false, installOnlyForUpdate: false, instrumentApp: false, javascriptEnabled: true, keystorePath: ~/.android/debug.keystore, locationServicesAuthorized: false, newSessionWaitTimeout: 600, noReset: false, platform: ANDROID, platformName: Android, projectName: , reportDirectory: reports, reportFormat: xml, reportTestId: 7684, reportUrl: https://qacloud.experitest...., reservationDuration: 240, takeScreenshots: true, test.type: Mobile, testName: mobile test 01/18/21 02:59 PM, udid: PMF4C17810000893, useKeystore: false, waitForDeviceTimeout: 120000}
Session ID: CLOUD-SID:2021-01-18_14-58-51-07897442-1484-4a15-86ea-302880830c66
*** Element info: {Using=xpath, value=//*[@id='nameTextBox']}
-- TEST Tap The Dot Android play 3 taps failed 3 times: org.openqa.selenium.NoSuchElementException: no such element (An element could not be located on the page using the given search parameters (XPATH='//*[@id='nameTextBox']'))  (WARNING: The server did not provide any stacktrace information)
Command duration or timeout: 0 milliseconds
For documentation on this error, please visit: https://www.seleniumhq.org/exceptions/no_such_element.html
Build info: version: '3.141.59', revision: 'e82be7d358', time: '2018-11-14T08:17:03'
System info: host: 'YGEVA-LT', ip: '192.168.0.101', os.name: 'Windows 10', os.arch: 'amd64', os.version: '10.0', java.version: '15.0.1'
Driver info: io.appium.java_client.android.AndroidDriver
Capabilities {app: cloud:com.example.tapthedot..., appActivity: .MainActivity, appBuildVersion: , appPackage: com.example.tapthedot, appReleaseVersion: , appiumVersion: 1.8.0, applicationClearData: false, autoAcceptAlerts: false, autoDismissAlerts: false, autoGrantPermissions: false, autoWebview: false, cloudViewLink: https://qaregion.experitest..., commandTimeouts: 120000, desired: {app: cloud:com.example.tapthedot..., appActivity: .MainActivity, appPackage: com.example.tapthedot, platformName: Android, udid: PMF4C17810000893}, device.category: PHONE, device.majorVersion: 8, device.manufacture: HUAWEI, device.model: WAS-LX1, device.name: HUAWEI WAS-LX1, device.os: Android, device.screenSize: 1080x1920, device.serialNumber: PMF4C17810000893, device.version: 8.0.0, deviceUDID: PMF4C17810000893, dontGoHomeOnQuit: false, dontStopAppOnReset: false, ehmPrefixUrl: /agent-3540344, ehmUrl: https://qaregion.experitest..., fullReset: false, gridNodePort: 7809, install.only.for.update: false, installOnlyForUpdate: false, instrumentApp: false, javascriptEnabled: true, keystorePath: ~/.android/debug.keystore, locationServicesAuthorized: false, newSessionWaitTimeout: 600, noReset: false, platform: ANDROID, platformName: Android, projectName: , reportDirectory: reports, reportFormat: xml, reportTestId: 7684, reportUrl: https://qacloud.experitest...., reservationDuration: 240, takeScreenshots: true, test.type: Mobile, testName: mobile test 01/18/21 02:59 PM, udid: PMF4C17810000893, useKeystore: false, waitForDeviceTimeout: 120000}
Session ID: CLOUD-SID:2021-01-18_14-58-51-07897442-1484-4a15-86ea-302880830c66
*** Element info: {Using=xpath, value=//*[@id='nameTextBox']}
-- TEST Tap The Dot Android play 3 taps failed 4 times: org.openqa.selenium.NoSuchElementException: no such element (An element could not be located on the page using the given search parameters (XPATH='//*[@id='nameTextBox']'))  (WARNING: The server did not provide any stacktrace information)
Command duration or timeout: 0 milliseconds
For documentation on this error, please visit: https://www.seleniumhq.org/exceptions/no_such_element.html
Build info: version: '3.141.59', revision: 'e82be7d358', time: '2018-11-14T08:17:03'
System info: host: 'YGEVA-LT', ip: '192.168.0.101', os.name: 'Windows 10', os.arch: 'amd64', os.version: '10.0', java.version: '15.0.1'
Driver info: io.appium.java_client.android.AndroidDriver
Capabilities {app: cloud:com.example.tapthedot..., appActivity: .MainActivity, appBuildVersion: , appPackage: com.example.tapthedot, appReleaseVersion: , appiumVersion: 1.8.0, applicationClearData: false, autoAcceptAlerts: false, autoDismissAlerts: false, autoGrantPermissions: false, autoWebview: false, cloudViewLink: https://qaregion.experitest..., commandTimeouts: 120000, desired: {app: cloud:com.example.tapthedot..., appActivity: .MainActivity, appPackage: com.example.tapthedot, platformName: Android, udid: PMF4C17810000893}, device.category: PHONE, device.majorVersion: 8, device.manufacture: HUAWEI, device.model: WAS-LX1, device.name: HUAWEI WAS-LX1, device.os: Android, device.screenSize: 1080x1920, device.serialNumber: PMF4C17810000893, device.version: 8.0.0, deviceUDID: PMF4C17810000893, dontGoHomeOnQuit: false, dontStopAppOnReset: false, ehmPrefixUrl: /agent-3540344, ehmUrl: https://qaregion.experitest..., fullReset: false, gridNodePort: 7809, install.only.for.update: false, installOnlyForUpdate: false, instrumentApp: false, javascriptEnabled: true, keystorePath: ~/.android/debug.keystore, locationServicesAuthorized: false, newSessionWaitTimeout: 600, noReset: false, platform: ANDROID, platformName: Android, projectName: , reportDirectory: reports, reportFormat: xml, reportTestId: 7684, reportUrl: https://qacloud.experitest...., reservationDuration: 240, takeScreenshots: true, test.type: Mobile, testName: mobile test 01/18/21 02:59 PM, udid: PMF4C17810000893, useKeystore: false, waitForDeviceTimeout: 120000}
Session ID: CLOUD-SID:2021-01-18_14-58-51-07897442-1484-4a15-86ea-302880830c66
*** Element info: {Using=xpath, value=//*[@id='nameTextBox']}
-- TEST AppStore android Download failed 1 times: org.openqa.selenium.NoSuchElementException: no such element (An element could not be located on the page using the given search parameters (XPATH='//*[@text='Top charts']'))  (WARNING: The server did not provide any stacktrace information)
Command duration or timeout: 0 milliseconds
For documentation on this error, please visit: https://www.seleniumhq.org/exceptions/no_such_element.html
Build info: version: '3.141.59', revision: 'e82be7d358', time: '2018-11-14T08:17:03'
System info: host: 'YGEVA-LT', ip: '192.168.0.101', os.name: 'Windows 10', os.arch: 'amd64', os.version: '10.0', java.version: '15.0.1'
Driver info: io.appium.java_client.android.AndroidDriver
Capabilities {appActivity: .AssetBrowserActivity, appBuildVersion: , appPackage: com.android.vending, appReleaseVersion: , appiumVersion: 1.8.0, applicationClearData: false, autoAcceptAlerts: false, autoDismissAlerts: false, autoGrantPermissions: false, autoWebview: false, cloudViewLink: https://qaregion.experitest..., commandTimeouts: 120000, desired: {appActivity: .AssetBrowserActivity, appPackage: com.android.vending, platformName: Android, udid: PMF4C17810000893}, device.category: PHONE, device.majorVersion: 8, device.manufacture: HUAWEI, device.model: WAS-LX1, device.name: HUAWEI WAS-LX1, device.os: Android, device.screenSize: 1080x1920, device.serialNumber: PMF4C17810000893, device.version: 8.0.0, deviceUDID: PMF4C17810000893, dontGoHomeOnQuit: false, dontStopAppOnReset: false, ehmPrefixUrl: /agent-3540344, ehmUrl: https://qaregion.experitest..., fullReset: false, gridNodePort: 7810, install.only.for.update: false, installOnlyForUpdate: false, instrumentApp: false, javascriptEnabled: true, keystorePath: ~/.android/debug.keystore, locationServicesAuthorized: false, newSessionWaitTimeout: 600, noReset: false, platform: ANDROID, platformName: Android, projectName: , reportDirectory: reports, reportFormat: xml, reportTestId: 7686, reportUrl: https://qacloud.experitest...., reservationDuration: 240, takeScreenshots: true, test.type: Mobile, testName: mobile test 01/18/21 03:01 PM, udid: PMF4C17810000893, useKeystore: false, waitForDeviceTimeout: 120000}
Session ID: CLOUD-SID:2021-01-18_15-01-15-5537940f-2acf-443b-acf6-ed8ae38cc84b
*** Element info: {Using=xpath, value=//*[@text='Top charts']}
-- TEST AppStore android Download failed 2 times: org.openqa.selenium.NoSuchElementException: no such element (An element could not be located on the page using the given search parameters (XPATH='//*[@text='Top charts']'))  (WARNING: The server did not provide any stacktrace information)
Command duration or timeout: 0 milliseconds
For documentation on this error, please visit: https://www.seleniumhq.org/exceptions/no_such_element.html
Build info: version: '3.141.59', revision: 'e82be7d358', time: '2018-11-14T08:17:03'
System info: host: 'YGEVA-LT', ip: '192.168.0.101', os.name: 'Windows 10', os.arch: 'amd64', os.version: '10.0', java.version: '15.0.1'
Driver info: io.appium.java_client.android.AndroidDriver
Capabilities {appActivity: .AssetBrowserActivity, appBuildVersion: , appPackage: com.android.vending, appReleaseVersion: , appiumVersion: 1.8.0, applicationClearData: false, autoAcceptAlerts: false, autoDismissAlerts: false, autoGrantPermissions: false, autoWebview: false, cloudViewLink: https://qaregion.experitest..., commandTimeouts: 120000, desired: {appActivity: .AssetBrowserActivity, appPackage: com.android.vending, platformName: Android, udid: PMF4C17810000893}, device.category: PHONE, device.majorVersion: 8, device.manufacture: HUAWEI, device.model: WAS-LX1, device.name: HUAWEI WAS-LX1, device.os: Android, device.screenSize: 1080x1920, device.serialNumber: PMF4C17810000893, device.version: 8.0.0, deviceUDID: PMF4C17810000893, dontGoHomeOnQuit: false, dontStopAppOnReset: false, ehmPrefixUrl: /agent-3540344, ehmUrl: https://qaregion.experitest..., fullReset: false, gridNodePort: 7810, install.only.for.update: false, installOnlyForUpdate: false, instrumentApp: false, javascriptEnabled: true, keystorePath: ~/.android/debug.keystore, locationServicesAuthorized: false, newSessionWaitTimeout: 600, noReset: false, platform: ANDROID, platformName: Android, projectName: , reportDirectory: reports, reportFormat: xml, reportTestId: 7686, reportUrl: https://qacloud.experitest...., reservationDuration: 240, takeScreenshots: true, test.type: Mobile, testName: mobile test 01/18/21 03:01 PM, udid: PMF4C17810000893, useKeystore: false, waitForDeviceTimeout: 120000}
Session ID: CLOUD-SID:2021-01-18_15-01-15-5537940f-2acf-443b-acf6-ed8ae38cc84b
*** Element info: {Using=xpath, value=//*[@text='Top charts']}
-- TEST AppStore android Download failed 3 times: org.openqa.selenium.NoSuchElementException: no such element (An element could not be located on the page using the given search parameters (XPATH='//*[@text='Top charts']'))  (WARNING: The server did not provide any stacktrace information)
Command duration or timeout: 0 milliseconds
For documentation on this error, please visit: https://www.seleniumhq.org/exceptions/no_such_element.html
Build info: version: '3.141.59', revision: 'e82be7d358', time: '2018-11-14T08:17:03'
System info: host: 'YGEVA-LT', ip: '192.168.0.101', os.name: 'Windows 10', os.arch: 'amd64', os.version: '10.0', java.version: '15.0.1'
Driver info: io.appium.java_client.android.AndroidDriver
Capabilities {appActivity: .AssetBrowserActivity, appBuildVersion: , appPackage: com.android.vending, appReleaseVersion: , appiumVersion: 1.8.0, applicationClearData: false, autoAcceptAlerts: false, autoDismissAlerts: false, autoGrantPermissions: false, autoWebview: false, cloudViewLink: https://qaregion.experitest..., commandTimeouts: 120000, desired: {appActivity: .AssetBrowserActivity, appPackage: com.android.vending, platformName: Android, udid: PMF4C17810000893}, device.category: PHONE, device.majorVersion: 8, device.manufacture: HUAWEI, device.model: WAS-LX1, device.name: HUAWEI WAS-LX1, device.os: Android, device.screenSize: 1080x1920, device.serialNumber: PMF4C17810000893, device.version: 8.0.0, deviceUDID: PMF4C17810000893, dontGoHomeOnQuit: false, dontStopAppOnReset: false, ehmPrefixUrl: /agent-3540344, ehmUrl: https://qaregion.experitest..., fullReset: false, gridNodePort: 7810, install.only.for.update: false, installOnlyForUpdate: false, instrumentApp: false, javascriptEnabled: true, keystorePath: ~/.android/debug.keystore, locationServicesAuthorized: false, newSessionWaitTimeout: 600, noReset: false, platform: ANDROID, platformName: Android, projectName: , reportDirectory: reports, reportFormat: xml, reportTestId: 7686, reportUrl: https://qacloud.experitest...., reservationDuration: 240, takeScreenshots: true, test.type: Mobile, testName: mobile test 01/18/21 03:01 PM, udid: PMF4C17810000893, useKeystore: false, waitForDeviceTimeout: 120000}
Session ID: CLOUD-SID:2021-01-18_15-01-15-5537940f-2acf-443b-acf6-ed8ae38cc84b
*** Element info: {Using=xpath, value=//*[@text='Top charts']}
-- TEST AppStore android Download failed 4 times: org.openqa.selenium.NoSuchElementException: no such element (An element could not be located on the page using the given search parameters (XPATH='//*[@text='Top charts']'))  (WARNING: The server did not provide any stacktrace information)
Command duration or timeout: 0 milliseconds
For documentation on this error, please visit: https://www.seleniumhq.org/exceptions/no_such_element.html
Build info: version: '3.141.59', revision: 'e82be7d358', time: '2018-11-14T08:17:03'
System info: host: 'YGEVA-LT', ip: '192.168.0.101', os.name: 'Windows 10', os.arch: 'amd64', os.version: '10.0', java.version: '15.0.1'
Driver info: io.appium.java_client.android.AndroidDriver
Capabilities {appActivity: .AssetBrowserActivity, appBuildVersion: , appPackage: com.android.vending, appReleaseVersion: , appiumVersion: 1.8.0, applicationClearData: false, autoAcceptAlerts: false, autoDismissAlerts: false, autoGrantPermissions: false, autoWebview: false, cloudViewLink: https://qaregion.experitest..., commandTimeouts: 120000, desired: {appActivity: .AssetBrowserActivity, appPackage: com.android.vending, platformName: Android, udid: PMF4C17810000893}, device.category: PHONE, device.majorVersion: 8, device.manufacture: HUAWEI, device.model: WAS-LX1, device.name: HUAWEI WAS-LX1, device.os: Android, device.screenSize: 1080x1920, device.serialNumber: PMF4C17810000893, device.version: 8.0.0, deviceUDID: PMF4C17810000893, dontGoHomeOnQuit: false, dontStopAppOnReset: false, ehmPrefixUrl: /agent-3540344, ehmUrl: https://qaregion.experitest..., fullReset: false, gridNodePort: 7810, install.only.for.update: false, installOnlyForUpdate: false, instrumentApp: false, javascriptEnabled: true, keystorePath: ~/.android/debug.keystore, locationServicesAuthorized: false, newSessionWaitTimeout: 600, noReset: false, platform: ANDROID, platformName: Android, projectName: , reportDirectory: reports, reportFormat: xml, reportTestId: 7686, reportUrl: https://qacloud.experitest...., reservationDuration: 240, takeScreenshots: true, test.type: Mobile, testName: mobile test 01/18/21 03:01 PM, udid: PMF4C17810000893, useKeystore: false, waitForDeviceTimeout: 120000}
Session ID: CLOUD-SID:2021-01-18_15-01-15-5537940f-2acf-443b-acf6-ed8ae38cc84b
*** Element info: {Using=xpath, value=//*[@text='Top charts']}
-- TEST AppStore android top10 failed 1 times: org.openqa.selenium.NoSuchElementException: no such element (An element could not be located on the page using the given search parameters (XPATH='//*[@text='Top charts']'))  (WARNING: The server did not provide any stacktrace information)
Command duration or timeout: 0 milliseconds
For documentation on this error, please visit: https://www.seleniumhq.org/exceptions/no_such_element.html
Build info: version: '3.141.59', revision: 'e82be7d358', time: '2018-11-14T08:17:03'
System info: host: 'YGEVA-LT', ip: '192.168.0.101', os.name: 'Windows 10', os.arch: 'amd64', os.version: '10.0', java.version: '15.0.1'
Driver info: io.appium.java_client.android.AndroidDriver
Capabilities {appActivity: .AssetBrowserActivity, appBuildVersion: , appPackage: com.android.vending, appReleaseVersion: , appiumVersion: 1.8.0, applicationClearData: false, autoAcceptAlerts: false, autoDismissAlerts: false, autoGrantPermissions: false, autoWebview: false, cloudViewLink: https://qaregion.experitest..., commandTimeouts: 120000, desired: {appActivity: .AssetBrowserActivity, appPackage: com.android.vending, platformName: Android, udid: PMF4C17810000893}, device.category: PHONE, device.majorVersion: 8, device.manufacture: HUAWEI, device.model: WAS-LX1, device.name: HUAWEI WAS-LX1, device.os: Android, device.screenSize: 1080x1920, device.serialNumber: PMF4C17810000893, device.version: 8.0.0, deviceUDID: PMF4C17810000893, dontGoHomeOnQuit: false, dontStopAppOnReset: false, ehmPrefixUrl: /agent-3540344, ehmUrl: https://qaregion.experitest..., fullReset: false, gridNodePort: 7811, install.only.for.update: false, installOnlyForUpdate: false, instrumentApp: false, javascriptEnabled: true, keystorePath: ~/.android/debug.keystore, locationServicesAuthorized: false, newSessionWaitTimeout: 600, noReset: false, platform: ANDROID, platformName: Android, projectName: , reportDirectory: reports, reportFormat: xml, reportTestId: 7687, reportUrl: https://qacloud.experitest...., reservationDuration: 240, takeScreenshots: true, test.type: Mobile, testName: mobile test 01/18/21 03:03 PM, udid: PMF4C17810000893, useKeystore: false, waitForDeviceTimeout: 120000}
Session ID: CLOUD-SID:2021-01-18_15-03-33-e73ea911-ff0a-4128-a4b5-a4c5bd78653c
*** Element info: {Using=xpath, value=//*[@text='Top charts']}
-- TEST AppStore android top10 failed 2 times: org.openqa.selenium.NoSuchElementException: no such element (An element could not be located on the page using the given search parameters (XPATH='//*[@text='Top charts']'))  (WARNING: The server did not provide any stacktrace information)
Command duration or timeout: 0 milliseconds
For documentation on this error, please visit: https://www.seleniumhq.org/exceptions/no_such_element.html
Build info: version: '3.141.59', revision: 'e82be7d358', time: '2018-11-14T08:17:03'
System info: host: 'YGEVA-LT', ip: '192.168.0.101', os.name: 'Windows 10', os.arch: 'amd64', os.version: '10.0', java.version: '15.0.1'
Driver info: io.appium.java_client.android.AndroidDriver
Capabilities {appActivity: .AssetBrowserActivity, appBuildVersion: , appPackage: com.android.vending, appReleaseVersion: , appiumVersion: 1.8.0, applicationClearData: false, autoAcceptAlerts: false, autoDismissAlerts: false, autoGrantPermissions: false, autoWebview: false, cloudViewLink: https://qaregion.experitest..., commandTimeouts: 120000, desired: {appActivity: .AssetBrowserActivity, appPackage: com.android.vending, platformName: Android, udid: PMF4C17810000893}, device.category: PHONE, device.majorVersion: 8, device.manufacture: HUAWEI, device.model: WAS-LX1, device.name: HUAWEI WAS-LX1, device.os: Android, device.screenSize: 1080x1920, device.serialNumber: PMF4C17810000893, device.version: 8.0.0, deviceUDID: PMF4C17810000893, dontGoHomeOnQuit: false, dontStopAppOnReset: false, ehmPrefixUrl: /agent-3540344, ehmUrl: https://qaregion.experitest..., fullReset: false, gridNodePort: 7811, install.only.for.update: false, installOnlyForUpdate: false, instrumentApp: false, javascriptEnabled: true, keystorePath: ~/.android/debug.keystore, locationServicesAuthorized: false, newSessionWaitTimeout: 600, noReset: false, platform: ANDROID, platformName: Android, projectName: , reportDirectory: reports, reportFormat: xml, reportTestId: 7687, reportUrl: https://qacloud.experitest...., reservationDuration: 240, takeScreenshots: true, test.type: Mobile, testName: mobile test 01/18/21 03:03 PM, udid: PMF4C17810000893, useKeystore: false, waitForDeviceTimeout: 120000}
Session ID: CLOUD-SID:2021-01-18_15-03-33-e73ea911-ff0a-4128-a4b5-a4c5bd78653c
*** Element info: {Using=xpath, value=//*[@text='Top charts']}
-- TEST AppStore android top10 failed 3 times: org.openqa.selenium.NoSuchElementException: no such element (An element could not be located on the page using the given search parameters (XPATH='//*[@text='Top charts']'))  (WARNING: The server did not provide any stacktrace information)
Command duration or timeout: 0 milliseconds
For documentation on this error, please visit: https://www.seleniumhq.org/exceptions/no_such_element.html
Build info: version: '3.141.59', revision: 'e82be7d358', time: '2018-11-14T08:17:03'
System info: host: 'YGEVA-LT', ip: '192.168.0.101', os.name: 'Windows 10', os.arch: 'amd64', os.version: '10.0', java.version: '15.0.1'
Driver info: io.appium.java_client.android.AndroidDriver
Capabilities {appActivity: .AssetBrowserActivity, appBuildVersion: , appPackage: com.android.vending, appReleaseVersion: , appiumVersion: 1.8.0, applicationClearData: false, autoAcceptAlerts: false, autoDismissAlerts: false, autoGrantPermissions: false, autoWebview: false, cloudViewLink: https://qaregion.experitest..., commandTimeouts: 120000, desired: {appActivity: .AssetBrowserActivity, appPackage: com.android.vending, platformName: Android, udid: PMF4C17810000893}, device.category: PHONE, device.majorVersion: 8, device.manufacture: HUAWEI, device.model: WAS-LX1, device.name: HUAWEI WAS-LX1, device.os: Android, device.screenSize: 1080x1920, device.serialNumber: PMF4C17810000893, device.version: 8.0.0, deviceUDID: PMF4C17810000893, dontGoHomeOnQuit: false, dontStopAppOnReset: false, ehmPrefixUrl: /agent-3540344, ehmUrl: https://qaregion.experitest..., fullReset: false, gridNodePort: 7811, install.only.for.update: false, installOnlyForUpdate: false, instrumentApp: false, javascriptEnabled: true, keystorePath: ~/.android/debug.keystore, locationServicesAuthorized: false, newSessionWaitTimeout: 600, noReset: false, platform: ANDROID, platformName: Android, projectName: , reportDirectory: reports, reportFormat: xml, reportTestId: 7687, reportUrl: https://qacloud.experitest...., reservationDuration: 240, takeScreenshots: true, test.type: Mobile, testName: mobile test 01/18/21 03:03 PM, udid: PMF4C17810000893, useKeystore: false, waitForDeviceTimeout: 120000}
Session ID: CLOUD-SID:2021-01-18_15-03-33-e73ea911-ff0a-4128-a4b5-a4c5bd78653c
*** Element info: {Using=xpath, value=//*[@text='Top charts']}
-- TEST AppStore android top10 failed 4 times: org.openqa.selenium.NoSuchElementException: no such element (An element could not be located on the page using the given search parameters (XPATH='//*[@text='Top charts']'))  (WARNING: The server did not provide any stacktrace information)
Command duration or timeout: 0 milliseconds
For documentation on this error, please visit: https://www.seleniumhq.org/exceptions/no_such_element.html
Build info: version: '3.141.59', revision: 'e82be7d358', time: '2018-11-14T08:17:03'
System info: host: 'YGEVA-LT', ip: '192.168.0.101', os.name: 'Windows 10', os.arch: 'amd64', os.version: '10.0', java.version: '15.0.1'
Driver info: io.appium.java_client.android.AndroidDriver
Capabilities {appActivity: .AssetBrowserActivity, appBuildVersion: , appPackage: com.android.vending, appReleaseVersion: , appiumVersion: 1.8.0, applicationClearData: false, autoAcceptAlerts: false, autoDismissAlerts: false, autoGrantPermissions: false, autoWebview: false, cloudViewLink: https://qaregion.experitest..., commandTimeouts: 120000, desired: {appActivity: .AssetBrowserActivity, appPackage: com.android.vending, platformName: Android, udid: PMF4C17810000893}, device.category: PHONE, device.majorVersion: 8, device.manufacture: HUAWEI, device.model: WAS-LX1, device.name: HUAWEI WAS-LX1, device.os: Android, device.screenSize: 1080x1920, device.serialNumber: PMF4C17810000893, device.version: 8.0.0, deviceUDID: PMF4C17810000893, dontGoHomeOnQuit: false, dontStopAppOnReset: false, ehmPrefixUrl: /agent-3540344, ehmUrl: https://qaregion.experitest..., fullReset: false, gridNodePort: 7811, install.only.for.update: false, installOnlyForUpdate: false, instrumentApp: false, javascriptEnabled: true, keystorePath: ~/.android/debug.keystore, locationServicesAuthorized: false, newSessionWaitTimeout: 600, noReset: false, platform: ANDROID, platformName: Android, projectName: , reportDirectory: reports, reportFormat: xml, reportTestId: 7687, reportUrl: https://qacloud.experitest...., reservationDuration: 240, takeScreenshots: true, test.type: Mobile, testName: mobile test 01/18/21 03:03 PM, udid: PMF4C17810000893, useKeystore: false, waitForDeviceTimeout: 120000}
Session ID: CLOUD-SID:2021-01-18_15-03-33-e73ea911-ff0a-4128-a4b5-a4c5bd78653c
*** Element info: {Using=xpath, value=//*[@text='Top charts']}
-- TEST Espn Android menu failed 1 times: java.lang.IndexOutOfBoundsException: Index 0 out of bounds for length 0
-- TEST Espn Android menu failed 2 times: java.lang.IndexOutOfBoundsException: Index 0 out of bounds for length 0
-- TEST Espn Android menu failed 3 times: java.lang.IndexOutOfBoundsException: Index 0 out of bounds for length 0
-- TEST Espn Android menu failed 4 times: java.lang.IndexOutOfBoundsException: Index 0 out of bounds for length 0
-- TEST Espn Android menu buttons  failed 1 times: java.lang.IndexOutOfBoundsException: Index 0 out of bounds for length 0
-- TEST Espn Android menu buttons  failed 2 times: java.lang.IndexOutOfBoundsException: Index 0 out of bounds for length 0
-- TEST Espn Android menu buttons  failed 3 times: java.lang.IndexOutOfBoundsException: Index 0 out of bounds for length 0
-- TEST Espn Android menu buttons  failed 4 times: java.lang.IndexOutOfBoundsException: Index 0 out of bounds for length 0
-- TEST EriBank android Login failed 1 times: org.openqa.selenium.NoSuchElementException: no such element (An element could not be located on the page using the given search parameters (ID='usernameTextField'))  (WARNING: The server did not provide any stacktrace information)
Command duration or timeout: 0 milliseconds
For documentation on this error, please visit: https://www.seleniumhq.org/exceptions/no_such_element.html
Build info: version: '3.141.59', revision: 'e82be7d358', time: '2018-11-14T08:17:03'
System info: host: 'YGEVA-LT', ip: '192.168.0.101', os.name: 'Windows 10', os.arch: 'amd64', os.version: '10.0', java.version: '15.0.1'
Driver info: io.appium.java_client.android.AndroidDriver
Capabilities {app: cloud:com.experitest.Experi..., appActivity: .LoginActivity, appBuildVersion: , appPackage: com.experitest.ExperiBank, appReleaseVersion: , appiumVersion: 1.8.0, applicationClearData: false, autoAcceptAlerts: false, autoDismissAlerts: false, autoGrantPermissions: false, autoWebview: false, cloudViewLink: https://qaregion.experitest..., commandTimeouts: 120000, desired: {app: cloud:com.experitest.Experi..., appActivity: .LoginActivity, appPackage: com.experitest.ExperiBank, platformName: Android, udid: PMF4C17810000893}, device.category: PHONE, device.majorVersion: 8, device.manufacture: HUAWEI, device.model: WAS-LX1, device.name: HUAWEI WAS-LX1, device.os: Android, device.screenSize: 1080x1920, device.serialNumber: PMF4C17810000893, device.version: 8.0.0, deviceUDID: PMF4C17810000893, dontGoHomeOnQuit: false, dontStopAppOnReset: false, ehmPrefixUrl: /agent-3540344, ehmUrl: https://qaregion.experitest..., fullReset: false, gridNodePort: 7814, install.only.for.update: false, installOnlyForUpdate: false, instrumentApp: false, javascriptEnabled: true, keystorePath: ~/.android/debug.keystore, locationServicesAuthorized: false, newSessionWaitTimeout: 600, noReset: false, platform: ANDROID, platformName: Android, projectName: , reportDirectory: reports, reportFormat: xml, reportTestId: 7692, reportUrl: https://qacloud.experitest...., reservationDuration: 240, takeScreenshots: true, test.type: Mobile, testName: mobile test 01/18/21 03:14 PM, udid: PMF4C17810000893, useKeystore: false, waitForDeviceTimeout: 120000}
Session ID: CLOUD-SID:2021-01-18_15-14-15-2ed1cd6f-4cad-47fd-b676-8e6eb05f18e8
*** Element info: {Using=id, value=usernameTextField}
-- TEST EriBank android Login failed 2 times: org.openqa.selenium.NoSuchElementException: no such element (An element could not be located on the page using the given search parameters (ID='usernameTextField'))  (WARNING: The server did not provide any stacktrace information)
Command duration or timeout: 0 milliseconds
For documentation on this error, please visit: https://www.seleniumhq.org/exceptions/no_such_element.html
Build info: version: '3.141.59', revision: 'e82be7d358', time: '2018-11-14T08:17:03'
System info: host: 'YGEVA-LT', ip: '192.168.0.101', os.name: 'Windows 10', os.arch: 'amd64', os.version: '10.0', java.version: '15.0.1'
Driver info: io.appium.java_client.android.AndroidDriver
Capabilities {app: cloud:com.experitest.Experi..., appActivity: .LoginActivity, appBuildVersion: , appPackage: com.experitest.ExperiBank, appReleaseVersion: , appiumVersion: 1.8.0, applicationClearData: false, autoAcceptAlerts: false, autoDismissAlerts: false, autoGrantPermissions: false, autoWebview: false, cloudViewLink: https://qaregion.experitest..., commandTimeouts: 120000, desired: {app: cloud:com.experitest.Experi..., appActivity: .LoginActivity, appPackage: com.experitest.ExperiBank, platformName: Android, udid: PMF4C17810000893}, device.category: PHONE, device.majorVersion: 8, device.manufacture: HUAWEI, device.model: WAS-LX1, device.name: HUAWEI WAS-LX1, device.os: Android, device.screenSize: 1080x1920, device.serialNumber: PMF4C17810000893, device.version: 8.0.0, deviceUDID: PMF4C17810000893, dontGoHomeOnQuit: false, dontStopAppOnReset: false, ehmPrefixUrl: /agent-3540344, ehmUrl: https://qaregion.experitest..., fullReset: false, gridNodePort: 7814, install.only.for.update: false, installOnlyForUpdate: false, instrumentApp: false, javascriptEnabled: true, keystorePath: ~/.android/debug.keystore, locationServicesAuthorized: false, newSessionWaitTimeout: 600, noReset: false, platform: ANDROID, platformName: Android, projectName: , reportDirectory: reports, reportFormat: xml, reportTestId: 7692, reportUrl: https://qacloud.experitest...., reservationDuration: 240, takeScreenshots: true, test.type: Mobile, testName: mobile test 01/18/21 03:14 PM, udid: PMF4C17810000893, useKeystore: false, waitForDeviceTimeout: 120000}
Session ID: CLOUD-SID:2021-01-18_15-14-15-2ed1cd6f-4cad-47fd-b676-8e6eb05f18e8
*** Element info: {Using=id, value=usernameTextField}
-- TEST EriBank android Login failed 3 times: org.openqa.selenium.NoSuchElementException: no such element (An element could not be located on the page using the given search parameters (ID='usernameTextField'))  (WARNING: The server did not provide any stacktrace information)
Command duration or timeout: 0 milliseconds
For documentation on this error, please visit: https://www.seleniumhq.org/exceptions/no_such_element.html
Build info: version: '3.141.59', revision: 'e82be7d358', time: '2018-11-14T08:17:03'
System info: host: 'YGEVA-LT', ip: '192.168.0.101', os.name: 'Windows 10', os.arch: 'amd64', os.version: '10.0', java.version: '15.0.1'
Driver info: io.appium.java_client.android.AndroidDriver
Capabilities {app: cloud:com.experitest.Experi..., appActivity: .LoginActivity, appBuildVersion: , appPackage: com.experitest.ExperiBank, appReleaseVersion: , appiumVersion: 1.8.0, applicationClearData: false, autoAcceptAlerts: false, autoDismissAlerts: false, autoGrantPermissions: false, autoWebview: false, cloudViewLink: https://qaregion.experitest..., commandTimeouts: 120000, desired: {app: cloud:com.experitest.Experi..., appActivity: .LoginActivity, appPackage: com.experitest.ExperiBank, platformName: Android, udid: PMF4C17810000893}, device.category: PHONE, device.majorVersion: 8, device.manufacture: HUAWEI, device.model: WAS-LX1, device.name: HUAWEI WAS-LX1, device.os: Android, device.screenSize: 1080x1920, device.serialNumber: PMF4C17810000893, device.version: 8.0.0, deviceUDID: PMF4C17810000893, dontGoHomeOnQuit: false, dontStopAppOnReset: false, ehmPrefixUrl: /agent-3540344, ehmUrl: https://qaregion.experitest..., fullReset: false, gridNodePort: 7814, install.only.for.update: false, installOnlyForUpdate: false, instrumentApp: false, javascriptEnabled: true, keystorePath: ~/.android/debug.keystore, locationServicesAuthorized: false, newSessionWaitTimeout: 600, noReset: false, platform: ANDROID, platformName: Android, projectName: , reportDirectory: reports, reportFormat: xml, reportTestId: 7692, reportUrl: https://qacloud.experitest...., reservationDuration: 240, takeScreenshots: true, test.type: Mobile, testName: mobile test 01/18/21 03:14 PM, udid: PMF4C17810000893, useKeystore: false, waitForDeviceTimeout: 120000}
Session ID: CLOUD-SID:2021-01-18_15-14-15-2ed1cd6f-4cad-47fd-b676-8e6eb05f18e8
*** Element info: {Using=id, value=usernameTextField}
-- TEST EriBank android Login failed 4 times: org.openqa.selenium.NoSuchElementException: no such element (An element could not be located on the page using the given search parameters (ID='usernameTextField'))  (WARNING: The server did not provide any stacktrace information)
Command duration or timeout: 0 milliseconds
For documentation on this error, please visit: https://www.seleniumhq.org/exceptions/no_such_element.html
Build info: version: '3.141.59', revision: 'e82be7d358', time: '2018-11-14T08:17:03'
System info: host: 'YGEVA-LT', ip: '192.168.0.101', os.name: 'Windows 10', os.arch: 'amd64', os.version: '10.0', java.version: '15.0.1'
Driver info: io.appium.java_client.android.AndroidDriver
Capabilities {app: cloud:com.experitest.Experi..., appActivity: .LoginActivity, appBuildVersion: , appPackage: com.experitest.ExperiBank, appReleaseVersion: , appiumVersion: 1.8.0, applicationClearData: false, autoAcceptAlerts: false, autoDismissAlerts: false, autoGrantPermissions: false, autoWebview: false, cloudViewLink: https://qaregion.experitest..., commandTimeouts: 120000, desired: {app: cloud:com.experitest.Experi..., appActivity: .LoginActivity, appPackage: com.experitest.ExperiBank, platformName: Android, udid: PMF4C17810000893}, device.category: PHONE, device.majorVersion: 8, device.manufacture: HUAWEI, device.model: WAS-LX1, device.name: HUAWEI WAS-LX1, device.os: Android, device.screenSize: 1080x1920, device.serialNumber: PMF4C17810000893, device.version: 8.0.0, deviceUDID: PMF4C17810000893, dontGoHomeOnQuit: false, dontStopAppOnReset: false, ehmPrefixUrl: /agent-3540344, ehmUrl: https://qaregion.experitest..., fullReset: false, gridNodePort: 7814, install.only.for.update: false, installOnlyForUpdate: false, instrumentApp: false, javascriptEnabled: true, keystorePath: ~/.android/debug.keystore, locationServicesAuthorized: false, newSessionWaitTimeout: 600, noReset: false, platform: ANDROID, platformName: Android, projectName: , reportDirectory: reports, reportFormat: xml, reportTestId: 7692, reportUrl: https://qacloud.experitest...., reservationDuration: 240, takeScreenshots: true, test.type: Mobile, testName: mobile test 01/18/21 03:14 PM, udid: PMF4C17810000893, useKeystore: false, waitForDeviceTimeout: 120000}
Session ID: CLOUD-SID:2021-01-18_15-14-15-2ed1cd6f-4cad-47fd-b676-8e6eb05f18e8
*** Element info: {Using=id, value=usernameTextField}
-- TEST EriBank android Payment failed 1 times: org.openqa.selenium.NoSuchElementException: no such element (An element could not be located on the page using the given search parameters (ID='usernameTextField'))  (WARNING: The server did not provide any stacktrace information)
Command duration or timeout: 0 milliseconds
For documentation on this error, please visit: https://www.seleniumhq.org/exceptions/no_such_element.html
Build info: version: '3.141.59', revision: 'e82be7d358', time: '2018-11-14T08:17:03'
System info: host: 'YGEVA-LT', ip: '192.168.0.101', os.name: 'Windows 10', os.arch: 'amd64', os.version: '10.0', java.version: '15.0.1'
Driver info: io.appium.java_client.android.AndroidDriver
Capabilities {app: cloud:com.experitest.Experi..., appActivity: .LoginActivity, appBuildVersion: , appPackage: com.experitest.ExperiBank, appReleaseVersion: , appiumVersion: 1.8.0, applicationClearData: false, autoAcceptAlerts: false, autoDismissAlerts: false, autoGrantPermissions: false, autoWebview: false, cloudViewLink: https://qaregion.experitest..., commandTimeouts: 120000, desired: {app: cloud:com.experitest.Experi..., appActivity: .LoginActivity, appPackage: com.experitest.ExperiBank, platformName: Android, udid: PMF4C17810000893}, device.category: PHONE, device.majorVersion: 8, device.manufacture: HUAWEI, device.model: WAS-LX1, device.name: HUAWEI WAS-LX1, device.os: Android, device.screenSize: 1080x1920, device.serialNumber: PMF4C17810000893, device.version: 8.0.0, deviceUDID: PMF4C17810000893, dontGoHomeOnQuit: false, dontStopAppOnReset: false, ehmPrefixUrl: /agent-3540344, ehmUrl: https://qaregion.experitest..., fullReset: false, gridNodePort: 7815, install.only.for.update: false, installOnlyForUpdate: false, instrumentApp: false, javascriptEnabled: true, keystorePath: ~/.android/debug.keystore, locationServicesAuthorized: false, newSessionWaitTimeout: 600, noReset: false, platform: ANDROID, platformName: Android, projectName: , reportDirectory: reports, reportFormat: xml, reportTestId: 7693, reportUrl: https://qacloud.experitest...., reservationDuration: 240, takeScreenshots: true, test.type: Mobile, testName: mobile test 01/18/21 03:17 PM, udid: PMF4C17810000893, useKeystore: false, waitForDeviceTimeout: 120000}
Session ID: CLOUD-SID:2021-01-18_15-16-45-6fbd1cf5-88cf-4389-9df7-4ef02f845e92
*** Element info: {Using=id, value=usernameTextField}
-- TEST EriBank android Payment failed 2 times: org.openqa.selenium.NoSuchElementException: no such element (An element could not be located on the page using the given search parameters (ID='usernameTextField'))  (WARNING: The server did not provide any stacktrace information)
Command duration or timeout: 0 milliseconds
For documentation on this error, please visit: https://www.seleniumhq.org/exceptions/no_such_element.html
Build info: version: '3.141.59', revision: 'e82be7d358', time: '2018-11-14T08:17:03'
System info: host: 'YGEVA-LT', ip: '192.168.0.101', os.name: 'Windows 10', os.arch: 'amd64', os.version: '10.0', java.version: '15.0.1'
Driver info: io.appium.java_client.android.AndroidDriver
Capabilities {app: cloud:com.experitest.Experi..., appActivity: .LoginActivity, appBuildVersion: , appPackage: com.experitest.ExperiBank, appReleaseVersion: , appiumVersion: 1.8.0, applicationClearData: false, autoAcceptAlerts: false, autoDismissAlerts: false, autoGrantPermissions: false, autoWebview: false, cloudViewLink: https://qaregion.experitest..., commandTimeouts: 120000, desired: {app: cloud:com.experitest.Experi..., appActivity: .LoginActivity, appPackage: com.experitest.ExperiBank, platformName: Android, udid: PMF4C17810000893}, device.category: PHONE, device.majorVersion: 8, device.manufacture: HUAWEI, device.model: WAS-LX1, device.name: HUAWEI WAS-LX1, device.os: Android, device.screenSize: 1080x1920, device.serialNumber: PMF4C17810000893, device.version: 8.0.0, deviceUDID: PMF4C17810000893, dontGoHomeOnQuit: false, dontStopAppOnReset: false, ehmPrefixUrl: /agent-3540344, ehmUrl: https://qaregion.experitest..., fullReset: false, gridNodePort: 7815, install.only.for.update: false, installOnlyForUpdate: false, instrumentApp: false, javascriptEnabled: true, keystorePath: ~/.android/debug.keystore, locationServicesAuthorized: false, newSessionWaitTimeout: 600, noReset: false, platform: ANDROID, platformName: Android, projectName: , reportDirectory: reports, reportFormat: xml, reportTestId: 7693, reportUrl: https://qacloud.experitest...., reservationDuration: 240, takeScreenshots: true, test.type: Mobile, testName: mobile test 01/18/21 03:17 PM, udid: PMF4C17810000893, useKeystore: false, waitForDeviceTimeout: 120000}
Session ID: CLOUD-SID:2021-01-18_15-16-45-6fbd1cf5-88cf-4389-9df7-4ef02f845e92
*** Element info: {Using=id, value=usernameTextField}
-- TEST EriBank android Payment failed 3 times: org.openqa.selenium.NoSuchElementException: no such element (An element could not be located on the page using the given search parameters (ID='usernameTextField'))  (WARNING: The server did not provide any stacktrace information)
Command duration or timeout: 0 milliseconds
For documentation on this error, please visit: https://www.seleniumhq.org/exceptions/no_such_element.html
Build info: version: '3.141.59', revision: 'e82be7d358', time: '2018-11-14T08:17:03'
System info: host: 'YGEVA-LT', ip: '192.168.0.101', os.name: 'Windows 10', os.arch: 'amd64', os.version: '10.0', java.version: '15.0.1'
Driver info: io.appium.java_client.android.AndroidDriver
Capabilities {app: cloud:com.experitest.Experi..., appActivity: .LoginActivity, appBuildVersion: , appPackage: com.experitest.ExperiBank, appReleaseVersion: , appiumVersion: 1.8.0, applicationClearData: false, autoAcceptAlerts: false, autoDismissAlerts: false, autoGrantPermissions: false, autoWebview: false, cloudViewLink: https://qaregion.experitest..., commandTimeouts: 120000, desired: {app: cloud:com.experitest.Experi..., appActivity: .LoginActivity, appPackage: com.experitest.ExperiBank, platformName: Android, udid: PMF4C17810000893}, device.category: PHONE, device.majorVersion: 8, device.manufacture: HUAWEI, device.model: WAS-LX1, device.name: HUAWEI WAS-LX1, device.os: Android, device.screenSize: 1080x1920, device.serialNumber: PMF4C17810000893, device.version: 8.0.0, deviceUDID: PMF4C17810000893, dontGoHomeOnQuit: false, dontStopAppOnReset: false, ehmPrefixUrl: /agent-3540344, ehmUrl: https://qaregion.experitest..., fullReset: false, gridNodePort: 7815, install.only.for.update: false, installOnlyForUpdate: false, instrumentApp: false, javascriptEnabled: true, keystorePath: ~/.android/debug.keystore, locationServicesAuthorized: false, newSessionWaitTimeout: 600, noReset: false, platform: ANDROID, platformName: Android, projectName: , reportDirectory: reports, reportFormat: xml, reportTestId: 7693, reportUrl: https://qacloud.experitest...., reservationDuration: 240, takeScreenshots: true, test.type: Mobile, testName: mobile test 01/18/21 03:17 PM, udid: PMF4C17810000893, useKeystore: false, waitForDeviceTimeout: 120000}
Session ID: CLOUD-SID:2021-01-18_15-16-45-6fbd1cf5-88cf-4389-9df7-4ef02f845e92
*** Element info: {Using=id, value=usernameTextField}
-- TEST EriBank android Payment failed 4 times: org.openqa.selenium.NoSuchElementException: no such element (An element could not be located on the page using the given search parameters (ID='usernameTextField'))  (WARNING: The server did not provide any stacktrace information)
Command duration or timeout: 0 milliseconds
For documentation on this error, please visit: https://www.seleniumhq.org/exceptions/no_such_element.html
Build info: version: '3.141.59', revision: 'e82be7d358', time: '2018-11-14T08:17:03'
System info: host: 'YGEVA-LT', ip: '192.168.0.101', os.name: 'Windows 10', os.arch: 'amd64', os.version: '10.0', java.version: '15.0.1'
Driver info: io.appium.java_client.android.AndroidDriver
Capabilities {app: cloud:com.experitest.Experi..., appActivity: .LoginActivity, appBuildVersion: , appPackage: com.experitest.ExperiBank, appReleaseVersion: , appiumVersion: 1.8.0, applicationClearData: false, autoAcceptAlerts: false, autoDismissAlerts: false, autoGrantPermissions: false, autoWebview: false, cloudViewLink: https://qaregion.experitest..., commandTimeouts: 120000, desired: {app: cloud:com.experitest.Experi..., appActivity: .LoginActivity, appPackage: com.experitest.ExperiBank, platformName: Android, udid: PMF4C17810000893}, device.category: PHONE, device.majorVersion: 8, device.manufacture: HUAWEI, device.model: WAS-LX1, device.name: HUAWEI WAS-LX1, device.os: Android, device.screenSize: 1080x1920, device.serialNumber: PMF4C17810000893, device.version: 8.0.0, deviceUDID: PMF4C17810000893, dontGoHomeOnQuit: false, dontStopAppOnReset: false, ehmPrefixUrl: /agent-3540344, ehmUrl: https://qaregion.experitest..., fullReset: false, gridNodePort: 7815, install.only.for.update: false, installOnlyForUpdate: false, instrumentApp: false, javascriptEnabled: true, keystorePath: ~/.android/debug.keystore, locationServicesAuthorized: false, newSessionWaitTimeout: 600, noReset: false, platform: ANDROID, platformName: Android, projectName: , reportDirectory: reports, reportFormat: xml, reportTestId: 7693, reportUrl: https://qacloud.experitest...., reservationDuration: 240, takeScreenshots: true, test.type: Mobile, testName: mobile test 01/18/21 03:17 PM, udid: PMF4C17810000893, useKeystore: false, waitForDeviceTimeout: 120000}
Session ID: CLOUD-SID:2021-01-18_15-16-45-6fbd1cf5-88cf-4389-9df7-4ef02f845e92
*** Element info: {Using=id, value=usernameTextField}
