-----iteration-----: 1
-- TEST Tap The Dot Android Login failed 1 times: org.openqa.selenium.NoSuchElementException: no such element (An element could not be located on the page using the given search parameters (XPATH='//*[@id='verifyNameTextBox']'))  (WARNING: The server did not provide any stacktrace information)
Command duration or timeout: 0 milliseconds
For documentation on this error, please visit: https://www.seleniumhq.org/exceptions/no_such_element.html
Build info: version: '3.141.59', revision: 'e82be7d358', time: '2018-11-14T08:17:03'
System info: host: 'YGEVA-LT', ip: '192.168.0.101', os.name: 'Windows 10', os.arch: 'amd64', os.version: '10.0', java.version: '15.0.1'
Driver info: io.appium.java_client.android.AndroidDriver
Capabilities {app: cloud:com.example.tapthedot..., appActivity: .MainActivity, appBuildVersion: , appPackage: com.example.tapthedot, appReleaseVersion: , appiumVersion: 1.8.0, applicationClearData: false, autoAcceptAlerts: false, autoDismissAlerts: false, autoGrantPermissions: false, autoWebview: false, cloudViewLink: https://qaregion.experitest..., commandTimeouts: 120000, desired: {app: cloud:com.example.tapthedot..., appActivity: .MainActivity, appPackage: com.example.tapthedot, oldChromeDriverSessionId: f645a3c371496efde058027e847..., platformName: Android, udid: 32049b2612d2b1b9}, device.category: PHONE, device.majorVersion: 5, device.manufacture: samsung, device.model: SM-N7505, device.name: samsung SM-N7505, device.os: Android, device.screenSize: 720x1280, device.serialNumber: 32049b2612d2b1b9, device.version: 5.1.1, deviceUDID: 32049b2612d2b1b9, dontGoHomeOnQuit: false, dontStopAppOnReset: false, ehmPrefixUrl: /agent-3540344, ehmUrl: https://qaregion.experitest..., fullReset: false, gridNodePort: 7806, install.only.for.update: false, installOnlyForUpdate: false, instrumentApp: false, javascriptEnabled: true, keystorePath: ~/.android/debug.keystore, locationServicesAuthorized: false, newSessionWaitTimeout: 600, noReset: false, oldChromeDriverSessionId: f645a3c371496efde058027e847..., platform: ANDROID, platformName: Android, projectName: , reportDirectory: reports, reportFormat: xml, reportTestId: 7677, reportUrl: https://qacloud.experitest...., reservationDuration: 240, takeScreenshots: true, test.type: Mobile, testName: mobile test 01/18/21 02:45 PM, udid: 32049b2612d2b1b9, useKeystore: false, waitForDeviceTimeout: 120000}
Session ID: CLOUD-SID:2021-01-18_14-44-43-6f273720-0290-4c90-a703-bf82e119956c
*** Element info: {Using=xpath, value=//*[@id='verifyNameTextBox']}
-- TEST Tap The Dot Android Login failed 2 times: org.openqa.selenium.NoSuchElementException: no such element (An element could not be located on the page using the given search parameters (XPATH='//*[@id='verifyNameTextBox']'))  (WARNING: The server did not provide any stacktrace information)
Command duration or timeout: 0 milliseconds
For documentation on this error, please visit: https://www.seleniumhq.org/exceptions/no_such_element.html
Build info: version: '3.141.59', revision: 'e82be7d358', time: '2018-11-14T08:17:03'
System info: host: 'YGEVA-LT', ip: '192.168.0.101', os.name: 'Windows 10', os.arch: 'amd64', os.version: '10.0', java.version: '15.0.1'
Driver info: io.appium.java_client.android.AndroidDriver
Capabilities {app: cloud:com.example.tapthedot..., appActivity: .MainActivity, appBuildVersion: , appPackage: com.example.tapthedot, appReleaseVersion: , appiumVersion: 1.8.0, applicationClearData: false, autoAcceptAlerts: false, autoDismissAlerts: false, autoGrantPermissions: false, autoWebview: false, cloudViewLink: https://qaregion.experitest..., commandTimeouts: 120000, desired: {app: cloud:com.example.tapthedot..., appActivity: .MainActivity, appPackage: com.example.tapthedot, oldChromeDriverSessionId: f645a3c371496efde058027e847..., platformName: Android, udid: 32049b2612d2b1b9}, device.category: PHONE, device.majorVersion: 5, device.manufacture: samsung, device.model: SM-N7505, device.name: samsung SM-N7505, device.os: Android, device.screenSize: 720x1280, device.serialNumber: 32049b2612d2b1b9, device.version: 5.1.1, deviceUDID: 32049b2612d2b1b9, dontGoHomeOnQuit: false, dontStopAppOnReset: false, ehmPrefixUrl: /agent-3540344, ehmUrl: https://qaregion.experitest..., fullReset: false, gridNodePort: 7806, install.only.for.update: false, installOnlyForUpdate: false, instrumentApp: false, javascriptEnabled: true, keystorePath: ~/.android/debug.keystore, locationServicesAuthorized: false, newSessionWaitTimeout: 600, noReset: false, oldChromeDriverSessionId: f645a3c371496efde058027e847..., platform: ANDROID, platformName: Android, projectName: , reportDirectory: reports, reportFormat: xml, reportTestId: 7677, reportUrl: https://qacloud.experitest...., reservationDuration: 240, takeScreenshots: true, test.type: Mobile, testName: mobile test 01/18/21 02:45 PM, udid: 32049b2612d2b1b9, useKeystore: false, waitForDeviceTimeout: 120000}
Session ID: CLOUD-SID:2021-01-18_14-44-43-6f273720-0290-4c90-a703-bf82e119956c
*** Element info: {Using=xpath, value=//*[@id='verifyNameTextBox']}
-- TEST Tap The Dot Android Login failed 3 times: org.openqa.selenium.NoSuchElementException: no such element (An element could not be located on the page using the given search parameters (XPATH='//*[@id='verifyNameTextBox']'))  (WARNING: The server did not provide any stacktrace information)
Command duration or timeout: 0 milliseconds
For documentation on this error, please visit: https://www.seleniumhq.org/exceptions/no_such_element.html
Build info: version: '3.141.59', revision: 'e82be7d358', time: '2018-11-14T08:17:03'
System info: host: 'YGEVA-LT', ip: '192.168.0.101', os.name: 'Windows 10', os.arch: 'amd64', os.version: '10.0', java.version: '15.0.1'
Driver info: io.appium.java_client.android.AndroidDriver
Capabilities {app: cloud:com.example.tapthedot..., appActivity: .MainActivity, appBuildVersion: , appPackage: com.example.tapthedot, appReleaseVersion: , appiumVersion: 1.8.0, applicationClearData: false, autoAcceptAlerts: false, autoDismissAlerts: false, autoGrantPermissions: false, autoWebview: false, cloudViewLink: https://qaregion.experitest..., commandTimeouts: 120000, desired: {app: cloud:com.example.tapthedot..., appActivity: .MainActivity, appPackage: com.example.tapthedot, oldChromeDriverSessionId: f645a3c371496efde058027e847..., platformName: Android, udid: 32049b2612d2b1b9}, device.category: PHONE, device.majorVersion: 5, device.manufacture: samsung, device.model: SM-N7505, device.name: samsung SM-N7505, device.os: Android, device.screenSize: 720x1280, device.serialNumber: 32049b2612d2b1b9, device.version: 5.1.1, deviceUDID: 32049b2612d2b1b9, dontGoHomeOnQuit: false, dontStopAppOnReset: false, ehmPrefixUrl: /agent-3540344, ehmUrl: https://qaregion.experitest..., fullReset: false, gridNodePort: 7806, install.only.for.update: false, installOnlyForUpdate: false, instrumentApp: false, javascriptEnabled: true, keystorePath: ~/.android/debug.keystore, locationServicesAuthorized: false, newSessionWaitTimeout: 600, noReset: false, oldChromeDriverSessionId: f645a3c371496efde058027e847..., platform: ANDROID, platformName: Android, projectName: , reportDirectory: reports, reportFormat: xml, reportTestId: 7677, reportUrl: https://qacloud.experitest...., reservationDuration: 240, takeScreenshots: true, test.type: Mobile, testName: mobile test 01/18/21 02:45 PM, udid: 32049b2612d2b1b9, useKeystore: false, waitForDeviceTimeout: 120000}
Session ID: CLOUD-SID:2021-01-18_14-44-43-6f273720-0290-4c90-a703-bf82e119956c
*** Element info: {Using=xpath, value=//*[@id='verifyNameTextBox']}
-- TEST Tap The Dot Android failed 1 times: org.openqa.selenium.SessionNotCreatedException: Unable to create a new remote session. Please check the server log for more details. Original error: Could not start appium grid test. Test request timed out. No device found matching the query: @serialnumber='32049b2612d2b1b9' (WARNING: The server did not provide any stacktrace information)
Command duration or timeout: 598.83 seconds
Build info: version: '3.141.59', revision: 'e82be7d358', time: '2018-11-14T08:17:03'
System info: host: 'YGEVA-LT', ip: '192.168.0.101', os.name: 'Windows 10', os.arch: 'amd64', os.version: '10.0', java.version: '15.0.1'
Driver info: driver.version: AndroidDriver
Build info: version: '3.141.59', revision: 'e82be7d358', time: '2018-11-14T08:17:03'
System info: host: 'YGEVA-LT', ip: '192.168.0.101', os.name: 'Windows 10', os.arch: 'amd64', os.version: '10.0', java.version: '15.0.1'
Driver info: driver.version: AndroidDriver
-- TEST Tap The Dot Android play 3 taps failed 2 times: org.openqa.selenium.NoSuchSessionException: Session ID is null. Using WebDriver after calling quit()?
Build info: version: '3.141.59', revision: 'e82be7d358', time: '2018-11-14T08:17:03'
System info: host: 'YGEVA-LT', ip: '192.168.0.101', os.name: 'Windows 10', os.arch: 'amd64', os.version: '10.0', java.version: '15.0.1'
Driver info: driver.version: AndroidDriver
-- TEST Tap The Dot Android play 3 taps failed 3 times: org.openqa.selenium.NoSuchSessionException: Session ID is null. Using WebDriver after calling quit()?
Build info: version: '3.141.59', revision: 'e82be7d358', time: '2018-11-14T08:17:03'
System info: host: 'YGEVA-LT', ip: '192.168.0.101', os.name: 'Windows 10', os.arch: 'amd64', os.version: '10.0', java.version: '15.0.1'
Driver info: driver.version: AndroidDriver
-- TEST null failed 1 times: org.openqa.selenium.SessionNotCreatedException: Unable to create a new remote session. Please check the server log for more details. Original error: Could not start appium grid test. Test request timed out. No device found matching the query: @serialnumber='32049b2612d2b1b9' (WARNING: The server did not provide any stacktrace information)
Command duration or timeout: 598.65 seconds
Build info: version: '3.141.59', revision: 'e82be7d358', time: '2018-11-14T08:17:03'
System info: host: 'YGEVA-LT', ip: '192.168.0.101', os.name: 'Windows 10', os.arch: 'amd64', os.version: '10.0', java.version: '15.0.1'
Driver info: driver.version: AndroidDriver
Build info: version: '3.141.59', revision: 'e82be7d358', time: '2018-11-14T08:17:03'
System info: host: 'YGEVA-LT', ip: '192.168.0.101', os.name: 'Windows 10', os.arch: 'amd64', os.version: '10.0', java.version: '15.0.1'
Driver info: driver.version: AndroidDriver
-- TEST Espn Android menu failed 2 times: java.lang.NullPointerException: Cannot invoke "io.appium.java_client.AppiumDriver.findElements(org.openqa.selenium.By)" because "this.driver" is null
-- TEST Espn Android menu failed 3 times: java.lang.NullPointerException: Cannot invoke "io.appium.java_client.AppiumDriver.findElements(org.openqa.selenium.By)" because "this.driver" is null
-- TEST Espn Android menu failed 1 times: org.openqa.selenium.SessionNotCreatedException: Unable to create a new remote session. Please check the server log for more details. Original error: Could not start appium grid test. Test request timed out. No device found matching the query: @serialnumber='32049b2612d2b1b9' (WARNING: The server did not provide any stacktrace information)
Command duration or timeout: 598.27 seconds
Build info: version: '3.141.59', revision: 'e82be7d358', time: '2018-11-14T08:17:03'
System info: host: 'YGEVA-LT', ip: '192.168.0.101', os.name: 'Windows 10', os.arch: 'amd64', os.version: '10.0', java.version: '15.0.1'
Driver info: driver.version: AndroidDriver
Build info: version: '3.141.59', revision: 'e82be7d358', time: '2018-11-14T08:17:03'
System info: host: 'YGEVA-LT', ip: '192.168.0.101', os.name: 'Windows 10', os.arch: 'amd64', os.version: '10.0', java.version: '15.0.1'
Driver info: driver.version: AndroidDriver
-- TEST Espn Android menu buttons  failed 2 times: java.lang.NullPointerException: Cannot invoke "io.appium.java_client.AppiumDriver.findElements(org.openqa.selenium.By)" because "this.driver" is null
-- TEST Espn Android menu buttons  failed 3 times: java.lang.NullPointerException: Cannot invoke "io.appium.java_client.AppiumDriver.findElements(org.openqa.selenium.By)" because "this.driver" is null
-- TEST EriBank Android failed 1 times: org.openqa.selenium.SessionNotCreatedException: Unable to create a new remote session. Please check the server log for more details. Original error: Could not start appium grid test. Test request timed out. No device found matching the query: @serialnumber='32049b2612d2b1b9' (WARNING: The server did not provide any stacktrace information)
Command duration or timeout: 835.38 seconds
Build info: version: '3.141.59', revision: 'e82be7d358', time: '2018-11-14T08:17:03'
System info: host: 'YGEVA-LT', ip: '192.168.0.101', os.name: 'Windows 10', os.arch: 'amd64', os.version: '10.0', java.version: '15.0.1'
Driver info: driver.version: AndroidDriver
Build info: version: '3.141.59', revision: 'e82be7d358', time: '2018-11-14T08:17:03'
System info: host: 'YGEVA-LT', ip: '192.168.0.101', os.name: 'Windows 10', os.arch: 'amd64', os.version: '10.0', java.version: '15.0.1'
Driver info: driver.version: AndroidDriver
-- TEST EriBank android Login failed 2 times: java.lang.NullPointerException: Cannot invoke "io.appium.java_client.AppiumDriver.findElementById(String)" because "this.driver" is null
-- TEST EriBank android Login failed 3 times: java.lang.NullPointerException: Cannot invoke "io.appium.java_client.AppiumDriver.findElementById(String)" because "this.driver" is null
-- TEST EriBank Android failed 1 times: org.openqa.selenium.SessionNotCreatedException: Unable to create a new remote session. Please check the server log for more details. Original error: Could not start appium grid test. Test request timed out. No device found matching the query: @serialnumber='32049b2612d2b1b9' (WARNING: The server did not provide any stacktrace information)
Command duration or timeout: 598.60 seconds
Build info: version: '3.141.59', revision: 'e82be7d358', time: '2018-11-14T08:17:03'
System info: host: 'YGEVA-LT', ip: '192.168.0.101', os.name: 'Windows 10', os.arch: 'amd64', os.version: '10.0', java.version: '15.0.1'
Driver info: driver.version: AndroidDriver
Build info: version: '3.141.59', revision: 'e82be7d358', time: '2018-11-14T08:17:03'
System info: host: 'YGEVA-LT', ip: '192.168.0.101', os.name: 'Windows 10', os.arch: 'amd64', os.version: '10.0', java.version: '15.0.1'
Driver info: driver.version: AndroidDriver
-- TEST EriBank android Payment failed 2 times: java.lang.NullPointerException: Cannot invoke "io.appium.java_client.AppiumDriver.findElementById(String)" because "this.driver" is null
-- TEST EriBank android Payment failed 3 times: java.lang.NullPointerException: Cannot invoke "io.appium.java_client.AppiumDriver.findElementById(String)" because "this.driver" is null
