TEST AppStore ios Download failed
org.openqa.selenium.NoSuchElementException: no such element (An element could not be located on the page using the given search parameters (XPATH='//*[@text='Games']'))  (WARNING: The server did not provide any stacktrace information)
Command duration or timeout: 0 milliseconds
For documentation on this error, please visit: https://www.seleniumhq.org/exceptions/no_such_element.html
Build info: version: '3.141.59', revision: 'e82be7d358', time: '2018-11-14T08:17:03'
System info: host: 'YGEVA-LT', ip: '192.168.0.101', os.name: 'Windows 10', os.arch: 'amd64', os.version: '10.0', java.version: '15.0.1'
Driver info: io.appium.java_client.ios.IOSDriver
Capabilities {appBuildVersion: , appReleaseVersion: , appiumVersion: 1.8.0, applicationClearData: false, autoAcceptAlerts: false, autoDismissAlerts: false, autoGrantPermissions: false, autoWebview: false, automationName: XCUITest, bundleId: com.apple.AppStore, cloudViewLink: https://qacloud.experitest...., commandTimeouts: 120000, desired: {bundleId: com.apple.AppStore, fullReset: true, platformName: iOS, udid: 840cb0353d2dcfeea77a5cd6bd8...}, device.category: TABLET, device.majorVersion: 12, device.manufacture: Apple, device.model: iPad Air, device.name: Michael’s iPad 2, device.os: iOS, device.screenSize: 1536x2048, device.serialNumber: 840cb0353d2dcfeea77a5cd6bd8..., device.version: 12.2, deviceUDID: 840cb0353d2dcfeea77a5cd6bd8..., dontGoHomeOnQuit: false, dontStopAppOnReset: false, ehmPrefixUrl: /agent-3419115, ehmUrl: https://qacloud.experitest...., fullReset: true, gridNodePort: 7792, install.only.for.update: false, installOnlyForUpdate: false, instrumentApp: false, javascriptEnabled: true, keystorePath: ~/.android/debug.keystore, locationServicesAuthorized: false, newSessionWaitTimeout: 600, noReset: false, platform: IOS, platformName: iOS, projectName: , reportDirectory: reports, reportFormat: xml, reportTestId: 7250, reportUrl: https://qacloud.experitest...., reservationDuration: 240, takeScreenshots: true, test.type: Mobile, testName: mobile test 01/12/21 02:59 PM, udid: 840cb0353d2dcfeea77a5cd6bd8..., useKeystore: false, waitForDeviceTimeout: 120000}
Session ID: CLOUD-SID:2021-01-12_14-59-12-198924a7-2bcd-469a-9193-0abc1e0adf43
*** Element info: {Using=xpath, value=//*[@text='Games']}
TEST AppStore ios Download failed
org.openqa.selenium.NoSuchElementException: no such element (An element could not be located on the page using the given search parameters (XPATH=' //*[@text='Tab Bar']'))  (WARNING: The server did not provide any stacktrace information)
Command duration or timeout: 0 milliseconds
For documentation on this error, please visit: https://www.seleniumhq.org/exceptions/no_such_element.html
Build info: version: '3.141.59', revision: 'e82be7d358', time: '2018-11-14T08:17:03'
System info: host: 'YGEVA-LT', ip: '192.168.0.101', os.name: 'Windows 10', os.arch: 'amd64', os.version: '10.0', java.version: '15.0.1'
Driver info: io.appium.java_client.ios.IOSDriver
Capabilities {appBuildVersion: , appReleaseVersion: , appiumVersion: 1.8.0, applicationClearData: false, autoAcceptAlerts: false, autoDismissAlerts: false, autoGrantPermissions: false, autoWebview: false, automationName: XCUITest, bundleId: com.apple.AppStore, cloudViewLink: https://qacloud.experitest...., commandTimeouts: 120000, desired: {bundleId: com.apple.AppStore, fullReset: true, platformName: iOS, udid: b688eec7d140df3f6933c780a32...}, device.category: PHONE, device.majorVersion: 11, device.manufacture: Apple, device.model: iPhone 7+, device.name: B0131, device.os: iOS, device.screenSize: 1242x2208, device.serialNumber: b688eec7d140df3f6933c780a32..., device.version: 11.2.6, deviceUDID: b688eec7d140df3f6933c780a32..., dontGoHomeOnQuit: false, dontStopAppOnReset: false, ehmPrefixUrl: /agent-3419115, ehmUrl: https://qacloud.experitest...., fullReset: true, gridNodePort: 7791, install.only.for.update: false, installOnlyForUpdate: false, instrumentApp: false, javascriptEnabled: true, keystorePath: ~/.android/debug.keystore, locationServicesAuthorized: false, newSessionWaitTimeout: 600, noReset: false, platform: IOS, platformName: iOS, projectName: , reportDirectory: reports, reportFormat: xml, reportTestId: 7249, reportUrl: https://qacloud.experitest...., reservationDuration: 240, takeScreenshots: true, test.type: Mobile, testName: mobile test 01/12/21 02:59 PM, udid: b688eec7d140df3f6933c780a32..., useKeystore: false, waitForDeviceTimeout: 120000}
Session ID: CLOUD-SID:2021-01-12_14-59-12-24ebf8bd-4990-41dc-aa1f-a5f957f1c4b5
*** Element info: {Using=xpath, value= //*[@text='Tab Bar']}
TEST App Store ios failed
org.openqa.selenium.NoSuchElementException: no such element (An element could not be located on the page using the given search parameters (XPATH='//*[@text='Games']'))  (WARNING: The server did not provide any stacktrace information)
Command duration or timeout: 0 milliseconds
For documentation on this error, please visit: https://www.seleniumhq.org/exceptions/no_such_element.html
Build info: version: '3.141.59', revision: 'e82be7d358', time: '2018-11-14T08:17:03'
System info: host: 'YGEVA-LT', ip: '192.168.0.101', os.name: 'Windows 10', os.arch: 'amd64', os.version: '10.0', java.version: '15.0.1'
Driver info: io.appium.java_client.ios.IOSDriver
Capabilities {appBuildVersion: , appReleaseVersion: , appiumVersion: 1.8.0, applicationClearData: false, autoAcceptAlerts: false, autoDismissAlerts: false, autoGrantPermissions: false, autoWebview: false, automationName: XCUITest, bundleId: com.apple.AppStore, cloudViewLink: https://qacloud.experitest...., commandTimeouts: 120000, desired: {bundleId: com.apple.AppStore, fullReset: true, platformName: iOS, udid: 840cb0353d2dcfeea77a5cd6bd8...}, device.category: TABLET, device.majorVersion: 12, device.manufacture: Apple, device.model: iPad Air, device.name: Michael’s iPad 2, device.os: iOS, device.screenSize: 1536x2048, device.serialNumber: 840cb0353d2dcfeea77a5cd6bd8..., device.version: 12.2, deviceUDID: 840cb0353d2dcfeea77a5cd6bd8..., dontGoHomeOnQuit: false, dontStopAppOnReset: false, ehmPrefixUrl: /agent-3419115, ehmUrl: https://qacloud.experitest...., fullReset: true, gridNodePort: 7793, install.only.for.update: false, installOnlyForUpdate: false, instrumentApp: false, javascriptEnabled: true, keystorePath: ~/.android/debug.keystore, locationServicesAuthorized: false, newSessionWaitTimeout: 600, noReset: false, platform: IOS, platformName: iOS, projectName: , reportDirectory: reports, reportFormat: xml, reportTestId: 7251, reportUrl: https://qacloud.experitest...., reservationDuration: 240, takeScreenshots: true, test.type: Mobile, testName: mobile test 01/12/21 03:00 PM, udid: 840cb0353d2dcfeea77a5cd6bd8..., useKeystore: false, waitForDeviceTimeout: 120000}
Session ID: CLOUD-SID:2021-01-12_15-00-01-f5b592c9-c94a-4289-9e12-89a76fc7b17c
*** Element info: {Using=xpath, value=//*[@text='Games']}
TEST App Store ios failed
org.openqa.selenium.NoSuchElementException: no such element (An element could not be located on the page using the given search parameters (XPATH=' //*[@text='Tab Bar']'))  (WARNING: The server did not provide any stacktrace information)
Command duration or timeout: 0 milliseconds
For documentation on this error, please visit: https://www.seleniumhq.org/exceptions/no_such_element.html
Build info: version: '3.141.59', revision: 'e82be7d358', time: '2018-11-14T08:17:03'
System info: host: 'YGEVA-LT', ip: '192.168.0.101', os.name: 'Windows 10', os.arch: 'amd64', os.version: '10.0', java.version: '15.0.1'
Driver info: io.appium.java_client.ios.IOSDriver
Capabilities {appBuildVersion: , appReleaseVersion: , appiumVersion: 1.8.0, applicationClearData: false, autoAcceptAlerts: false, autoDismissAlerts: false, autoGrantPermissions: false, autoWebview: false, automationName: XCUITest, bundleId: com.apple.AppStore, cloudViewLink: https://qacloud.experitest...., commandTimeouts: 120000, desired: {bundleId: com.apple.AppStore, fullReset: true, platformName: iOS, udid: b688eec7d140df3f6933c780a32...}, device.category: PHONE, device.majorVersion: 11, device.manufacture: Apple, device.model: iPhone 7+, device.name: B0131, device.os: iOS, device.screenSize: 1242x2208, device.serialNumber: b688eec7d140df3f6933c780a32..., device.version: 11.2.6, deviceUDID: b688eec7d140df3f6933c780a32..., dontGoHomeOnQuit: false, dontStopAppOnReset: false, ehmPrefixUrl: /agent-3419115, ehmUrl: https://qacloud.experitest...., fullReset: true, gridNodePort: 7794, install.only.for.update: false, installOnlyForUpdate: false, instrumentApp: false, javascriptEnabled: true, keystorePath: ~/.android/debug.keystore, locationServicesAuthorized: false, newSessionWaitTimeout: 600, noReset: false, platform: IOS, platformName: iOS, projectName: , reportDirectory: reports, reportFormat: xml, reportTestId: 7252, reportUrl: https://qacloud.experitest...., reservationDuration: 240, takeScreenshots: true, test.type: Mobile, testName: mobile test 01/12/21 03:00 PM, udid: b688eec7d140df3f6933c780a32..., useKeystore: false, waitForDeviceTimeout: 120000}
Session ID: CLOUD-SID:2021-01-12_15-00-27-4b79fb01-dd1b-46de-831f-7888cbf03e01
*** Element info: {Using=xpath, value= //*[@text='Tab Bar']}
TEST Espn ios menu failed
java.lang.IndexOutOfBoundsException: Index 0 out of bounds for length 0
