TEST Tap The Dot Android Login failed
org.openqa.selenium.NoSuchElementException: no such element (An element could not be located on the page using the given search parameters (XPATH='//*[@id='verifyNameTextBox']'))  (WARNING: The server did not provide any stacktrace information)
Command duration or timeout: 0 milliseconds
For documentation on this error, please visit: https://www.seleniumhq.org/exceptions/no_such_element.html
Build info: version: '3.141.59', revision: 'e82be7d358', time: '2018-11-14T08:17:03'
System info: host: 'YGEVA-LT', ip: '192.168.0.101', os.name: 'Windows 10', os.arch: 'amd64', os.version: '10.0', java.version: '15.0.1'
Driver info: io.appium.java_client.android.AndroidDriver
Capabilities {app: cloud:com.example.tapthedot..., appActivity: .MainActivity, appBuildVersion: , appPackage: com.example.tapthedot, appReleaseVersion: , appiumVersion: 1.8.0, applicationClearData: false, autoAcceptAlerts: false, autoDismissAlerts: false, autoGrantPermissions: false, autoWebview: false, cloudViewLink: https://qacloud.experitest...., commandTimeouts: 120000, desired: {app: cloud:com.example.tapthedot..., appActivity: .MainActivity, appPackage: com.example.tapthedot, platformName: Android, udid: 5LFU49SOD6DISC75}, device.category: PHONE, device.majorVersion: 5, device.manufacture: OPPO, device.model: A1601, device.name: OPPO A1601, device.os: Android, device.screenSize: 720x1280, device.serialNumber: 5LFU49SOD6DISC75, device.version: 5.1, deviceUDID: 5LFU49SOD6DISC75, dontGoHomeOnQuit: false, dontStopAppOnReset: false, ehmPrefixUrl: /agent-3419115, ehmUrl: https://qacloud.experitest...., fullReset: false, gridNodePort: 7820, install.only.for.update: false, installOnlyForUpdate: false, instrumentApp: false, javascriptEnabled: true, keystorePath: ~/.android/debug.keystore, locationServicesAuthorized: false, newSessionWaitTimeout: 600, noReset: false, platform: ANDROID, platformName: Android, projectName: , reportDirectory: reports, reportFormat: xml, reportTestId: 7289, reportUrl: https://qacloud.experitest...., reservationDuration: 240, takeScreenshots: true, test.type: Mobile, testName: mobile test 01/13/21 02:38 PM, udid: 5LFU49SOD6DISC75, useKeystore: false, waitForDeviceTimeout: 120000}
Session ID: CLOUD-SID:2021-01-13_14-38-22-15b3272a-c65f-43fb-809a-f2726526e8b3
*** Element info: {Using=xpath, value=//*[@id='verifyNameTextBox']}
TEST Tap The Dot Android play 3 taps failed
org.openqa.selenium.NoSuchElementException: no such element (An element could not be located on the page using the given search parameters (XPATH='//*[@id='verifyNameTextBox']'))  (WARNING: The server did not provide any stacktrace information)
Command duration or timeout: 0 milliseconds
For documentation on this error, please visit: https://www.seleniumhq.org/exceptions/no_such_element.html
Build info: version: '3.141.59', revision: 'e82be7d358', time: '2018-11-14T08:17:03'
System info: host: 'YGEVA-LT', ip: '192.168.0.101', os.name: 'Windows 10', os.arch: 'amd64', os.version: '10.0', java.version: '15.0.1'
Driver info: io.appium.java_client.android.AndroidDriver
Capabilities {app: cloud:com.example.tapthedot..., appActivity: .MainActivity, appBuildVersion: , appPackage: com.example.tapthedot, appReleaseVersion: , appiumVersion: 1.8.0, applicationClearData: false, autoAcceptAlerts: false, autoDismissAlerts: false, autoGrantPermissions: false, autoWebview: false, cloudViewLink: https://qacloud.experitest...., commandTimeouts: 120000, desired: {app: cloud:com.example.tapthedot..., appActivity: .MainActivity, appPackage: com.example.tapthedot, platformName: Android, udid: 5LFU49SOD6DISC75}, device.category: PHONE, device.majorVersion: 5, device.manufacture: OPPO, device.model: A1601, device.name: OPPO A1601, device.os: Android, device.screenSize: 720x1280, device.serialNumber: 5LFU49SOD6DISC75, device.version: 5.1, deviceUDID: 5LFU49SOD6DISC75, dontGoHomeOnQuit: false, dontStopAppOnReset: false, ehmPrefixUrl: /agent-3419115, ehmUrl: https://qacloud.experitest...., fullReset: false, gridNodePort: 7822, install.only.for.update: false, installOnlyForUpdate: false, instrumentApp: false, javascriptEnabled: true, keystorePath: ~/.android/debug.keystore, locationServicesAuthorized: false, newSessionWaitTimeout: 600, noReset: false, platform: ANDROID, platformName: Android, projectName: , reportDirectory: reports, reportFormat: xml, reportTestId: 7294, reportUrl: https://qacloud.experitest...., reservationDuration: 240, takeScreenshots: true, test.type: Mobile, testName: mobile test 01/13/21 02:39 PM, udid: 5LFU49SOD6DISC75, useKeystore: false, waitForDeviceTimeout: 120000}
Session ID: CLOUD-SID:2021-01-13_14-39-37-71c59fc1-592b-4042-adc5-9216ad2d851d
*** Element info: {Using=xpath, value=//*[@id='verifyNameTextBox']}
TEST AppStore android Download failed
org.openqa.selenium.NoSuchElementException: no such element (An element could not be located on the page using the given search parameters (XPATH='//*[@text='Uninstall']'))  (WARNING: The server did not provide any stacktrace information)
Command duration or timeout: 0 milliseconds
For documentation on this error, please visit: https://www.seleniumhq.org/exceptions/no_such_element.html
Build info: version: '3.141.59', revision: 'e82be7d358', time: '2018-11-14T08:17:03'
System info: host: 'YGEVA-LT', ip: '192.168.0.101', os.name: 'Windows 10', os.arch: 'amd64', os.version: '10.0', java.version: '15.0.1'
Driver info: io.appium.java_client.android.AndroidDriver
Capabilities {appActivity: .AssetBrowserActivity, appBuildVersion: , appPackage: com.android.vending, appReleaseVersion: , appiumVersion: 1.8.0, applicationClearData: false, autoAcceptAlerts: false, autoDismissAlerts: false, autoGrantPermissions: false, autoWebview: false, cloudViewLink: https://qacloud.experitest...., commandTimeouts: 120000, desired: {appActivity: .AssetBrowserActivity, appPackage: com.android.vending, platformName: Android, udid: 5LFU49SOD6DISC75}, device.category: PHONE, device.majorVersion: 5, device.manufacture: OPPO, device.model: A1601, device.name: OPPO A1601, device.os: Android, device.screenSize: 720x1280, device.serialNumber: 5LFU49SOD6DISC75, device.version: 5.1, deviceUDID: 5LFU49SOD6DISC75, dontGoHomeOnQuit: false, dontStopAppOnReset: false, ehmPrefixUrl: /agent-3419115, ehmUrl: https://qacloud.experitest...., fullReset: false, gridNodePort: 7824, install.only.for.update: false, installOnlyForUpdate: false, instrumentApp: false, javascriptEnabled: true, keystorePath: ~/.android/debug.keystore, locationServicesAuthorized: false, newSessionWaitTimeout: 600, noReset: false, platform: ANDROID, platformName: Android, projectName: , reportDirectory: reports, reportFormat: xml, reportTestId: 7298, reportUrl: https://qacloud.experitest...., reservationDuration: 240, takeScreenshots: true, test.type: Mobile, testName: mobile test 01/13/21 02:41 PM, udid: 5LFU49SOD6DISC75, useKeystore: false, waitForDeviceTimeout: 120000}
Session ID: CLOUD-SID:2021-01-13_14-40-51-12aeca36-72f8-4fec-8d3a-390903dcfdab
*** Element info: {Using=xpath, value=//*[@text='Uninstall']}
TEST AppStore android top10 failed
org.openqa.selenium.WebDriverException: java.net.ConnectException: Failed to connect to qacloud.experitest.com/192.168.6.19:443
Build info: version: '3.141.59', revision: 'e82be7d358', time: '2018-11-14T08:17:03'
System info: host: 'YGEVA-LT', ip: '192.168.0.101', os.name: 'Windows 10', os.arch: 'amd64', os.version: '10.0', java.version: '15.0.1'
Driver info: driver.version: AndroidDriver
TEST EriBank Android failed
org.openqa.selenium.SessionNotCreatedException: Unable to create a new remote session. Original error: Failed to connect to qacloud.experitest.com/192.168.6.19:443
Build info: version: '3.141.59', revision: 'e82be7d358', time: '2018-11-14T08:17:03'
System info: host: 'YGEVA-LT', ip: '192.168.0.101', os.name: 'Windows 10', os.arch: 'amd64', os.version: '10.0', java.version: '15.0.1'
Driver info: driver.version: AndroidDriver
TEST EriBank Android failed
org.openqa.selenium.SessionNotCreatedException: Unable to create a new remote session. Original error: Failed to connect to qacloud.experitest.com/192.168.6.19:443
Build info: version: '3.141.59', revision: 'e82be7d358', time: '2018-11-14T08:17:03'
System info: host: 'YGEVA-LT', ip: '192.168.0.101', os.name: 'Windows 10', os.arch: 'amd64', os.version: '10.0', java.version: '15.0.1'
Driver info: driver.version: AndroidDriver
TEST null failed
org.openqa.selenium.SessionNotCreatedException: Unable to create a new remote session. Original error: Failed to connect to qacloud.experitest.com/192.168.6.19:443
Build info: version: '3.141.59', revision: 'e82be7d358', time: '2018-11-14T08:17:03'
System info: host: 'YGEVA-LT', ip: '192.168.0.101', os.name: 'Windows 10', os.arch: 'amd64', os.version: '10.0', java.version: '15.0.1'
Driver info: driver.version: AndroidDriver
