TEST Tap The Dot Android Login failed
org.openqa.selenium.NoSuchElementException: no such element (An element could not be located on the page using the given search parameters (XPATH='//*[@id='verifyNameTextBox']'))  (WARNING: The server did not provide any stacktrace information)
Command duration or timeout: 0 milliseconds
For documentation on this error, please visit: https://www.seleniumhq.org/exceptions/no_such_element.html
Build info: version: '3.141.59', revision: 'e82be7d358', time: '2018-11-14T08:17:03'
System info: host: 'YGEVA-LT', ip: '192.168.0.101', os.name: 'Windows 10', os.arch: 'amd64', os.version: '10.0', java.version: '15.0.1'
Driver info: io.appium.java_client.android.AndroidDriver
Capabilities {app: cloud:com.example.tapthedot..., appActivity: .MainActivity, appBuildVersion: , appPackage: com.example.tapthedot, appReleaseVersion: , appiumVersion: 1.8.0, applicationClearData: false, autoAcceptAlerts: false, autoDismissAlerts: false, autoGrantPermissions: false, autoWebview: false, cloudViewLink: https://qaregion.experitest..., commandTimeouts: 120000, desired: {app: cloud:com.example.tapthedot..., appActivity: .MainActivity, appPackage: com.example.tapthedot, platformName: Android, udid: 32049b2612d2b1b9}, device.category: PHONE, device.majorVersion: 5, device.manufacture: samsung, device.model: SM-N7505, device.name: samsung SM-N7505, device.os: Android, device.screenSize: 720x1280, device.serialNumber: 32049b2612d2b1b9, device.version: 5.1.1, deviceUDID: 32049b2612d2b1b9, dontGoHomeOnQuit: false, dontStopAppOnReset: false, ehmPrefixUrl: /agent-3540344, ehmUrl: https://qaregion.experitest..., fullReset: false, gridNodePort: 7788, install.only.for.update: false, installOnlyForUpdate: false, instrumentApp: false, javascriptEnabled: true, keystorePath: ~/.android/debug.keystore, locationServicesAuthorized: false, newSessionWaitTimeout: 600, noReset: false, platform: ANDROID, platformName: Android, projectName: , reportDirectory: reports, reportFormat: xml, reportTestId: 7287, reportUrl: https://qacloud.experitest...., reservationDuration: 240, takeScreenshots: true, test.type: Mobile, testName: mobile test 01/13/21 02:38 PM, udid: 32049b2612d2b1b9, useKeystore: false, waitForDeviceTimeout: 120000}
Session ID: CLOUD-SID:2021-01-13_14-38-22-8932417a-ef60-4e07-8343-21f77022f4b9
*** Element info: {Using=xpath, value=//*[@id='verifyNameTextBox']}
TEST Tap The Dot Android play 3 taps failed
org.openqa.selenium.NoSuchElementException: no such element (An element could not be located on the page using the given search parameters (XPATH='//*[@id='verifyNameTextBox']'))  (WARNING: The server did not provide any stacktrace information)
Command duration or timeout: 0 milliseconds
For documentation on this error, please visit: https://www.seleniumhq.org/exceptions/no_such_element.html
Build info: version: '3.141.59', revision: 'e82be7d358', time: '2018-11-14T08:17:03'
System info: host: 'YGEVA-LT', ip: '192.168.0.101', os.name: 'Windows 10', os.arch: 'amd64', os.version: '10.0', java.version: '15.0.1'
Driver info: io.appium.java_client.android.AndroidDriver
Capabilities {app: cloud:com.example.tapthedot..., appActivity: .MainActivity, appBuildVersion: , appPackage: com.example.tapthedot, appReleaseVersion: , appiumVersion: 1.8.0, applicationClearData: false, autoAcceptAlerts: false, autoDismissAlerts: false, autoGrantPermissions: false, autoWebview: false, cloudViewLink: https://qaregion.experitest..., commandTimeouts: 120000, desired: {app: cloud:com.example.tapthedot..., appActivity: .MainActivity, appPackage: com.example.tapthedot, platformName: Android, udid: 32049b2612d2b1b9}, device.category: PHONE, device.majorVersion: 5, device.manufacture: samsung, device.model: SM-N7505, device.name: samsung SM-N7505, device.os: Android, device.screenSize: 720x1280, device.serialNumber: 32049b2612d2b1b9, device.version: 5.1.1, deviceUDID: 32049b2612d2b1b9, dontGoHomeOnQuit: false, dontStopAppOnReset: false, ehmPrefixUrl: /agent-3540344, ehmUrl: https://qaregion.experitest..., fullReset: false, gridNodePort: 7790, install.only.for.update: false, installOnlyForUpdate: false, instrumentApp: false, javascriptEnabled: true, keystorePath: ~/.android/debug.keystore, locationServicesAuthorized: false, newSessionWaitTimeout: 600, noReset: false, platform: ANDROID, platformName: Android, projectName: , reportDirectory: reports, reportFormat: xml, reportTestId: 7291, reportUrl: https://qacloud.experitest...., reservationDuration: 240, takeScreenshots: true, test.type: Mobile, testName: mobile test 01/13/21 02:39 PM, udid: 32049b2612d2b1b9, useKeystore: false, waitForDeviceTimeout: 120000}
Session ID: CLOUD-SID:2021-01-13_14-39-24-84f17ce6-38ee-4ae3-9153-fb0e89a37378
*** Element info: {Using=xpath, value=//*[@id='verifyNameTextBox']}
TEST AppStore android Download failed
org.openqa.selenium.NoSuchElementException: no such element (An element could not be located on the page using the given search parameters (XPATH='//*[@text='Top charts']'))  (WARNING: The server did not provide any stacktrace information)
Command duration or timeout: 0 milliseconds
For documentation on this error, please visit: https://www.seleniumhq.org/exceptions/no_such_element.html
Build info: version: '3.141.59', revision: 'e82be7d358', time: '2018-11-14T08:17:03'
System info: host: 'YGEVA-LT', ip: '192.168.0.101', os.name: 'Windows 10', os.arch: 'amd64', os.version: '10.0', java.version: '15.0.1'
Driver info: io.appium.java_client.android.AndroidDriver
Capabilities {appActivity: .AssetBrowserActivity, appBuildVersion: , appPackage: com.android.vending, appReleaseVersion: , appiumVersion: 1.8.0, applicationClearData: false, autoAcceptAlerts: false, autoDismissAlerts: false, autoGrantPermissions: false, autoWebview: false, cloudViewLink: https://qaregion.experitest..., commandTimeouts: 120000, desired: {appActivity: .AssetBrowserActivity, appPackage: com.android.vending, platformName: Android, udid: 32049b2612d2b1b9}, device.category: PHONE, device.majorVersion: 5, device.manufacture: samsung, device.model: SM-N7505, device.name: samsung SM-N7505, device.os: Android, device.screenSize: 720x1280, device.serialNumber: 32049b2612d2b1b9, device.version: 5.1.1, deviceUDID: 32049b2612d2b1b9, dontGoHomeOnQuit: false, dontStopAppOnReset: false, ehmPrefixUrl: /agent-3540344, ehmUrl: https://qaregion.experitest..., fullReset: false, gridNodePort: 7792, install.only.for.update: false, installOnlyForUpdate: false, instrumentApp: false, javascriptEnabled: true, keystorePath: ~/.android/debug.keystore, locationServicesAuthorized: false, newSessionWaitTimeout: 600, noReset: false, platform: ANDROID, platformName: Android, projectName: , reportDirectory: reports, reportFormat: xml, reportTestId: 7295, reportUrl: https://qacloud.experitest...., reservationDuration: 240, takeScreenshots: true, test.type: Mobile, testName: mobile test 01/13/21 02:40 PM, udid: 32049b2612d2b1b9, useKeystore: false, waitForDeviceTimeout: 120000}
Session ID: CLOUD-SID:2021-01-13_14-40-29-06230825-41d0-41ec-99d6-35aa430cb9b6
*** Element info: {Using=xpath, value=//*[@text='Top charts']}
TEST AppStore android top10 failed
org.openqa.selenium.NoSuchElementException: no such element (An element could not be located on the page using the given search parameters (XPATH='//*[@text='Top charts']'))  (WARNING: The server did not provide any stacktrace information)
Command duration or timeout: 0 milliseconds
For documentation on this error, please visit: https://www.seleniumhq.org/exceptions/no_such_element.html
Build info: version: '3.141.59', revision: 'e82be7d358', time: '2018-11-14T08:17:03'
System info: host: 'YGEVA-LT', ip: '192.168.0.101', os.name: 'Windows 10', os.arch: 'amd64', os.version: '10.0', java.version: '15.0.1'
Driver info: io.appium.java_client.android.AndroidDriver
Capabilities {appActivity: .AssetBrowserActivity, appBuildVersion: , appPackage: com.android.vending, appReleaseVersion: , appiumVersion: 1.8.0, applicationClearData: false, autoAcceptAlerts: false, autoDismissAlerts: false, autoGrantPermissions: false, autoWebview: false, cloudViewLink: https://qaregion.experitest..., commandTimeouts: 120000, desired: {appActivity: .AssetBrowserActivity, appPackage: com.android.vending, platformName: Android, udid: 32049b2612d2b1b9}, device.category: PHONE, device.majorVersion: 5, device.manufacture: samsung, device.model: SM-N7505, device.name: samsung SM-N7505, device.os: Android, device.screenSize: 720x1280, device.serialNumber: 32049b2612d2b1b9, device.version: 5.1.1, deviceUDID: 32049b2612d2b1b9, dontGoHomeOnQuit: false, dontStopAppOnReset: false, ehmPrefixUrl: /agent-3540344, ehmUrl: https://qaregion.experitest..., fullReset: false, gridNodePort: 7794, install.only.for.update: false, installOnlyForUpdate: false, instrumentApp: false, javascriptEnabled: true, keystorePath: ~/.android/debug.keystore, locationServicesAuthorized: false, newSessionWaitTimeout: 600, noReset: false, platform: ANDROID, platformName: Android, projectName: , reportDirectory: reports, reportFormat: xml, reportTestId: 7299, reportUrl: https://qacloud.experitest...., reservationDuration: 240, takeScreenshots: true, test.type: Mobile, testName: mobile test 01/13/21 02:41 PM, udid: 32049b2612d2b1b9, useKeystore: false, waitForDeviceTimeout: 120000}
Session ID: CLOUD-SID:2021-01-13_14-41-18-8768409e-8843-419f-90d8-0c98fbebb19a
*** Element info: {Using=xpath, value=//*[@text='Top charts']}
TEST EriBank android Login failed 
java.lang.AssertionError: one, companydidnt pop Erorr message
TEST EriBank android Payment failed
org.openqa.selenium.NoSuchElementException: no such element (An element could not be located on the page using the given search parameters (ID='phoneTextField'))  (WARNING: The server did not provide any stacktrace information)
Command duration or timeout: 0 milliseconds
For documentation on this error, please visit: https://www.seleniumhq.org/exceptions/no_such_element.html
Build info: version: '3.141.59', revision: 'e82be7d358', time: '2018-11-14T08:17:03'
System info: host: 'YGEVA-LT', ip: '192.168.0.101', os.name: 'Windows 10', os.arch: 'amd64', os.version: '10.0', java.version: '15.0.1'
Driver info: io.appium.java_client.android.AndroidDriver
Capabilities {app: cloud:com.experitest.Experi..., appActivity: .LoginActivity, appBuildVersion: , appPackage: com.experitest.ExperiBank, appReleaseVersion: , appiumVersion: 1.8.0, applicationClearData: false, autoAcceptAlerts: false, autoDismissAlerts: false, autoGrantPermissions: false, autoWebview: false, cloudViewLink: https://qaregion.experitest..., commandTimeouts: 120000, desired: {app: cloud:com.experitest.Experi..., appActivity: .LoginActivity, appPackage: com.experitest.ExperiBank, platformName: Android, udid: 32049b2612d2b1b9}, device.category: PHONE, device.majorVersion: 5, device.manufacture: samsung, device.model: SM-N7505, device.name: samsung SM-N7505, device.os: Android, device.screenSize: 720x1280, device.serialNumber: 32049b2612d2b1b9, device.version: 5.1.1, deviceUDID: 32049b2612d2b1b9, dontGoHomeOnQuit: false, dontStopAppOnReset: false, ehmPrefixUrl: /agent-3540344, ehmUrl: https://qaregion.experitest..., fullReset: false, gridNodePort: 7798, install.only.for.update: false, installOnlyForUpdate: false, instrumentApp: false, javascriptEnabled: true, keystorePath: ~/.android/debug.keystore, locationServicesAuthorized: false, newSessionWaitTimeout: 600, noReset: false, platform: ANDROID, platformName: Android, projectName: , reportDirectory: reports, reportFormat: xml, reportTestId: 7304, reportUrl: https://qacloud.experitest...., reservationDuration: 240, takeScreenshots: true, test.type: Mobile, testName: mobile test 01/13/21 02:43 PM, udid: 32049b2612d2b1b9, useKeystore: false, waitForDeviceTimeout: 120000}
Session ID: CLOUD-SID:2021-01-13_14-43-18-c65b66c4-3f10-4c2f-a208-aa67e7c127a8
*** Element info: {Using=id, value=phoneTextField}
TEST Espn Android failed
java.lang.IndexOutOfBoundsException: Index 0 out of bounds for length 0
