1. Device{name='samsung SM-N7505', category='PHONE', version='5.1.1', os='Android'}, passed=0, failed=7
, errorList=[org.openqa.selenium.NoSuchElementException: no such element (An element could not be located on the page using the given search parameters (XPATH='//*[@id='verifyNameTextBox']'))  (WARNING: The server did not provide any stacktrace information)
Command duration or timeout: 0 milliseconds
For documentation on this error, please visit: https://www.seleniumhq.org/exceptions/no_such_element.html
Build info: version: '3.141.59', revision: 'e82be7d358', time: '2018-11-14T08:17:03'
System info: host: 'YGEVA-LT', ip: '192.168.0.101', os.name: 'Windows 10', os.arch: 'amd64', os.version: '10.0', java.version: '15.0.1'
Driver info: io.appium.java_client.android.AndroidDriver
Capabilities {app: cloud:com.example.tapthedot..., appActivity: .MainActivity, appBuildVersion: , appPackage: com.example.tapthedot, appReleaseVersion: , appiumVersion: 1.8.0, applicationClearData: false, autoAcceptAlerts: false, autoDismissAlerts: false, autoGrantPermissions: false, autoWebview: false, cloudViewLink: https://qaregion.experitest..., commandTimeouts: 120000, desired: {app: cloud:com.example.tapthedot..., appActivity: .MainActivity, appPackage: com.example.tapthedot, platformName: Android, udid: 32049b2612d2b1b9}, device.category: PHONE, device.majorVersion: 5, device.manufacture: samsung, device.model: SM-N7505, device.name: samsung SM-N7505, device.os: Android, device.screenSize: 720x1280, device.serialNumber: 32049b2612d2b1b9, device.version: 5.1.1, deviceUDID: 32049b2612d2b1b9, dontGoHomeOnQuit: false, dontStopAppOnReset: false, ehmPrefixUrl: /agent-3540344, ehmUrl: https://qaregion.experitest..., fullReset: false, gridNodePort: 7788, install.only.for.update: false, installOnlyForUpdate: false, instrumentApp: false, javascriptEnabled: true, keystorePath: ~/.android/debug.keystore, locationServicesAuthorized: false, newSessionWaitTimeout: 600, noReset: false, platform: ANDROID, platformName: Android, projectName: , reportDirectory: reports, reportFormat: xml, reportTestId: 7287, reportUrl: https://qacloud.experitest...., reservationDuration: 240, takeScreenshots: true, test.type: Mobile, testName: mobile test 01/13/21 02:38 PM, udid: 32049b2612d2b1b9, useKeystore: false, waitForDeviceTimeout: 120000}
Session ID: CLOUD-SID:2021-01-13_14-38-22-8932417a-ef60-4e07-8343-21f77022f4b9
*** Element info: {Using=xpath, value=//*[@id='verifyNameTextBox']}
, org.openqa.selenium.NoSuchElementException: no such element (An element could not be located on the page using the given search parameters (XPATH='//*[@id='verifyNameTextBox']'))  (WARNING: The server did not provide any stacktrace information)
Command duration or timeout: 0 milliseconds
For documentation on this error, please visit: https://www.seleniumhq.org/exceptions/no_such_element.html
Build info: version: '3.141.59', revision: 'e82be7d358', time: '2018-11-14T08:17:03'
System info: host: 'YGEVA-LT', ip: '192.168.0.101', os.name: 'Windows 10', os.arch: 'amd64', os.version: '10.0', java.version: '15.0.1'
Driver info: io.appium.java_client.android.AndroidDriver
Capabilities {app: cloud:com.example.tapthedot..., appActivity: .MainActivity, appBuildVersion: , appPackage: com.example.tapthedot, appReleaseVersion: , appiumVersion: 1.8.0, applicationClearData: false, autoAcceptAlerts: false, autoDismissAlerts: false, autoGrantPermissions: false, autoWebview: false, cloudViewLink: https://qaregion.experitest..., commandTimeouts: 120000, desired: {app: cloud:com.example.tapthedot..., appActivity: .MainActivity, appPackage: com.example.tapthedot, platformName: Android, udid: 32049b2612d2b1b9}, device.category: PHONE, device.majorVersion: 5, device.manufacture: samsung, device.model: SM-N7505, device.name: samsung SM-N7505, device.os: Android, device.screenSize: 720x1280, device.serialNumber: 32049b2612d2b1b9, device.version: 5.1.1, deviceUDID: 32049b2612d2b1b9, dontGoHomeOnQuit: false, dontStopAppOnReset: false, ehmPrefixUrl: /agent-3540344, ehmUrl: https://qaregion.experitest..., fullReset: false, gridNodePort: 7790, install.only.for.update: false, installOnlyForUpdate: false, instrumentApp: false, javascriptEnabled: true, keystorePath: ~/.android/debug.keystore, locationServicesAuthorized: false, newSessionWaitTimeout: 600, noReset: false, platform: ANDROID, platformName: Android, projectName: , reportDirectory: reports, reportFormat: xml, reportTestId: 7291, reportUrl: https://qacloud.experitest...., reservationDuration: 240, takeScreenshots: true, test.type: Mobile, testName: mobile test 01/13/21 02:39 PM, udid: 32049b2612d2b1b9, useKeystore: false, waitForDeviceTimeout: 120000}
Session ID: CLOUD-SID:2021-01-13_14-39-24-84f17ce6-38ee-4ae3-9153-fb0e89a37378
*** Element info: {Using=xpath, value=//*[@id='verifyNameTextBox']}
, org.openqa.selenium.NoSuchElementException: no such element (An element could not be located on the page using the given search parameters (XPATH='//*[@text='Top charts']'))  (WARNING: The server did not provide any stacktrace information)
Command duration or timeout: 0 milliseconds
For documentation on this error, please visit: https://www.seleniumhq.org/exceptions/no_such_element.html
Build info: version: '3.141.59', revision: 'e82be7d358', time: '2018-11-14T08:17:03'
System info: host: 'YGEVA-LT', ip: '192.168.0.101', os.name: 'Windows 10', os.arch: 'amd64', os.version: '10.0', java.version: '15.0.1'
Driver info: io.appium.java_client.android.AndroidDriver
Capabilities {appActivity: .AssetBrowserActivity, appBuildVersion: , appPackage: com.android.vending, appReleaseVersion: , appiumVersion: 1.8.0, applicationClearData: false, autoAcceptAlerts: false, autoDismissAlerts: false, autoGrantPermissions: false, autoWebview: false, cloudViewLink: https://qaregion.experitest..., commandTimeouts: 120000, desired: {appActivity: .AssetBrowserActivity, appPackage: com.android.vending, platformName: Android, udid: 32049b2612d2b1b9}, device.category: PHONE, device.majorVersion: 5, device.manufacture: samsung, device.model: SM-N7505, device.name: samsung SM-N7505, device.os: Android, device.screenSize: 720x1280, device.serialNumber: 32049b2612d2b1b9, device.version: 5.1.1, deviceUDID: 32049b2612d2b1b9, dontGoHomeOnQuit: false, dontStopAppOnReset: false, ehmPrefixUrl: /agent-3540344, ehmUrl: https://qaregion.experitest..., fullReset: false, gridNodePort: 7792, install.only.for.update: false, installOnlyForUpdate: false, instrumentApp: false, javascriptEnabled: true, keystorePath: ~/.android/debug.keystore, locationServicesAuthorized: false, newSessionWaitTimeout: 600, noReset: false, platform: ANDROID, platformName: Android, projectName: , reportDirectory: reports, reportFormat: xml, reportTestId: 7295, reportUrl: https://qacloud.experitest...., reservationDuration: 240, takeScreenshots: true, test.type: Mobile, testName: mobile test 01/13/21 02:40 PM, udid: 32049b2612d2b1b9, useKeystore: false, waitForDeviceTimeout: 120000}
Session ID: CLOUD-SID:2021-01-13_14-40-29-06230825-41d0-41ec-99d6-35aa430cb9b6
*** Element info: {Using=xpath, value=//*[@text='Top charts']}
, org.openqa.selenium.NoSuchElementException: no such element (An element could not be located on the page using the given search parameters (XPATH='//*[@text='Top charts']'))  (WARNING: The server did not provide any stacktrace information)
Command duration or timeout: 0 milliseconds
For documentation on this error, please visit: https://www.seleniumhq.org/exceptions/no_such_element.html
Build info: version: '3.141.59', revision: 'e82be7d358', time: '2018-11-14T08:17:03'
System info: host: 'YGEVA-LT', ip: '192.168.0.101', os.name: 'Windows 10', os.arch: 'amd64', os.version: '10.0', java.version: '15.0.1'
Driver info: io.appium.java_client.android.AndroidDriver
Capabilities {appActivity: .AssetBrowserActivity, appBuildVersion: , appPackage: com.android.vending, appReleaseVersion: , appiumVersion: 1.8.0, applicationClearData: false, autoAcceptAlerts: false, autoDismissAlerts: false, autoGrantPermissions: false, autoWebview: false, cloudViewLink: https://qaregion.experitest..., commandTimeouts: 120000, desired: {appActivity: .AssetBrowserActivity, appPackage: com.android.vending, platformName: Android, udid: 32049b2612d2b1b9}, device.category: PHONE, device.majorVersion: 5, device.manufacture: samsung, device.model: SM-N7505, device.name: samsung SM-N7505, device.os: Android, device.screenSize: 720x1280, device.serialNumber: 32049b2612d2b1b9, device.version: 5.1.1, deviceUDID: 32049b2612d2b1b9, dontGoHomeOnQuit: false, dontStopAppOnReset: false, ehmPrefixUrl: /agent-3540344, ehmUrl: https://qaregion.experitest..., fullReset: false, gridNodePort: 7794, install.only.for.update: false, installOnlyForUpdate: false, instrumentApp: false, javascriptEnabled: true, keystorePath: ~/.android/debug.keystore, locationServicesAuthorized: false, newSessionWaitTimeout: 600, noReset: false, platform: ANDROID, platformName: Android, projectName: , reportDirectory: reports, reportFormat: xml, reportTestId: 7299, reportUrl: https://qacloud.experitest...., reservationDuration: 240, takeScreenshots: true, test.type: Mobile, testName: mobile test 01/13/21 02:41 PM, udid: 32049b2612d2b1b9, useKeystore: false, waitForDeviceTimeout: 120000}
Session ID: CLOUD-SID:2021-01-13_14-41-18-8768409e-8843-419f-90d8-0c98fbebb19a
*** Element info: {Using=xpath, value=//*[@text='Top charts']}
, java.lang.AssertionError: one, companydidnt pop Erorr message
, org.openqa.selenium.NoSuchElementException: no such element (An element could not be located on the page using the given search parameters (ID='phoneTextField'))  (WARNING: The server did not provide any stacktrace information)
Command duration or timeout: 0 milliseconds
For documentation on this error, please visit: https://www.seleniumhq.org/exceptions/no_such_element.html
Build info: version: '3.141.59', revision: 'e82be7d358', time: '2018-11-14T08:17:03'
System info: host: 'YGEVA-LT', ip: '192.168.0.101', os.name: 'Windows 10', os.arch: 'amd64', os.version: '10.0', java.version: '15.0.1'
Driver info: io.appium.java_client.android.AndroidDriver
Capabilities {app: cloud:com.experitest.Experi..., appActivity: .LoginActivity, appBuildVersion: , appPackage: com.experitest.ExperiBank, appReleaseVersion: , appiumVersion: 1.8.0, applicationClearData: false, autoAcceptAlerts: false, autoDismissAlerts: false, autoGrantPermissions: false, autoWebview: false, cloudViewLink: https://qaregion.experitest..., commandTimeouts: 120000, desired: {app: cloud:com.experitest.Experi..., appActivity: .LoginActivity, appPackage: com.experitest.ExperiBank, platformName: Android, udid: 32049b2612d2b1b9}, device.category: PHONE, device.majorVersion: 5, device.manufacture: samsung, device.model: SM-N7505, device.name: samsung SM-N7505, device.os: Android, device.screenSize: 720x1280, device.serialNumber: 32049b2612d2b1b9, device.version: 5.1.1, deviceUDID: 32049b2612d2b1b9, dontGoHomeOnQuit: false, dontStopAppOnReset: false, ehmPrefixUrl: /agent-3540344, ehmUrl: https://qaregion.experitest..., fullReset: false, gridNodePort: 7798, install.only.for.update: false, installOnlyForUpdate: false, instrumentApp: false, javascriptEnabled: true, keystorePath: ~/.android/debug.keystore, locationServicesAuthorized: false, newSessionWaitTimeout: 600, noReset: false, platform: ANDROID, platformName: Android, projectName: , reportDirectory: reports, reportFormat: xml, reportTestId: 7304, reportUrl: https://qacloud.experitest...., reservationDuration: 240, takeScreenshots: true, test.type: Mobile, testName: mobile test 01/13/21 02:43 PM, udid: 32049b2612d2b1b9, useKeystore: false, waitForDeviceTimeout: 120000}
Session ID: CLOUD-SID:2021-01-13_14-43-18-c65b66c4-3f10-4c2f-a208-aa67e7c127a8
*** Element info: {Using=id, value=phoneTextField}
, java.lang.IndexOutOfBoundsException: Index 0 out of bounds for length 0
]
2. Device{name='motorola XT1072', category='PHONE', version='6.0', os='Android'}, passed=2, failed=5
, errorList=[org.openqa.selenium.NoSuchElementException: no such element (An element could not be located on the page using the given search parameters (XPATH='//*[@id='nameTextBox']'))  (WARNING: The server did not provide any stacktrace information)
Command duration or timeout: 0 milliseconds
For documentation on this error, please visit: https://www.seleniumhq.org/exceptions/no_such_element.html
Build info: version: '3.141.59', revision: 'e82be7d358', time: '2018-11-14T08:17:03'
System info: host: 'YGEVA-LT', ip: '192.168.0.101', os.name: 'Windows 10', os.arch: 'amd64', os.version: '10.0', java.version: '15.0.1'
Driver info: io.appium.java_client.android.AndroidDriver
Capabilities {app: cloud:com.example.tapthedot..., appActivity: .MainActivity, appBuildVersion: , appPackage: com.example.tapthedot, appReleaseVersion: , appiumVersion: 1.8.0, applicationClearData: false, autoAcceptAlerts: false, autoDismissAlerts: false, autoGrantPermissions: false, autoWebview: false, cloudViewLink: https://qaregion.experitest..., commandTimeouts: 120000, desired: {app: cloud:com.example.tapthedot..., appActivity: .MainActivity, appPackage: com.example.tapthedot, platformName: Android, udid: ZX1C229MVT}, device.category: PHONE, device.majorVersion: 6, device.manufacture: motorola, device.model: XT1072, device.name: motorola XT1072, device.os: Android, device.screenSize: 720x1280, device.serialNumber: ZX1C229MVT, device.version: 6.0, deviceUDID: ZX1C229MVT, dontGoHomeOnQuit: false, dontStopAppOnReset: false, ehmPrefixUrl: /agent-3540344, ehmUrl: https://qaregion.experitest..., fullReset: false, gridNodePort: 7789, install.only.for.update: false, installOnlyForUpdate: false, instrumentApp: false, javascriptEnabled: true, keystorePath: ~/.android/debug.keystore, locationServicesAuthorized: false, newSessionWaitTimeout: 600, noReset: false, platform: ANDROID, platformName: Android, projectName: , reportDirectory: reports, reportFormat: xml, reportTestId: 7290, reportUrl: https://qacloud.experitest...., reservationDuration: 240, takeScreenshots: true, test.type: Mobile, testName: mobile test 01/13/21 02:38 PM, udid: ZX1C229MVT, useKeystore: false, waitForDeviceTimeout: 120000}
Session ID: CLOUD-SID:2021-01-13_14-38-22-c94855cc-505d-4089-b21c-c92579496686
*** Element info: {Using=xpath, value=//*[@id='nameTextBox']}
, org.openqa.selenium.NoSuchElementException: no such element (An element could not be located on the page using the given search parameters (XPATH='//*[@id='nameTextBox']'))  (WARNING: The server did not provide any stacktrace information)
Command duration or timeout: 0 milliseconds
For documentation on this error, please visit: https://www.seleniumhq.org/exceptions/no_such_element.html
Build info: version: '3.141.59', revision: 'e82be7d358', time: '2018-11-14T08:17:03'
System info: host: 'YGEVA-LT', ip: '192.168.0.101', os.name: 'Windows 10', os.arch: 'amd64', os.version: '10.0', java.version: '15.0.1'
Driver info: io.appium.java_client.android.AndroidDriver
Capabilities {app: cloud:com.example.tapthedot..., appActivity: .MainActivity, appBuildVersion: , appPackage: com.example.tapthedot, appReleaseVersion: , appiumVersion: 1.8.0, applicationClearData: false, autoAcceptAlerts: false, autoDismissAlerts: false, autoGrantPermissions: false, autoWebview: false, cloudViewLink: https://qaregion.experitest..., commandTimeouts: 120000, desired: {app: cloud:com.example.tapthedot..., appActivity: .MainActivity, appPackage: com.example.tapthedot, platformName: Android, udid: ZX1C229MVT}, device.category: PHONE, device.majorVersion: 6, device.manufacture: motorola, device.model: XT1072, device.name: motorola XT1072, device.os: Android, device.screenSize: 720x1280, device.serialNumber: ZX1C229MVT, device.version: 6.0, deviceUDID: ZX1C229MVT, dontGoHomeOnQuit: false, dontStopAppOnReset: false, ehmPrefixUrl: /agent-3540344, ehmUrl: https://qaregion.experitest..., fullReset: false, gridNodePort: 7791, install.only.for.update: false, installOnlyForUpdate: false, instrumentApp: false, javascriptEnabled: true, keystorePath: ~/.android/debug.keystore, locationServicesAuthorized: false, newSessionWaitTimeout: 600, noReset: false, platform: ANDROID, platformName: Android, projectName: , reportDirectory: reports, reportFormat: xml, reportTestId: 7293, reportUrl: https://qacloud.experitest...., reservationDuration: 240, takeScreenshots: true, test.type: Mobile, testName: mobile test 01/13/21 02:39 PM, udid: ZX1C229MVT, useKeystore: false, waitForDeviceTimeout: 120000}
Session ID: CLOUD-SID:2021-01-13_14-39-36-d604e196-765d-4240-b6db-368a881737dc
*** Element info: {Using=xpath, value=//*[@id='nameTextBox']}
, org.openqa.selenium.NoSuchElementException: no such element (An element could not be located on the page using the given search parameters (XPATH='//*[@text='Top charts']'))  (WARNING: The server did not provide any stacktrace information)
Command duration or timeout: 0 milliseconds
For documentation on this error, please visit: https://www.seleniumhq.org/exceptions/no_such_element.html
Build info: version: '3.141.59', revision: 'e82be7d358', time: '2018-11-14T08:17:03'
System info: host: 'YGEVA-LT', ip: '192.168.0.101', os.name: 'Windows 10', os.arch: 'amd64', os.version: '10.0', java.version: '15.0.1'
Driver info: io.appium.java_client.android.AndroidDriver
Capabilities {appActivity: .AssetBrowserActivity, appBuildVersion: , appPackage: com.android.vending, appReleaseVersion: , appiumVersion: 1.8.0, applicationClearData: false, autoAcceptAlerts: false, autoDismissAlerts: false, autoGrantPermissions: false, autoWebview: false, cloudViewLink: https://qaregion.experitest..., commandTimeouts: 120000, desired: {appActivity: .AssetBrowserActivity, appPackage: com.android.vending, platformName: Android, udid: ZX1C229MVT}, device.category: PHONE, device.majorVersion: 6, device.manufacture: motorola, device.model: XT1072, device.name: motorola XT1072, device.os: Android, device.screenSize: 720x1280, device.serialNumber: ZX1C229MVT, device.version: 6.0, deviceUDID: ZX1C229MVT, dontGoHomeOnQuit: false, dontStopAppOnReset: false, ehmPrefixUrl: /agent-3540344, ehmUrl: https://qaregion.experitest..., fullReset: false, gridNodePort: 7793, install.only.for.update: false, installOnlyForUpdate: false, instrumentApp: false, javascriptEnabled: true, keystorePath: ~/.android/debug.keystore, locationServicesAuthorized: false, newSessionWaitTimeout: 600, noReset: false, platform: ANDROID, platformName: Android, projectName: , reportDirectory: reports, reportFormat: xml, reportTestId: 7297, reportUrl: https://qacloud.experitest...., reservationDuration: 240, takeScreenshots: true, test.type: Mobile, testName: mobile test 01/13/21 02:41 PM, udid: ZX1C229MVT, useKeystore: false, waitForDeviceTimeout: 120000}
Session ID: CLOUD-SID:2021-01-13_14-40-51-3dd6d155-789e-4356-a867-9c87e86b747b
*** Element info: {Using=xpath, value=//*[@text='Top charts']}
, org.openqa.selenium.NoSuchElementException: no such element (An element could not be located on the page using the given search parameters (XPATH='//*[@text='Top charts']'))  (WARNING: The server did not provide any stacktrace information)
Command duration or timeout: 0 milliseconds
For documentation on this error, please visit: https://www.seleniumhq.org/exceptions/no_such_element.html
Build info: version: '3.141.59', revision: 'e82be7d358', time: '2018-11-14T08:17:03'
System info: host: 'YGEVA-LT', ip: '192.168.0.101', os.name: 'Windows 10', os.arch: 'amd64', os.version: '10.0', java.version: '15.0.1'
Driver info: io.appium.java_client.android.AndroidDriver
Capabilities {appActivity: .AssetBrowserActivity, appBuildVersion: , appPackage: com.android.vending, appReleaseVersion: , appiumVersion: 1.8.0, applicationClearData: false, autoAcceptAlerts: false, autoDismissAlerts: false, autoGrantPermissions: false, autoWebview: false, cloudViewLink: https://qaregion.experitest..., commandTimeouts: 120000, desired: {appActivity: .AssetBrowserActivity, appPackage: com.android.vending, platformName: Android, udid: ZX1C229MVT}, device.category: PHONE, device.majorVersion: 6, device.manufacture: motorola, device.model: XT1072, device.name: motorola XT1072, device.os: Android, device.screenSize: 720x1280, device.serialNumber: ZX1C229MVT, device.version: 6.0, deviceUDID: ZX1C229MVT, dontGoHomeOnQuit: false, dontStopAppOnReset: false, ehmPrefixUrl: /agent-3540344, ehmUrl: https://qaregion.experitest..., fullReset: false, gridNodePort: 7795, install.only.for.update: false, installOnlyForUpdate: false, instrumentApp: false, javascriptEnabled: true, keystorePath: ~/.android/debug.keystore, locationServicesAuthorized: false, newSessionWaitTimeout: 600, noReset: false, platform: ANDROID, platformName: Android, projectName: , reportDirectory: reports, reportFormat: xml, reportTestId: 7300, reportUrl: https://qacloud.experitest...., reservationDuration: 240, takeScreenshots: true, test.type: Mobile, testName: mobile test 01/13/21 02:42 PM, udid: ZX1C229MVT, useKeystore: false, waitForDeviceTimeout: 120000}
Session ID: CLOUD-SID:2021-01-13_14-41-47-cab61e68-fff4-4da7-992e-d966e44a12fd
*** Element info: {Using=xpath, value=//*[@text='Top charts']}
, java.lang.IndexOutOfBoundsException: Index 0 out of bounds for length 0
]
3. Device{name='B0131', category='PHONE', version='11.2.6', os='iOS'}, passed=5, failed=2
, errorList=[org.openqa.selenium.NoSuchElementException: no such element (An element could not be located on the page using the given search parameters (XPATH=' //*[@text='Tab Bar']'))  (WARNING: The server did not provide any stacktrace information)
Command duration or timeout: 0 milliseconds
For documentation on this error, please visit: https://www.seleniumhq.org/exceptions/no_such_element.html
Build info: version: '3.141.59', revision: 'e82be7d358', time: '2018-11-14T08:17:03'
System info: host: 'YGEVA-LT', ip: '192.168.0.101', os.name: 'Windows 10', os.arch: 'amd64', os.version: '10.0', java.version: '15.0.1'
Driver info: io.appium.java_client.ios.IOSDriver
Capabilities {appBuildVersion: , appReleaseVersion: , appiumVersion: 1.8.0, applicationClearData: false, autoAcceptAlerts: false, autoDismissAlerts: false, autoGrantPermissions: false, autoWebview: false, automationName: XCUITest, bundleId: com.apple.AppStore, cloudViewLink: https://qacloud.experitest...., commandTimeouts: 120000, desired: {bundleId: com.apple.AppStore, fullReset: true, platformName: iOS, udid: b688eec7d140df3f6933c780a32...}, device.category: PHONE, device.majorVersion: 11, device.manufacture: Apple, device.model: iPhone 7+, device.name: B0131, device.os: iOS, device.screenSize: 1242x2208, device.serialNumber: b688eec7d140df3f6933c780a32..., device.version: 11.2.6, deviceUDID: b688eec7d140df3f6933c780a32..., dontGoHomeOnQuit: false, dontStopAppOnReset: false, ehmPrefixUrl: /agent-3419115, ehmUrl: https://qacloud.experitest...., fullReset: true, gridNodePort: 7819, install.only.for.update: false, installOnlyForUpdate: false, instrumentApp: false, javascriptEnabled: true, keystorePath: ~/.android/debug.keystore, locationServicesAuthorized: false, newSessionWaitTimeout: 600, noReset: false, platform: IOS, platformName: iOS, projectName: , reportDirectory: reports, reportFormat: xml, reportTestId: 7288, reportUrl: https://qacloud.experitest...., reservationDuration: 240, takeScreenshots: true, test.type: Mobile, testName: mobile test 01/13/21 02:38 PM, udid: b688eec7d140df3f6933c780a32..., useKeystore: false, waitForDeviceTimeout: 120000}
Session ID: CLOUD-SID:2021-01-13_14-38-22-9db58a19-3e8f-4f78-9da5-7546b4bc7abd
*** Element info: {Using=xpath, value= //*[@text='Tab Bar']}
, org.openqa.selenium.NoSuchElementException: no such element (An element could not be located on the page using the given search parameters (XPATH=' //*[@text='Tab Bar']'))  (WARNING: The server did not provide any stacktrace information)
Command duration or timeout: 0 milliseconds
For documentation on this error, please visit: https://www.seleniumhq.org/exceptions/no_such_element.html
Build info: version: '3.141.59', revision: 'e82be7d358', time: '2018-11-14T08:17:03'
System info: host: 'YGEVA-LT', ip: '192.168.0.101', os.name: 'Windows 10', os.arch: 'amd64', os.version: '10.0', java.version: '15.0.1'
Driver info: io.appium.java_client.ios.IOSDriver
Capabilities {appBuildVersion: , appReleaseVersion: , appiumVersion: 1.8.0, applicationClearData: false, autoAcceptAlerts: false, autoDismissAlerts: false, autoGrantPermissions: false, autoWebview: false, automationName: XCUITest, bundleId: com.apple.AppStore, cloudViewLink: https://qacloud.experitest...., commandTimeouts: 120000, desired: {bundleId: com.apple.AppStore, fullReset: true, platformName: iOS, udid: b688eec7d140df3f6933c780a32...}, device.category: PHONE, device.majorVersion: 11, device.manufacture: Apple, device.model: iPhone 7+, device.name: B0131, device.os: iOS, device.screenSize: 1242x2208, device.serialNumber: b688eec7d140df3f6933c780a32..., device.version: 11.2.6, deviceUDID: b688eec7d140df3f6933c780a32..., dontGoHomeOnQuit: false, dontStopAppOnReset: false, ehmPrefixUrl: /agent-3419115, ehmUrl: https://qacloud.experitest...., fullReset: true, gridNodePort: 7821, install.only.for.update: false, installOnlyForUpdate: false, instrumentApp: false, javascriptEnabled: true, keystorePath: ~/.android/debug.keystore, locationServicesAuthorized: false, newSessionWaitTimeout: 600, noReset: false, platform: IOS, platformName: iOS, projectName: , reportDirectory: reports, reportFormat: xml, reportTestId: 7292, reportUrl: https://qacloud.experitest...., reservationDuration: 240, takeScreenshots: true, test.type: Mobile, testName: mobile test 01/13/21 02:39 PM, udid: b688eec7d140df3f6933c780a32..., useKeystore: false, waitForDeviceTimeout: 120000}
Session ID: CLOUD-SID:2021-01-13_14-39-34-064ada89-fc90-4e3d-bbfb-26bc50efc840
*** Element info: {Using=xpath, value= //*[@text='Tab Bar']}
]
4. Device{name='OPPO A1601', category='PHONE', version='5.1', os='Android'}, passed=0, failed=7
, errorList=[org.openqa.selenium.NoSuchElementException: no such element (An element could not be located on the page using the given search parameters (XPATH='//*[@id='verifyNameTextBox']'))  (WARNING: The server did not provide any stacktrace information)
Command duration or timeout: 0 milliseconds
For documentation on this error, please visit: https://www.seleniumhq.org/exceptions/no_such_element.html
Build info: version: '3.141.59', revision: 'e82be7d358', time: '2018-11-14T08:17:03'
System info: host: 'YGEVA-LT', ip: '192.168.0.101', os.name: 'Windows 10', os.arch: 'amd64', os.version: '10.0', java.version: '15.0.1'
Driver info: io.appium.java_client.android.AndroidDriver
Capabilities {app: cloud:com.example.tapthedot..., appActivity: .MainActivity, appBuildVersion: , appPackage: com.example.tapthedot, appReleaseVersion: , appiumVersion: 1.8.0, applicationClearData: false, autoAcceptAlerts: false, autoDismissAlerts: false, autoGrantPermissions: false, autoWebview: false, cloudViewLink: https://qacloud.experitest...., commandTimeouts: 120000, desired: {app: cloud:com.example.tapthedot..., appActivity: .MainActivity, appPackage: com.example.tapthedot, platformName: Android, udid: 5LFU49SOD6DISC75}, device.category: PHONE, device.majorVersion: 5, device.manufacture: OPPO, device.model: A1601, device.name: OPPO A1601, device.os: Android, device.screenSize: 720x1280, device.serialNumber: 5LFU49SOD6DISC75, device.version: 5.1, deviceUDID: 5LFU49SOD6DISC75, dontGoHomeOnQuit: false, dontStopAppOnReset: false, ehmPrefixUrl: /agent-3419115, ehmUrl: https://qacloud.experitest...., fullReset: false, gridNodePort: 7820, install.only.for.update: false, installOnlyForUpdate: false, instrumentApp: false, javascriptEnabled: true, keystorePath: ~/.android/debug.keystore, locationServicesAuthorized: false, newSessionWaitTimeout: 600, noReset: false, platform: ANDROID, platformName: Android, projectName: , reportDirectory: reports, reportFormat: xml, reportTestId: 7289, reportUrl: https://qacloud.experitest...., reservationDuration: 240, takeScreenshots: true, test.type: Mobile, testName: mobile test 01/13/21 02:38 PM, udid: 5LFU49SOD6DISC75, useKeystore: false, waitForDeviceTimeout: 120000}
Session ID: CLOUD-SID:2021-01-13_14-38-22-15b3272a-c65f-43fb-809a-f2726526e8b3
*** Element info: {Using=xpath, value=//*[@id='verifyNameTextBox']}
, org.openqa.selenium.NoSuchElementException: no such element (An element could not be located on the page using the given search parameters (XPATH='//*[@id='verifyNameTextBox']'))  (WARNING: The server did not provide any stacktrace information)
Command duration or timeout: 0 milliseconds
For documentation on this error, please visit: https://www.seleniumhq.org/exceptions/no_such_element.html
Build info: version: '3.141.59', revision: 'e82be7d358', time: '2018-11-14T08:17:03'
System info: host: 'YGEVA-LT', ip: '192.168.0.101', os.name: 'Windows 10', os.arch: 'amd64', os.version: '10.0', java.version: '15.0.1'
Driver info: io.appium.java_client.android.AndroidDriver
Capabilities {app: cloud:com.example.tapthedot..., appActivity: .MainActivity, appBuildVersion: , appPackage: com.example.tapthedot, appReleaseVersion: , appiumVersion: 1.8.0, applicationClearData: false, autoAcceptAlerts: false, autoDismissAlerts: false, autoGrantPermissions: false, autoWebview: false, cloudViewLink: https://qacloud.experitest...., commandTimeouts: 120000, desired: {app: cloud:com.example.tapthedot..., appActivity: .MainActivity, appPackage: com.example.tapthedot, platformName: Android, udid: 5LFU49SOD6DISC75}, device.category: PHONE, device.majorVersion: 5, device.manufacture: OPPO, device.model: A1601, device.name: OPPO A1601, device.os: Android, device.screenSize: 720x1280, device.serialNumber: 5LFU49SOD6DISC75, device.version: 5.1, deviceUDID: 5LFU49SOD6DISC75, dontGoHomeOnQuit: false, dontStopAppOnReset: false, ehmPrefixUrl: /agent-3419115, ehmUrl: https://qacloud.experitest...., fullReset: false, gridNodePort: 7822, install.only.for.update: false, installOnlyForUpdate: false, instrumentApp: false, javascriptEnabled: true, keystorePath: ~/.android/debug.keystore, locationServicesAuthorized: false, newSessionWaitTimeout: 600, noReset: false, platform: ANDROID, platformName: Android, projectName: , reportDirectory: reports, reportFormat: xml, reportTestId: 7294, reportUrl: https://qacloud.experitest...., reservationDuration: 240, takeScreenshots: true, test.type: Mobile, testName: mobile test 01/13/21 02:39 PM, udid: 5LFU49SOD6DISC75, useKeystore: false, waitForDeviceTimeout: 120000}
Session ID: CLOUD-SID:2021-01-13_14-39-37-71c59fc1-592b-4042-adc5-9216ad2d851d
*** Element info: {Using=xpath, value=//*[@id='verifyNameTextBox']}
, org.openqa.selenium.NoSuchElementException: no such element (An element could not be located on the page using the given search parameters (XPATH='//*[@text='Uninstall']'))  (WARNING: The server did not provide any stacktrace information)
Command duration or timeout: 0 milliseconds
For documentation on this error, please visit: https://www.seleniumhq.org/exceptions/no_such_element.html
Build info: version: '3.141.59', revision: 'e82be7d358', time: '2018-11-14T08:17:03'
System info: host: 'YGEVA-LT', ip: '192.168.0.101', os.name: 'Windows 10', os.arch: 'amd64', os.version: '10.0', java.version: '15.0.1'
Driver info: io.appium.java_client.android.AndroidDriver
Capabilities {appActivity: .AssetBrowserActivity, appBuildVersion: , appPackage: com.android.vending, appReleaseVersion: , appiumVersion: 1.8.0, applicationClearData: false, autoAcceptAlerts: false, autoDismissAlerts: false, autoGrantPermissions: false, autoWebview: false, cloudViewLink: https://qacloud.experitest...., commandTimeouts: 120000, desired: {appActivity: .AssetBrowserActivity, appPackage: com.android.vending, platformName: Android, udid: 5LFU49SOD6DISC75}, device.category: PHONE, device.majorVersion: 5, device.manufacture: OPPO, device.model: A1601, device.name: OPPO A1601, device.os: Android, device.screenSize: 720x1280, device.serialNumber: 5LFU49SOD6DISC75, device.version: 5.1, deviceUDID: 5LFU49SOD6DISC75, dontGoHomeOnQuit: false, dontStopAppOnReset: false, ehmPrefixUrl: /agent-3419115, ehmUrl: https://qacloud.experitest...., fullReset: false, gridNodePort: 7824, install.only.for.update: false, installOnlyForUpdate: false, instrumentApp: false, javascriptEnabled: true, keystorePath: ~/.android/debug.keystore, locationServicesAuthorized: false, newSessionWaitTimeout: 600, noReset: false, platform: ANDROID, platformName: Android, projectName: , reportDirectory: reports, reportFormat: xml, reportTestId: 7298, reportUrl: https://qacloud.experitest...., reservationDuration: 240, takeScreenshots: true, test.type: Mobile, testName: mobile test 01/13/21 02:41 PM, udid: 5LFU49SOD6DISC75, useKeystore: false, waitForDeviceTimeout: 120000}
Session ID: CLOUD-SID:2021-01-13_14-40-51-12aeca36-72f8-4fec-8d3a-390903dcfdab
*** Element info: {Using=xpath, value=//*[@text='Uninstall']}
, org.openqa.selenium.WebDriverException: java.net.ConnectException: Failed to connect to qacloud.experitest.com/192.168.6.19:443
Build info: version: '3.141.59', revision: 'e82be7d358', time: '2018-11-14T08:17:03'
System info: host: 'YGEVA-LT', ip: '192.168.0.101', os.name: 'Windows 10', os.arch: 'amd64', os.version: '10.0', java.version: '15.0.1'
Driver info: driver.version: AndroidDriver
, org.openqa.selenium.SessionNotCreatedException: Unable to create a new remote session. Original error: Failed to connect to qacloud.experitest.com/192.168.6.19:443
Build info: version: '3.141.59', revision: 'e82be7d358', time: '2018-11-14T08:17:03'
System info: host: 'YGEVA-LT', ip: '192.168.0.101', os.name: 'Windows 10', os.arch: 'amd64', os.version: '10.0', java.version: '15.0.1'
Driver info: driver.version: AndroidDriver
, org.openqa.selenium.SessionNotCreatedException: Unable to create a new remote session. Original error: Failed to connect to qacloud.experitest.com/192.168.6.19:443
Build info: version: '3.141.59', revision: 'e82be7d358', time: '2018-11-14T08:17:03'
System info: host: 'YGEVA-LT', ip: '192.168.0.101', os.name: 'Windows 10', os.arch: 'amd64', os.version: '10.0', java.version: '15.0.1'
Driver info: driver.version: AndroidDriver
, org.openqa.selenium.SessionNotCreatedException: Unable to create a new remote session. Original error: Failed to connect to qacloud.experitest.com/192.168.6.19:443
Build info: version: '3.141.59', revision: 'e82be7d358', time: '2018-11-14T08:17:03'
System info: host: 'YGEVA-LT', ip: '192.168.0.101', os.name: 'Windows 10', os.arch: 'amd64', os.version: '10.0', java.version: '15.0.1'
Driver info: driver.version: AndroidDriver
]
